[ 2016-03-15T08:47:11+08:00 ] 127.0.0.1 /App/Shop/index
INFO: [ app_init ] --START--
INFO: Run Behavior\BuildLiteBehavior [ RunTime:0.000000s ]
INFO: [ app_init ] --END-- [ RunTime:0.002000s ]
INFO: [ app_begin ] --START--
INFO: Run Behavior\ReadHtmlCacheBehavior [ RunTime:0.002000s ]
INFO: [ app_begin ] --END-- [ RunTime:0.004000s ]
SQL: SHOW COLUMNS FROM `wfx_set` [ RunTime:0.0050s ]
SQL: SELECT * FROM `wfx_set` LIMIT 1   [ RunTime:0.0010s ]
NOTIC: [8] Undefined index: ppid D:\wamp\www\wfx\Application\App\Controller\BaseController.class.php 第 32 行.
NOTIC: [8] Undefined index: employee D:\wamp\www\wfx\Application\App\Controller\BaseController.class.php 第 33 行.
SQL: SHOW COLUMNS FROM `wfx_vip` [ RunTime:0.0060s ]
SQL: SELECT * FROM `wfx_vip` WHERE `openid` = 'owv5gsyXxBMYOjeM56e5vK33it0Y' LIMIT 1   [ RunTime:0.0010s ]
NOTIC: [8] Undefined index: ppid D:\wamp\www\wfx\Application\App\Controller\BaseController.class.php 第 131 行.

[ 2016-03-15T08:47:13+08:00 ] 127.0.0.1 /App/Shop/index/ppid/1
INFO: [ app_init ] --START--
INFO: Run Behavior\BuildLiteBehavior [ RunTime:0.000000s ]
INFO: [ app_init ] --END-- [ RunTime:0.003001s ]
INFO: [ app_begin ] --START--
INFO: Run Behavior\ReadHtmlCacheBehavior [ RunTime:0.002000s ]
INFO: [ app_begin ] --END-- [ RunTime:0.003000s ]
SQL: SHOW COLUMNS FROM `wfx_set` [ RunTime:0.0050s ]
SQL: SELECT * FROM `wfx_set` LIMIT 1   [ RunTime:0.0020s ]
NOTIC: [8] Undefined index: employee D:\wamp\www\wfx\Application\App\Controller\BaseController.class.php 第 33 行.
SQL: SHOW COLUMNS FROM `wfx_vip` [ RunTime:0.0060s ]
SQL: SELECT * FROM `wfx_vip` WHERE `openid` = 'owv5gsyXxBMYOjeM56e5vK33it0Y' LIMIT 1   [ RunTime:0.0020s ]
SQL: SHOW COLUMNS FROM `wfx_vip_set` [ RunTime:0.0050s ]
SQL: SELECT * FROM `wfx_vip_set` LIMIT 1   [ RunTime:0.0010s ]
SQL: SHOW COLUMNS FROM `wfx_shop_set` [ RunTime:0.0050s ]
SQL: SELECT * FROM `wfx_shop_set` LIMIT 1   [ RunTime:0.0010s ]
SQL: SELECT * FROM `wfx_shop_set` WHERE ( id=1 ) LIMIT 1   [ RunTime:0.0010s ]
SQL: SHOW COLUMNS FROM `wfx_upload_img` [ RunTime:0.0070s ]
SQL: SELECT * FROM `wfx_upload_img` WHERE `id` = 135 LIMIT 1   [ RunTime:0.0010s ]

[ 2016-03-15T08:48:17+08:00 ] 127.0.0.1 /App/Shop/index/ppid/1
INFO: [ app_init ] --START--
INFO: Run Behavior\BuildLiteBehavior [ RunTime:0.001000s ]
INFO: [ app_init ] --END-- [ RunTime:0.002000s ]
INFO: [ app_begin ] --START--
INFO: Run Behavior\ReadHtmlCacheBehavior [ RunTime:0.003000s ]
INFO: [ app_begin ] --END-- [ RunTime:0.004000s ]
SQL: SHOW COLUMNS FROM `wfx_set` [ RunTime:0.0050s ]
SQL: SELECT * FROM `wfx_set` LIMIT 1   [ RunTime:0.0010s ]
NOTIC: [8] Undefined index: employee D:\wamp\www\wfx\Application\App\Controller\BaseController.class.php 第 33 行.
SQL: SHOW COLUMNS FROM `wfx_vip` [ RunTime:0.0070s ]
SQL: SELECT * FROM `wfx_vip` WHERE `openid` = 'owv5gsyXxBMYOjeM56e5vK33it0Y' LIMIT 1   [ RunTime:0.0020s ]
SQL: SHOW COLUMNS FROM `wfx_vip_set` [ RunTime:0.0050s ]
SQL: SELECT * FROM `wfx_vip_set` LIMIT 1   [ RunTime:0.0010s ]
SQL: SHOW COLUMNS FROM `wfx_shop_set` [ RunTime:0.0060s ]
SQL: SELECT * FROM `wfx_shop_set` LIMIT 1   [ RunTime:0.0010s ]
SQL: SELECT * FROM `wfx_shop_set` WHERE ( id=1 ) LIMIT 1   [ RunTime:0.0010s ]
SQL: SHOW COLUMNS FROM `wfx_upload_img` [ RunTime:0.0050s ]
SQL: SELECT * FROM `wfx_upload_img` WHERE `id` = 135 LIMIT 1   [ RunTime:0.0010s ]

[ 2016-03-15T10:41:10+08:00 ] 127.0.0.1 /App/shop/index
INFO: [ app_init ] --START--
INFO: Run Behavior\BuildLiteBehavior [ RunTime:0.001000s ]
INFO: [ app_init ] --END-- [ RunTime:0.002000s ]
INFO: [ app_begin ] --START--
INFO: Run Behavior\ReadHtmlCacheBehavior [ RunTime:0.002000s ]
INFO: [ app_begin ] --END-- [ RunTime:0.004000s ]
SQL: SHOW COLUMNS FROM `wfx_set` [ RunTime:0.0020s ]
SQL: SELECT * FROM `wfx_set` LIMIT 1   [ RunTime:0.0010s ]
NOTIC: [8] Undefined index: ppid D:\wamp\www\wfx\Application\App\Controller\BaseController.class.php 第 32 行.
NOTIC: [8] Undefined index: employee D:\wamp\www\wfx\Application\App\Controller\BaseController.class.php 第 33 行.
SQL: SHOW COLUMNS FROM `wfx_vip` [ RunTime:0.0060s ]
SQL: SELECT * FROM `wfx_vip` WHERE `openid` = 'owv5gsyXxBMYOjeM56e5vK33it0Y' LIMIT 1   [ RunTime:0.0020s ]
NOTIC: [8] Undefined index: ppid D:\wamp\www\wfx\Application\App\Controller\BaseController.class.php 第 131 行.

[ 2016-03-15T10:41:10+08:00 ] 127.0.0.1 /App/Shop/index/ppid/1
INFO: [ app_init ] --START--
INFO: Run Behavior\BuildLiteBehavior [ RunTime:0.000000s ]
INFO: [ app_init ] --END-- [ RunTime:0.002000s ]
INFO: [ app_begin ] --START--
INFO: Run Behavior\ReadHtmlCacheBehavior [ RunTime:0.002000s ]
INFO: [ app_begin ] --END-- [ RunTime:0.003000s ]
SQL: SHOW COLUMNS FROM `wfx_set` [ RunTime:0.0020s ]
SQL: SELECT * FROM `wfx_set` LIMIT 1   [ RunTime:0.0010s ]
NOTIC: [8] Undefined index: employee D:\wamp\www\wfx\Application\App\Controller\BaseController.class.php 第 33 行.
SQL: SHOW COLUMNS FROM `wfx_vip` [ RunTime:0.0030s ]
SQL: SELECT * FROM `wfx_vip` WHERE `openid` = 'owv5gsyXxBMYOjeM56e5vK33it0Y' LIMIT 1   [ RunTime:0.0010s ]
SQL: SHOW COLUMNS FROM `wfx_vip_set` [ RunTime:0.0020s ]
SQL: SELECT * FROM `wfx_vip_set` LIMIT 1   [ RunTime:0.0010s ]
SQL: SHOW COLUMNS FROM `wfx_shop_set` [ RunTime:0.0020s ]
SQL: SELECT * FROM `wfx_shop_set` LIMIT 1   [ RunTime:0.0010s ]
SQL: SELECT * FROM `wfx_shop_set` WHERE ( id=1 ) LIMIT 1   [ RunTime:0.0010s ]
SQL: SHOW COLUMNS FROM `wfx_upload_img` [ RunTime:0.0050s ]
SQL: SELECT * FROM `wfx_upload_img` WHERE `id` = 135 LIMIT 1   [ RunTime:0.0010s ]

[ 2016-03-15T10:41:17+08:00 ] 127.0.0.1 /App/Shop/index/
INFO: [ app_init ] --START--
INFO: Run Behavior\BuildLiteBehavior [ RunTime:0.000000s ]
INFO: [ app_init ] --END-- [ RunTime:0.003000s ]
INFO: [ app_begin ] --START--
INFO: Run Behavior\ReadHtmlCacheBehavior [ RunTime:0.003000s ]
INFO: [ app_begin ] --END-- [ RunTime:0.003000s ]
SQL: SHOW COLUMNS FROM `wfx_set` [ RunTime:0.0030s ]
SQL: SELECT * FROM `wfx_set` LIMIT 1   [ RunTime:0.0010s ]
NOTIC: [8] Undefined index: ppid D:\wamp\www\wfx\Application\App\Controller\BaseController.class.php 第 32 行.
NOTIC: [8] Undefined index: employee D:\wamp\www\wfx\Application\App\Controller\BaseController.class.php 第 33 行.
SQL: SHOW COLUMNS FROM `wfx_vip` [ RunTime:0.0060s ]
SQL: SELECT * FROM `wfx_vip` WHERE `openid` = 'owv5gsyXxBMYOjeM56e5vK33it0Y' LIMIT 1   [ RunTime:0.0010s ]
NOTIC: [8] Undefined index: ppid D:\wamp\www\wfx\Application\App\Controller\BaseController.class.php 第 131 行.

[ 2016-03-15T10:41:17+08:00 ] 127.0.0.1 /App/Shop/index/ppid/1
INFO: [ app_init ] --START--
INFO: Run Behavior\BuildLiteBehavior [ RunTime:0.000000s ]
INFO: [ app_init ] --END-- [ RunTime:0.002000s ]
INFO: [ app_begin ] --START--
INFO: Run Behavior\ReadHtmlCacheBehavior [ RunTime:0.003000s ]
INFO: [ app_begin ] --END-- [ RunTime:0.003000s ]
SQL: SHOW COLUMNS FROM `wfx_set` [ RunTime:0.0020s ]
SQL: SELECT * FROM `wfx_set` LIMIT 1   [ RunTime:0.0010s ]
NOTIC: [8] Undefined index: employee D:\wamp\www\wfx\Application\App\Controller\BaseController.class.php 第 33 行.
SQL: SHOW COLUMNS FROM `wfx_vip` [ RunTime:0.0070s ]
SQL: SELECT * FROM `wfx_vip` WHERE `openid` = 'owv5gsyXxBMYOjeM56e5vK33it0Y' LIMIT 1   [ RunTime:0.0020s ]
SQL: SHOW COLUMNS FROM `wfx_vip_set` [ RunTime:0.0020s ]
SQL: SELECT * FROM `wfx_vip_set` LIMIT 1   [ RunTime:0.0010s ]
SQL: SHOW COLUMNS FROM `wfx_shop_set` [ RunTime:0.0030s ]
SQL: SELECT * FROM `wfx_shop_set` LIMIT 1   [ RunTime:0.0010s ]
SQL: SELECT * FROM `wfx_shop_set` WHERE ( id=1 ) LIMIT 1   [ RunTime:0.0010s ]
SQL: SHOW COLUMNS FROM `wfx_upload_img` [ RunTime:0.0050s ]
SQL: SELECT * FROM `wfx_upload_img` WHERE `id` = 135 LIMIT 1   [ RunTime:0.0010s ]

[ 2016-03-15T11:03:03+08:00 ] 127.0.0.1 /App/Shop/index
INFO: [ app_init ] --START--
INFO: Run Behavior\BuildLiteBehavior [ RunTime:0.000000s ]
INFO: [ app_init ] --END-- [ RunTime:0.003000s ]
INFO: [ app_begin ] --START--
INFO: Run Behavior\ReadHtmlCacheBehavior [ RunTime:0.006000s ]
INFO: [ app_begin ] --END-- [ RunTime:0.006000s ]
SQL: SHOW COLUMNS FROM `wfx_set` [ RunTime:0.0020s ]
SQL: SELECT * FROM `wfx_set` LIMIT 1   [ RunTime:0.0010s ]
NOTIC: [8] Undefined index: ppid D:\wamp\www\wfx\Application\App\Controller\BaseController.class.php 第 32 行.
NOTIC: [8] Undefined index: employee D:\wamp\www\wfx\Application\App\Controller\BaseController.class.php 第 33 行.
SQL: SHOW COLUMNS FROM `wfx_vip` [ RunTime:0.0040s ]
SQL: SELECT * FROM `wfx_vip` WHERE `openid` = 'owv5gsyXxBMYOjeM56e5vK33it0Y' LIMIT 1   [ RunTime:0.0010s ]
NOTIC: [8] Undefined index: ppid D:\wamp\www\wfx\Application\App\Controller\BaseController.class.php 第 131 行.

[ 2016-03-15T11:03:05+08:00 ] 127.0.0.1 /App/Shop/index/ppid/1
INFO: [ app_init ] --START--
INFO: Run Behavior\BuildLiteBehavior [ RunTime:0.000000s ]
INFO: [ app_init ] --END-- [ RunTime:0.003000s ]
INFO: [ app_begin ] --START--
INFO: Run Behavior\ReadHtmlCacheBehavior [ RunTime:0.006000s ]
INFO: [ app_begin ] --END-- [ RunTime:0.006000s ]
SQL: SHOW COLUMNS FROM `wfx_set` [ RunTime:0.0020s ]
SQL: SELECT * FROM `wfx_set` LIMIT 1   [ RunTime:0.0010s ]
NOTIC: [8] Undefined index: employee D:\wamp\www\wfx\Application\App\Controller\BaseController.class.php 第 33 行.
SQL: SHOW COLUMNS FROM `wfx_vip` [ RunTime:0.0060s ]
SQL: SELECT * FROM `wfx_vip` WHERE `openid` = 'owv5gsyXxBMYOjeM56e5vK33it0Y' LIMIT 1   [ RunTime:0.0010s ]
SQL: SHOW COLUMNS FROM `wfx_vip_set` [ RunTime:0.0030s ]
SQL: SELECT * FROM `wfx_vip_set` LIMIT 1   [ RunTime:0.0010s ]
SQL: SHOW COLUMNS FROM `wfx_shop_set` [ RunTime:0.0030s ]
SQL: SELECT * FROM `wfx_shop_set` LIMIT 1   [ RunTime:0.0010s ]
SQL: SELECT * FROM `wfx_shop_set` WHERE ( id=1 ) LIMIT 1   [ RunTime:0.0010s ]
SQL: SHOW COLUMNS FROM `wfx_upload_img` [ RunTime:0.0020s ]
SQL: SELECT * FROM `wfx_upload_img` WHERE `id` = 135 LIMIT 1   [ RunTime:0.0010s ]

[ 2016-03-15T16:24:51+08:00 ] 127.0.0.1 /App/Shop/index
INFO: [ app_init ] --START--
INFO: Run Behavior\BuildLiteBehavior [ RunTime:0.000000s ]
INFO: [ app_init ] --END-- [ RunTime:0.003000s ]
INFO: [ app_begin ] --START--
INFO: Run Behavior\ReadHtmlCacheBehavior [ RunTime:0.003000s ]
INFO: [ app_begin ] --END-- [ RunTime:0.004000s ]
SQL: SHOW COLUMNS FROM `wfx_set` [ RunTime:0.0020s ]
SQL: SELECT * FROM `wfx_set` LIMIT 1   [ RunTime:0.0010s ]
NOTIC: [8] Undefined index: ppid D:\wamp\www\wfx\Application\App\Controller\BaseController.class.php 第 32 行.
NOTIC: [8] Undefined index: employee D:\wamp\www\wfx\Application\App\Controller\BaseController.class.php 第 33 行.
SQL: SHOW COLUMNS FROM `wfx_vip` [ RunTime:0.0030s ]
SQL: SELECT * FROM `wfx_vip` WHERE `openid` = 'owv5gsyXxBMYOjeM56e5vK33it0Y' LIMIT 1   [ RunTime:0.0010s ]
NOTIC: [8] Undefined index: ppid D:\wamp\www\wfx\Application\App\Controller\BaseController.class.php 第 131 行.

[ 2016-03-15T16:24:51+08:00 ] 127.0.0.1 /App/Shop/index/ppid/1
INFO: [ app_init ] --START--
INFO: Run Behavior\BuildLiteBehavior [ RunTime:0.000000s ]
INFO: [ app_init ] --END-- [ RunTime:0.003000s ]
INFO: [ app_begin ] --START--
INFO: Run Behavior\ReadHtmlCacheBehavior [ RunTime:0.002000s ]
INFO: [ app_begin ] --END-- [ RunTime:0.004000s ]
SQL: SHOW COLUMNS FROM `wfx_set` [ RunTime:0.0020s ]
SQL: SELECT * FROM `wfx_set` LIMIT 1   [ RunTime:0.0010s ]
NOTIC: [8] Undefined index: employee D:\wamp\www\wfx\Application\App\Controller\BaseController.class.php 第 33 行.
SQL: SHOW COLUMNS FROM `wfx_vip` [ RunTime:0.0030s ]
SQL: SELECT * FROM `wfx_vip` WHERE `openid` = 'owv5gsyXxBMYOjeM56e5vK33it0Y' LIMIT 1   [ RunTime:0.0020s ]
SQL: SHOW COLUMNS FROM `wfx_vip_set` [ RunTime:0.0020s ]
SQL: SELECT * FROM `wfx_vip_set` LIMIT 1   [ RunTime:0.0010s ]
SQL: SHOW COLUMNS FROM `wfx_shop_set` [ RunTime:0.0020s ]
SQL: SELECT * FROM `wfx_shop_set` LIMIT 1   [ RunTime:0.0010s ]
SQL: SELECT * FROM `wfx_shop_set` WHERE ( id=1 ) LIMIT 1   [ RunTime:0.0010s ]
SQL: SHOW COLUMNS FROM `wfx_upload_img` [ RunTime:0.0020s ]
SQL: SELECT * FROM `wfx_upload_img` WHERE `id` = 135 LIMIT 1   [ RunTime:0.0010s ]

[ 2016-03-15T16:26:11+08:00 ] 127.0.0.1 /App/Shop/search
INFO: [ app_init ] --START--
INFO: Run Behavior\BuildLiteBehavior [ RunTime:0.000000s ]
INFO: [ app_init ] --END-- [ RunTime:0.002000s ]
INFO: [ app_begin ] --START--
INFO: Run Behavior\ReadHtmlCacheBehavior [ RunTime:0.003000s ]
INFO: [ app_begin ] --END-- [ RunTime:0.004000s ]
SQL: SHOW COLUMNS FROM `wfx_set` [ RunTime:0.0020s ]
SQL: SELECT * FROM `wfx_set` LIMIT 1   [ RunTime:0.0000s ]
NOTIC: [8] Undefined index: ppid D:\wamp\www\wfx\Application\App\Controller\BaseController.class.php 第 32 行.
NOTIC: [8] Undefined index: employee D:\wamp\www\wfx\Application\App\Controller\BaseController.class.php 第 33 行.
SQL: SHOW COLUMNS FROM `wfx_vip` [ RunTime:0.0040s ]
SQL: SELECT * FROM `wfx_vip` WHERE `openid` = 'owv5gsyXxBMYOjeM56e5vK33it0Y' LIMIT 1   [ RunTime:0.0020s ]
NOTIC: [8] Undefined index: ppid D:\wamp\www\wfx\Application\App\Controller\BaseController.class.php 第 131 行.
SQL: SHOW COLUMNS FROM `wfx_vip_set` [ RunTime:0.0030s ]
SQL: SELECT * FROM `wfx_vip_set` LIMIT 1   [ RunTime:0.0010s ]
SQL: SHOW COLUMNS FROM `wfx_shop_set` [ RunTime:0.0020s ]
SQL: SELECT * FROM `wfx_shop_set` LIMIT 1   [ RunTime:0.0010s ]
SQL: SELECT * FROM `wfx_shop_set` WHERE ( id=1 ) LIMIT 1   [ RunTime:0.0010s ]
SQL: SHOW COLUMNS FROM `wfx_upload_img` [ RunTime:0.0020s ]
SQL: SELECT * FROM `wfx_upload_img` WHERE `id` = 135 LIMIT 1   [ RunTime:0.0010s ]
SQL: SHOW COLUMNS FROM `wfx_shop_goods` [ RunTime:0.0070s ]
NOTIC: [8] Undefined variable: map D:\wamp\www\wfx\Application\App\Controller\ShopController.class.php 第 173 行.
SQL: SELECT * FROM `wfx_shop_goods`  [ RunTime:0.0020s ]
ERR: 模板不存在:./Tpl/App/Shop_search.html

[ 2016-03-15T16:29:52+08:00 ] 127.0.0.1 /App/Shop/search
INFO: [ app_init ] --START--
INFO: Run Behavior\BuildLiteBehavior [ RunTime:0.000000s ]
INFO: [ app_init ] --END-- [ RunTime:0.002000s ]
INFO: [ app_begin ] --START--
INFO: Run Behavior\ReadHtmlCacheBehavior [ RunTime:0.002000s ]
INFO: [ app_begin ] --END-- [ RunTime:0.004001s ]
SQL: SHOW COLUMNS FROM `wfx_set` [ RunTime:0.0020s ]
SQL: SELECT * FROM `wfx_set` LIMIT 1   [ RunTime:0.0010s ]
NOTIC: [8] Undefined index: ppid D:\wamp\www\wfx\Application\App\Controller\BaseController.class.php 第 32 行.
NOTIC: [8] Undefined index: employee D:\wamp\www\wfx\Application\App\Controller\BaseController.class.php 第 33 行.
SQL: SHOW COLUMNS FROM `wfx_vip` [ RunTime:0.0040s ]
SQL: SELECT * FROM `wfx_vip` WHERE `openid` = 'owv5gsyXxBMYOjeM56e5vK33it0Y' LIMIT 1   [ RunTime:0.0010s ]
NOTIC: [8] Undefined index: ppid D:\wamp\www\wfx\Application\App\Controller\BaseController.class.php 第 131 行.
SQL: SHOW COLUMNS FROM `wfx_vip_set` [ RunTime:0.0030s ]
SQL: SELECT * FROM `wfx_vip_set` LIMIT 1   [ RunTime:0.0010s ]
SQL: SHOW COLUMNS FROM `wfx_shop_set` [ RunTime:0.0030s ]
SQL: SELECT * FROM `wfx_shop_set` LIMIT 1   [ RunTime:0.0010s ]
SQL: SELECT * FROM `wfx_shop_set` WHERE ( id=1 ) LIMIT 1   [ RunTime:0.0010s ]
SQL: SHOW COLUMNS FROM `wfx_upload_img` [ RunTime:0.0050s ]
SQL: SELECT * FROM `wfx_upload_img` WHERE `id` = 135 LIMIT 1   [ RunTime:0.0010s ]
SQL: SHOW COLUMNS FROM `wfx_shop_goods` [ RunTime:0.0060s ]
NOTIC: [8] Undefined variable: map D:\wamp\www\wfx\Application\App\Controller\ShopController.class.php 第 173 行.
SQL: SELECT * FROM `wfx_shop_goods`  [ RunTime:0.0010s ]
INFO: [ view_parse ] --START--
INFO: [ template_filter ] --START--
INFO: Run Behavior\ContentReplaceBehavior [ RunTime:0.000000s ]
INFO: [ template_filter ] --END-- [ RunTime:0.002000s ]
NOTIC: [8] Undefined variable: goodlist D:\wamp\www\wfx\Application\Runtime\Cache\App\fbba50d0965b75332084b4eb7655f0a5.php 第 60 行.
NOTIC: [8] Undefined variable: actname D:\wamp\www\wfx\Application\Runtime\Cache\App\fbba50d0965b75332084b4eb7655f0a5.php 第 81 行.
INFO: Run Behavior\ParseTemplateBehavior [ RunTime:0.074004s ]
INFO: [ view_parse ] --END-- [ RunTime:0.075004s ]
INFO: [ view_filter ] --START--
INFO: Run Behavior\WriteHtmlCacheBehavior [ RunTime:0.002000s ]
INFO: [ view_filter ] --END-- [ RunTime:0.002000s ]
INFO: [ app_end ] --START--
INFO: Run Behavior\ShowPageTraceBehavior [ RunTime:0.003000s ]
INFO: [ app_end ] --END-- [ RunTime:0.003000s ]

[ 2016-03-15T16:30:32+08:00 ] 127.0.0.1 /App/Shop/search
INFO: [ app_init ] --START--
INFO: Run Behavior\BuildLiteBehavior [ RunTime:0.000000s ]
INFO: [ app_init ] --END-- [ RunTime:0.002000s ]
INFO: [ app_begin ] --START--
INFO: Run Behavior\ReadHtmlCacheBehavior [ RunTime:0.003000s ]
INFO: [ app_begin ] --END-- [ RunTime:0.005000s ]
SQL: SHOW COLUMNS FROM `wfx_set` [ RunTime:0.0030s ]
SQL: SELECT * FROM `wfx_set` LIMIT 1   [ RunTime:0.0010s ]
NOTIC: [8] Undefined index: ppid D:\wamp\www\wfx\Application\App\Controller\BaseController.class.php 第 32 行.
NOTIC: [8] Undefined index: employee D:\wamp\www\wfx\Application\App\Controller\BaseController.class.php 第 33 行.
SQL: SHOW COLUMNS FROM `wfx_vip` [ RunTime:0.0070s ]
SQL: SELECT * FROM `wfx_vip` WHERE `openid` = 'owv5gsyXxBMYOjeM56e5vK33it0Y' LIMIT 1   [ RunTime:0.0010s ]
NOTIC: [8] Undefined index: ppid D:\wamp\www\wfx\Application\App\Controller\BaseController.class.php 第 131 行.
SQL: SHOW COLUMNS FROM `wfx_vip_set` [ RunTime:0.0020s ]
SQL: SELECT * FROM `wfx_vip_set` LIMIT 1   [ RunTime:0.0010s ]
SQL: SHOW COLUMNS FROM `wfx_shop_set` [ RunTime:0.0020s ]
SQL: SELECT * FROM `wfx_shop_set` LIMIT 1   [ RunTime:0.0010s ]
SQL: SELECT * FROM `wfx_shop_set` WHERE ( id=1 ) LIMIT 1   [ RunTime:0.0010s ]
SQL: SHOW COLUMNS FROM `wfx_upload_img` [ RunTime:0.0050s ]
SQL: SELECT * FROM `wfx_upload_img` WHERE `id` = 135 LIMIT 1   [ RunTime:0.0010s ]
SQL: SHOW COLUMNS FROM `wfx_shop_goods` [ RunTime:0.0060s ]
NOTIC: [8] Undefined variable: map D:\wamp\www\wfx\Application\App\Controller\ShopController.class.php 第 173 行.
SQL: SELECT * FROM `wfx_shop_goods`  [ RunTime:0.0020s ]
INFO: [ view_parse ] --START--
INFO: [ template_filter ] --START--
INFO: Run Behavior\ContentReplaceBehavior [ RunTime:0.001000s ]
INFO: [ template_filter ] --END-- [ RunTime:0.002000s ]
NOTIC: [8] Undefined variable: goodlist D:\wamp\www\wfx\Application\Runtime\Cache\App\fbba50d0965b75332084b4eb7655f0a5.php 第 60 行.
NOTIC: [8] Undefined variable: actname D:\wamp\www\wfx\Application\Runtime\Cache\App\fbba50d0965b75332084b4eb7655f0a5.php 第 81 行.
INFO: Run Behavior\ParseTemplateBehavior [ RunTime:0.066004s ]
INFO: [ view_parse ] --END-- [ RunTime:0.068004s ]
INFO: [ view_filter ] --START--
INFO: Run Behavior\WriteHtmlCacheBehavior [ RunTime:0.001000s ]
INFO: [ view_filter ] --END-- [ RunTime:0.003000s ]
INFO: [ app_end ] --START--
INFO: Run Behavior\ShowPageTraceBehavior [ RunTime:0.003000s ]
INFO: [ app_end ] --END-- [ RunTime:0.004001s ]

[ 2016-03-15T16:32:17+08:00 ] 127.0.0.1 /App/Shop/search
INFO: [ app_init ] --START--
INFO: Run Behavior\BuildLiteBehavior [ RunTime:0.001000s ]
INFO: [ app_init ] --END-- [ RunTime:0.002000s ]
INFO: [ app_begin ] --START--
INFO: Run Behavior\ReadHtmlCacheBehavior [ RunTime:0.002000s ]
INFO: [ app_begin ] --END-- [ RunTime:0.004000s ]
SQL: SHOW COLUMNS FROM `wfx_set` [ RunTime:0.0020s ]
SQL: SELECT * FROM `wfx_set` LIMIT 1   [ RunTime:0.0010s ]
NOTIC: [8] Undefined index: ppid D:\wamp\www\wfx\Application\App\Controller\BaseController.class.php 第 32 行.
NOTIC: [8] Undefined index: employee D:\wamp\www\wfx\Application\App\Controller\BaseController.class.php 第 33 行.
SQL: SHOW COLUMNS FROM `wfx_vip` [ RunTime:0.0070s ]
SQL: SELECT * FROM `wfx_vip` WHERE `openid` = 'owv5gsyXxBMYOjeM56e5vK33it0Y' LIMIT 1   [ RunTime:0.0020s ]
NOTIC: [8] Undefined index: ppid D:\wamp\www\wfx\Application\App\Controller\BaseController.class.php 第 131 行.
SQL: SHOW COLUMNS FROM `wfx_vip_set` [ RunTime:0.0030s ]
SQL: SELECT * FROM `wfx_vip_set` LIMIT 1   [ RunTime:0.0010s ]
SQL: SHOW COLUMNS FROM `wfx_shop_set` [ RunTime:0.0030s ]
SQL: SELECT * FROM `wfx_shop_set` LIMIT 1   [ RunTime:0.0010s ]
SQL: SELECT * FROM `wfx_shop_set` WHERE ( id=1 ) LIMIT 1   [ RunTime:0.0010s ]
SQL: SHOW COLUMNS FROM `wfx_upload_img` [ RunTime:0.0060s ]
SQL: SELECT * FROM `wfx_upload_img` WHERE `id` = 135 LIMIT 1   [ RunTime:0.0010s ]
SQL: SHOW COLUMNS FROM `wfx_shop_goods` [ RunTime:0.0020s ]
NOTIC: [8] Undefined variable: map D:\wamp\www\wfx\Application\App\Controller\ShopController.class.php 第 173 行.
SQL: SELECT * FROM `wfx_shop_goods`  [ RunTime:0.0020s ]
INFO: [ view_parse ] --START--
INFO: [ template_filter ] --START--
INFO: Run Behavior\ContentReplaceBehavior [ RunTime:0.001000s ]
INFO: [ template_filter ] --END-- [ RunTime:0.002000s ]
NOTIC: [8] Undefined variable: goodlist D:\wamp\www\wfx\Application\Runtime\Cache\App\fbba50d0965b75332084b4eb7655f0a5.php 第 60 行.
NOTIC: [8] Undefined variable: actname D:\wamp\www\wfx\Application\Runtime\Cache\App\fbba50d0965b75332084b4eb7655f0a5.php 第 81 行.
INFO: Run Behavior\ParseTemplateBehavior [ RunTime:0.071004s ]
INFO: [ view_parse ] --END-- [ RunTime:0.071004s ]
INFO: [ view_filter ] --START--
INFO: Run Behavior\WriteHtmlCacheBehavior [ RunTime:0.001000s ]
INFO: [ view_filter ] --END-- [ RunTime:0.002000s ]
INFO: [ app_end ] --START--
INFO: Run Behavior\ShowPageTraceBehavior [ RunTime:0.001000s ]
INFO: [ app_end ] --END-- [ RunTime:0.003000s ]

[ 2016-03-15T16:32:55+08:00 ] 127.0.0.1 /App/Shop/search
INFO: [ app_init ] --START--
INFO: Run Behavior\BuildLiteBehavior [ RunTime:0.001000s ]
INFO: [ app_init ] --END-- [ RunTime:0.003000s ]
INFO: [ app_begin ] --START--
INFO: Run Behavior\ReadHtmlCacheBehavior [ RunTime:0.003001s ]
INFO: [ app_begin ] --END-- [ RunTime:0.004001s ]
SQL: SHOW COLUMNS FROM `wfx_set` [ RunTime:0.0020s ]
SQL: SELECT * FROM `wfx_set` LIMIT 1   [ RunTime:0.0010s ]
NOTIC: [8] Undefined index: ppid D:\wamp\www\wfx\Application\App\Controller\BaseController.class.php 第 32 行.
NOTIC: [8] Undefined index: employee D:\wamp\www\wfx\Application\App\Controller\BaseController.class.php 第 33 行.
SQL: SHOW COLUMNS FROM `wfx_vip` [ RunTime:0.0040s ]
SQL: SELECT * FROM `wfx_vip` WHERE `openid` = 'owv5gsyXxBMYOjeM56e5vK33it0Y' LIMIT 1   [ RunTime:0.0010s ]
NOTIC: [8] Undefined index: ppid D:\wamp\www\wfx\Application\App\Controller\BaseController.class.php 第 131 行.
SQL: SHOW COLUMNS FROM `wfx_vip_set` [ RunTime:0.0020s ]
SQL: SELECT * FROM `wfx_vip_set` LIMIT 1   [ RunTime:0.0010s ]
SQL: SHOW COLUMNS FROM `wfx_shop_set` [ RunTime:0.0030s ]
SQL: SELECT * FROM `wfx_shop_set` LIMIT 1   [ RunTime:0.0020s ]
SQL: SELECT * FROM `wfx_shop_set` WHERE ( id=1 ) LIMIT 1   [ RunTime:0.0010s ]
SQL: SHOW COLUMNS FROM `wfx_upload_img` [ RunTime:0.0010s ]
SQL: SELECT * FROM `wfx_upload_img` WHERE `id` = 135 LIMIT 1   [ RunTime:0.0010s ]
SQL: SHOW COLUMNS FROM `wfx_shop_goods` [ RunTime:0.0020s ]
NOTIC: [8] Undefined variable: map D:\wamp\www\wfx\Application\App\Controller\ShopController.class.php 第 173 行.
SQL: SELECT * FROM `wfx_shop_goods`  [ RunTime:0.0010s ]
INFO: [ view_parse ] --START--
INFO: [ template_filter ] --START--
INFO: Run Behavior\ContentReplaceBehavior [ RunTime:0.000000s ]
INFO: [ template_filter ] --END-- [ RunTime:0.002000s ]
NOTIC: [8] Undefined variable: cache D:\wamp\www\wfx\Application\Runtime\Cache\App\fbba50d0965b75332084b4eb7655f0a5.php 第 60 行.
NOTIC: [8] Undefined variable: actname D:\wamp\www\wfx\Application\Runtime\Cache\App\fbba50d0965b75332084b4eb7655f0a5.php 第 81 行.
INFO: Run Behavior\ParseTemplateBehavior [ RunTime:0.067004s ]
INFO: [ view_parse ] --END-- [ RunTime:0.068004s ]
INFO: [ view_filter ] --START--
INFO: Run Behavior\WriteHtmlCacheBehavior [ RunTime:0.002000s ]
INFO: [ view_filter ] --END-- [ RunTime:0.003001s ]
INFO: [ app_end ] --START--
INFO: Run Behavior\ShowPageTraceBehavior [ RunTime:0.002000s ]
INFO: [ app_end ] --END-- [ RunTime:0.004000s ]

[ 2016-03-15T16:33:11+08:00 ] 127.0.0.1 /App/Shop/search
INFO: [ app_init ] --START--
INFO: Run Behavior\BuildLiteBehavior [ RunTime:0.001000s ]
INFO: [ app_init ] --END-- [ RunTime:0.002000s ]
INFO: [ app_begin ] --START--
INFO: Run Behavior\ReadHtmlCacheBehavior [ RunTime:0.002000s ]
INFO: [ app_begin ] --END-- [ RunTime:0.004000s ]
SQL: SHOW COLUMNS FROM `wfx_set` [ RunTime:0.0020s ]
SQL: SELECT * FROM `wfx_set` LIMIT 1   [ RunTime:0.0010s ]
NOTIC: [8] Undefined index: ppid D:\wamp\www\wfx\Application\App\Controller\BaseController.class.php 第 32 行.
NOTIC: [8] Undefined index: employee D:\wamp\www\wfx\Application\App\Controller\BaseController.class.php 第 33 行.
SQL: SHOW COLUMNS FROM `wfx_vip` [ RunTime:0.0060s ]
SQL: SELECT * FROM `wfx_vip` WHERE `openid` = 'owv5gsyXxBMYOjeM56e5vK33it0Y' LIMIT 1   [ RunTime:0.0020s ]
NOTIC: [8] Undefined index: ppid D:\wamp\www\wfx\Application\App\Controller\BaseController.class.php 第 131 行.
SQL: SHOW COLUMNS FROM `wfx_vip_set` [ RunTime:0.0020s ]
SQL: SELECT * FROM `wfx_vip_set` LIMIT 1   [ RunTime:0.0010s ]
SQL: SHOW COLUMNS FROM `wfx_shop_set` [ RunTime:0.0030s ]
SQL: SELECT * FROM `wfx_shop_set` LIMIT 1   [ RunTime:0.0010s ]
SQL: SELECT * FROM `wfx_shop_set` WHERE ( id=1 ) LIMIT 1   [ RunTime:0.0000s ]
SQL: SHOW COLUMNS FROM `wfx_upload_img` [ RunTime:0.0020s ]
SQL: SELECT * FROM `wfx_upload_img` WHERE `id` = 135 LIMIT 1   [ RunTime:0.0000s ]
SQL: SHOW COLUMNS FROM `wfx_shop_goods` [ RunTime:0.0060s ]
NOTIC: [8] Undefined variable: map D:\wamp\www\wfx\Application\App\Controller\ShopController.class.php 第 173 行.
SQL: SELECT * FROM `wfx_shop_goods`  [ RunTime:0.0010s ]
INFO: [ view_parse ] --START--
INFO: [ template_filter ] --START--
INFO: Run Behavior\ContentReplaceBehavior [ RunTime:0.001000s ]
INFO: [ template_filter ] --END-- [ RunTime:0.002000s ]
NOTIC: [8] Undefined variable: cache D:\wamp\www\wfx\Application\Runtime\Cache\App\fbba50d0965b75332084b4eb7655f0a5.php 第 60 行.
NOTIC: [8] Undefined variable: actname D:\wamp\www\wfx\Application\Runtime\Cache\App\fbba50d0965b75332084b4eb7655f0a5.php 第 81 行.
INFO: Run Behavior\ParseTemplateBehavior [ RunTime:0.068004s ]
INFO: [ view_parse ] --END-- [ RunTime:0.070004s ]
INFO: [ view_filter ] --START--
INFO: Run Behavior\WriteHtmlCacheBehavior [ RunTime:0.002000s ]
INFO: [ view_filter ] --END-- [ RunTime:0.002000s ]
INFO: [ app_end ] --START--
INFO: Run Behavior\ShowPageTraceBehavior [ RunTime:0.002000s ]
INFO: [ app_end ] --END-- [ RunTime:0.004000s ]

[ 2016-03-15T16:34:53+08:00 ] 127.0.0.1 /App/Shop/search
INFO: [ app_init ] --START--
INFO: Run Behavior\BuildLiteBehavior [ RunTime:0.000000s ]
INFO: [ app_init ] --END-- [ RunTime:0.002000s ]
INFO: [ app_begin ] --START--
INFO: Run Behavior\ReadHtmlCacheBehavior [ RunTime:0.003000s ]
INFO: [ app_begin ] --END-- [ RunTime:0.003000s ]
SQL: SHOW COLUMNS FROM `wfx_set` [ RunTime:0.0020s ]
SQL: SELECT * FROM `wfx_set` LIMIT 1   [ RunTime:0.0000s ]
NOTIC: [8] Undefined index: ppid D:\wamp\www\wfx\Application\App\Controller\BaseController.class.php 第 32 行.
NOTIC: [8] Undefined index: employee D:\wamp\www\wfx\Application\App\Controller\BaseController.class.php 第 33 行.
SQL: SHOW COLUMNS FROM `wfx_vip` [ RunTime:0.0040s ]
SQL: SELECT * FROM `wfx_vip` WHERE `openid` = 'owv5gsyXxBMYOjeM56e5vK33it0Y' LIMIT 1   [ RunTime:0.0010s ]
NOTIC: [8] Undefined index: ppid D:\wamp\www\wfx\Application\App\Controller\BaseController.class.php 第 131 行.
SQL: SHOW COLUMNS FROM `wfx_vip_set` [ RunTime:0.0030s ]
SQL: SELECT * FROM `wfx_vip_set` LIMIT 1   [ RunTime:0.0010s ]
SQL: SHOW COLUMNS FROM `wfx_shop_set` [ RunTime:0.0030s ]
SQL: SELECT * FROM `wfx_shop_set` LIMIT 1   [ RunTime:0.0010s ]
SQL: SELECT * FROM `wfx_shop_set` WHERE ( id=1 ) LIMIT 1   [ RunTime:0.0010s ]
SQL: SHOW COLUMNS FROM `wfx_upload_img` [ RunTime:0.0020s ]
SQL: SELECT * FROM `wfx_upload_img` WHERE `id` = 135 LIMIT 1   [ RunTime:0.0010s ]
SQL: SHOW COLUMNS FROM `wfx_shop_goods` [ RunTime:0.0030s ]
NOTIC: [8] Undefined variable: map D:\wamp\www\wfx\Application\App\Controller\ShopController.class.php 第 173 行.
SQL: SELECT * FROM `wfx_shop_goods`  [ RunTime:0.0010s ]
INFO: [ view_parse ] --START--
INFO: [ template_filter ] --START--
INFO: Run Behavior\ContentReplaceBehavior [ RunTime:0.000000s ]
INFO: [ template_filter ] --END-- [ RunTime:0.002000s ]
NOTIC: [8] Undefined variable: cache D:\wamp\www\wfx\Application\Runtime\Cache\App\fbba50d0965b75332084b4eb7655f0a5.php 第 60 行.
NOTIC: [8] Undefined variable: actname D:\wamp\www\wfx\Application\Runtime\Cache\App\fbba50d0965b75332084b4eb7655f0a5.php 第 81 行.
INFO: Run Behavior\ParseTemplateBehavior [ RunTime:0.065004s ]
INFO: [ view_parse ] --END-- [ RunTime:0.066004s ]
INFO: [ view_filter ] --START--
INFO: Run Behavior\WriteHtmlCacheBehavior [ RunTime:0.001000s ]
INFO: [ view_filter ] --END-- [ RunTime:0.003000s ]
INFO: [ app_end ] --START--
INFO: Run Behavior\ShowPageTraceBehavior [ RunTime:0.002001s ]
INFO: [ app_end ] --END-- [ RunTime:0.004001s ]

[ 2016-03-15T16:36:55+08:00 ] 127.0.0.1 /App/Shop/search
INFO: [ app_init ] --START--
INFO: Run Behavior\BuildLiteBehavior [ RunTime:0.000000s ]
INFO: [ app_init ] --END-- [ RunTime:0.002000s ]
INFO: [ app_begin ] --START--
INFO: Run Behavior\ReadHtmlCacheBehavior [ RunTime:0.004000s ]
INFO: [ app_begin ] --END-- [ RunTime:0.004000s ]
SQL: SHOW COLUMNS FROM `wfx_set` [ RunTime:0.0030s ]
SQL: SELECT * FROM `wfx_set` LIMIT 1   [ RunTime:0.0010s ]
NOTIC: [8] Undefined index: ppid D:\wamp\www\wfx\Application\App\Controller\BaseController.class.php 第 32 行.
NOTIC: [8] Undefined index: employee D:\wamp\www\wfx\Application\App\Controller\BaseController.class.php 第 33 行.
SQL: SHOW COLUMNS FROM `wfx_vip` [ RunTime:0.0030s ]
SQL: SELECT * FROM `wfx_vip` WHERE `openid` = 'owv5gsyXxBMYOjeM56e5vK33it0Y' LIMIT 1   [ RunTime:0.0020s ]
NOTIC: [8] Undefined index: ppid D:\wamp\www\wfx\Application\App\Controller\BaseController.class.php 第 131 行.
SQL: SHOW COLUMNS FROM `wfx_vip_set` [ RunTime:0.0020s ]
SQL: SELECT * FROM `wfx_vip_set` LIMIT 1   [ RunTime:0.0010s ]
SQL: SHOW COLUMNS FROM `wfx_shop_set` [ RunTime:0.0020s ]
SQL: SELECT * FROM `wfx_shop_set` LIMIT 1   [ RunTime:0.0010s ]
SQL: SELECT * FROM `wfx_shop_set` WHERE ( id=1 ) LIMIT 1   [ RunTime:0.0010s ]
SQL: SHOW COLUMNS FROM `wfx_upload_img` [ RunTime:0.0020s ]
SQL: SELECT * FROM `wfx_upload_img` WHERE `id` = 135 LIMIT 1   [ RunTime:0.0010s ]
SQL: SHOW COLUMNS FROM `wfx_shop_goods` [ RunTime:0.0030s ]
NOTIC: [8] Undefined variable: map D:\wamp\www\wfx\Application\App\Controller\ShopController.class.php 第 173 行.
SQL: SELECT * FROM `wfx_shop_goods`  [ RunTime:0.0020s ]
INFO: [ view_parse ] --START--
INFO: [ template_filter ] --START--
INFO: Run Behavior\ContentReplaceBehavior [ RunTime:0.001000s ]
INFO: [ template_filter ] --END-- [ RunTime:0.002000s ]
NOTIC: [8] Undefined variable: cache D:\wamp\www\wfx\Application\Runtime\Cache\App\fbba50d0965b75332084b4eb7655f0a5.php 第 60 行.
NOTIC: [8] Undefined variable: actname D:\wamp\www\wfx\Application\Runtime\Cache\App\fbba50d0965b75332084b4eb7655f0a5.php 第 81 行.
INFO: Run Behavior\ParseTemplateBehavior [ RunTime:0.069004s ]
INFO: [ view_parse ] --END-- [ RunTime:0.069004s ]
INFO: [ view_filter ] --START--
INFO: Run Behavior\WriteHtmlCacheBehavior [ RunTime:0.002000s ]
INFO: [ view_filter ] --END-- [ RunTime:0.003001s ]
INFO: [ app_end ] --START--
INFO: Run Behavior\ShowPageTraceBehavior [ RunTime:0.003000s ]
INFO: [ app_end ] --END-- [ RunTime:0.005000s ]

[ 2016-03-15T17:19:42+08:00 ] 127.0.0.1 /App/Shop/test/sid/0/id/10/ppid/1
INFO: [ app_init ] --START--
INFO: Run Behavior\BuildLiteBehavior [ RunTime:0.000000s ]
INFO: [ app_init ] --END-- [ RunTime:0.003000s ]
INFO: [ app_begin ] --START--
INFO: Run Behavior\ReadHtmlCacheBehavior [ RunTime:0.003000s ]
INFO: [ app_begin ] --END-- [ RunTime:0.004000s ]
SQL: SHOW COLUMNS FROM `wfx_set` [ RunTime:0.0030s ]
SQL: SELECT * FROM `wfx_set` LIMIT 1   [ RunTime:0.0010s ]
NOTIC: [8] Undefined index: employee D:\wamp\www\wfx\Application\App\Controller\BaseController.class.php 第 33 行.
SQL: SHOW COLUMNS FROM `wfx_vip` [ RunTime:0.0030s ]
SQL: SELECT * FROM `wfx_vip` WHERE `openid` = 'owv5gsyXxBMYOjeM56e5vK33it0Y' LIMIT 1   [ RunTime:0.0020s ]
SQL: SHOW COLUMNS FROM `wfx_vip_set` [ RunTime:0.0030s ]
SQL: SELECT * FROM `wfx_vip_set` LIMIT 1   [ RunTime:0.0020s ]
SQL: SHOW COLUMNS FROM `wfx_shop_set` [ RunTime:0.0030s ]
SQL: SELECT * FROM `wfx_shop_set` LIMIT 1   [ RunTime:0.0010s ]
SQL: SELECT * FROM `wfx_shop_set` WHERE ( id=1 ) LIMIT 1   [ RunTime:0.0020s ]
SQL: SHOW COLUMNS FROM `wfx_upload_img` [ RunTime:0.0050s ]
SQL: SELECT * FROM `wfx_upload_img` WHERE `id` = 135 LIMIT 1   [ RunTime:0.0020s ]
ERR: 非法操作:test

[ 2016-03-15T17:24:08+08:00 ] 127.0.0.1 /App/Shop/index
INFO: [ app_init ] --START--
INFO: Run Behavior\BuildLiteBehavior [ RunTime:0.000000s ]
INFO: [ app_init ] --END-- [ RunTime:0.002001s ]
INFO: [ app_begin ] --START--
INFO: Run Behavior\ReadHtmlCacheBehavior [ RunTime:0.003000s ]
INFO: [ app_begin ] --END-- [ RunTime:0.005000s ]
SQL: SHOW COLUMNS FROM `wfx_set` [ RunTime:0.0020s ]
SQL: SELECT * FROM `wfx_set` LIMIT 1   [ RunTime:0.0010s ]
NOTIC: [8] Undefined index: ppid D:\wamp\www\wfx\Application\App\Controller\BaseController.class.php 第 32 行.
NOTIC: [8] Undefined index: employee D:\wamp\www\wfx\Application\App\Controller\BaseController.class.php 第 33 行.
SQL: SHOW COLUMNS FROM `wfx_vip` [ RunTime:0.0030s ]
SQL: SELECT * FROM `wfx_vip` WHERE `openid` = 'owv5gsyXxBMYOjeM56e5vK33it0Y' LIMIT 1   [ RunTime:0.0020s ]
NOTIC: [8] Undefined index: ppid D:\wamp\www\wfx\Application\App\Controller\BaseController.class.php 第 131 行.

[ 2016-03-15T17:24:08+08:00 ] 127.0.0.1 /App/Shop/index/ppid/1
INFO: [ app_init ] --START--
INFO: Run Behavior\BuildLiteBehavior [ RunTime:0.000000s ]
INFO: [ app_init ] --END-- [ RunTime:0.003000s ]
INFO: [ app_begin ] --START--
INFO: Run Behavior\ReadHtmlCacheBehavior [ RunTime:0.003000s ]
INFO: [ app_begin ] --END-- [ RunTime:0.004000s ]
SQL: SHOW COLUMNS FROM `wfx_set` [ RunTime:0.0020s ]
SQL: SELECT * FROM `wfx_set` LIMIT 1   [ RunTime:0.0010s ]
NOTIC: [8] Undefined index: employee D:\wamp\www\wfx\Application\App\Controller\BaseController.class.php 第 33 行.
SQL: SHOW COLUMNS FROM `wfx_vip` [ RunTime:0.0030s ]
SQL: SELECT * FROM `wfx_vip` WHERE `openid` = 'owv5gsyXxBMYOjeM56e5vK33it0Y' LIMIT 1   [ RunTime:0.0020s ]
SQL: SHOW COLUMNS FROM `wfx_vip_set` [ RunTime:0.0020s ]
SQL: SELECT * FROM `wfx_vip_set` LIMIT 1   [ RunTime:0.0010s ]
SQL: SHOW COLUMNS FROM `wfx_shop_set` [ RunTime:0.0020s ]
SQL: SELECT * FROM `wfx_shop_set` LIMIT 1   [ RunTime:0.0010s ]
SQL: SELECT * FROM `wfx_shop_set` WHERE ( id=1 ) LIMIT 1   [ RunTime:0.0010s ]
SQL: SHOW COLUMNS FROM `wfx_upload_img` [ RunTime:0.0010s ]
SQL: SELECT * FROM `wfx_upload_img` WHERE `id` = 135 LIMIT 1   [ RunTime:0.0010s ]

[ 2016-03-15T17:24:19+08:00 ] 127.0.0.1 /App/Shop/index/ppid/1
INFO: [ app_init ] --START--
INFO: Run Behavior\BuildLiteBehavior [ RunTime:0.000000s ]
INFO: [ app_init ] --END-- [ RunTime:0.003000s ]
INFO: [ app_begin ] --START--
INFO: Run Behavior\ReadHtmlCacheBehavior [ RunTime:0.003001s ]
INFO: [ app_begin ] --END-- [ RunTime:0.004001s ]
SQL: SHOW COLUMNS FROM `wfx_set` [ RunTime:0.0030s ]
SQL: SELECT * FROM `wfx_set` LIMIT 1   [ RunTime:0.0010s ]
NOTIC: [8] Undefined index: employee D:\wamp\www\wfx\Application\App\Controller\BaseController.class.php 第 33 行.
SQL: SHOW COLUMNS FROM `wfx_vip` [ RunTime:0.0030s ]
SQL: SELECT * FROM `wfx_vip` WHERE `openid` = 'owv5gsyXxBMYOjeM56e5vK33it0Y' LIMIT 1   [ RunTime:0.0010s ]
SQL: SHOW COLUMNS FROM `wfx_vip_set` [ RunTime:0.0030s ]
SQL: SELECT * FROM `wfx_vip_set` LIMIT 1   [ RunTime:0.0010s ]
SQL: SHOW COLUMNS FROM `wfx_shop_set` [ RunTime:0.0020s ]
SQL: SELECT * FROM `wfx_shop_set` LIMIT 1   [ RunTime:0.0010s ]
SQL: SELECT * FROM `wfx_shop_set` WHERE ( id=1 ) LIMIT 1   [ RunTime:0.0010s ]
SQL: SHOW COLUMNS FROM `wfx_upload_img` [ RunTime:0.0020s ]
SQL: SELECT * FROM `wfx_upload_img` WHERE `id` = 135 LIMIT 1   [ RunTime:0.0010s ]

