[ 2016-03-16T11:28:16+08:00 ] 127.0.0.1 /App/Shop/cateList/sid/0
INFO: [ app_init ] --START--
INFO: Run Behavior\BuildLiteBehavior [ RunTime:0.000000s ]
INFO: [ app_init ] --END-- [ RunTime:0.002000s ]
INFO: [ app_begin ] --START--
INFO: Run Behavior\ReadHtmlCacheBehavior [ RunTime:0.002000s ]
INFO: [ app_begin ] --END-- [ RunTime:0.003000s ]
SQL: SHOW COLUMNS FROM `wfx_set` [ RunTime:0.0030s ]
SQL: SELECT * FROM `wfx_set` LIMIT 1   [ RunTime:0.0020s ]
NOTIC: [8] Undefined index: ppid D:\wamp\www\wfx\Application\App\Controller\BaseController.class.php 第 32 行.
NOTIC: [8] Undefined index: employee D:\wamp\www\wfx\Application\App\Controller\BaseController.class.php 第 33 行.
SQL: SHOW COLUMNS FROM `wfx_vip` [ RunTime:0.0070s ]
SQL: SELECT * FROM `wfx_vip` WHERE `openid` = 'owv5gsyXxBMYOjeM56e5vK33it0Y' LIMIT 1   [ RunTime:0.0010s ]
NOTIC: [8] Undefined index: ppid D:\wamp\www\wfx\Application\App\Controller\BaseController.class.php 第 131 行.
SQL: SHOW COLUMNS FROM `wfx_vip_set` [ RunTime:0.0030s ]
SQL: SELECT * FROM `wfx_vip_set` LIMIT 1   [ RunTime:0.0010s ]
SQL: SHOW COLUMNS FROM `wfx_shop_set` [ RunTime:0.0030s ]
SQL: SELECT * FROM `wfx_shop_set` LIMIT 1   [ RunTime:0.0020s ]
SQL: SELECT * FROM `wfx_shop_set` WHERE ( id=1 ) LIMIT 1   [ RunTime:0.0020s ]
SQL: SHOW COLUMNS FROM `wfx_upload_img` [ RunTime:0.0050s ]
SQL: SELECT * FROM `wfx_upload_img` WHERE `id` = 135 LIMIT 1   [ RunTime:0.0010s ]
SQL: SHOW COLUMNS FROM `wfx_shop_cate` [ RunTime:0.0020s ]
SQL: SELECT `id`,`pid` FROM `wfx_shop_cate`  [ RunTime:0.0010s ]
SQL: SELECT `path`,`name`,`icon` FROM `wfx_shop_cate` WHERE `id` IN (20,21,22,24,25,26,27,28,29,30) ORDER BY sorts desc  [ RunTime:0.0010s ]
SQL: SELECT * FROM `wfx_upload_img` WHERE `id` = 174 LIMIT 1   [ RunTime:0.0010s ]
NOTIC: [8] Undefined index: id D:\wamp\www\wfx\Application\App\Controller\ShopController.class.php 第 157 行.
NOTIC: [8] Undefined variable: type D:\wamp\www\wfx\Application\App\Controller\ShopController.class.php 第 157 行.
NOTIC: [8] Undefined index: id D:\wamp\www\wfx\Application\App\Controller\ShopController.class.php 第 159 行.
SQL: SELECT * FROM `wfx_upload_img` WHERE `id` = 173 LIMIT 1   [ RunTime:0.0010s ]
NOTIC: [8] Undefined index: id D:\wamp\www\wfx\Application\App\Controller\ShopController.class.php 第 157 行.
NOTIC: [8] Undefined variable: type D:\wamp\www\wfx\Application\App\Controller\ShopController.class.php 第 157 行.
NOTIC: [8] Undefined index: id D:\wamp\www\wfx\Application\App\Controller\ShopController.class.php 第 159 行.
SQL: SELECT * FROM `wfx_upload_img` WHERE `id` = 171 LIMIT 1   [ RunTime:0.0000s ]
NOTIC: [8] Undefined index: id D:\wamp\www\wfx\Application\App\Controller\ShopController.class.php 第 157 行.
NOTIC: [8] Undefined variable: type D:\wamp\www\wfx\Application\App\Controller\ShopController.class.php 第 157 行.
NOTIC: [8] Undefined index: id D:\wamp\www\wfx\Application\App\Controller\ShopController.class.php 第 159 行.
SQL: SELECT * FROM `wfx_upload_img` WHERE `id` = 172 LIMIT 1   [ RunTime:0.0010s ]
NOTIC: [8] Undefined index: id D:\wamp\www\wfx\Application\App\Controller\ShopController.class.php 第 157 行.
NOTIC: [8] Undefined variable: type D:\wamp\www\wfx\Application\App\Controller\ShopController.class.php 第 157 行.
NOTIC: [8] Undefined index: id D:\wamp\www\wfx\Application\App\Controller\ShopController.class.php 第 159 行.
SQL: SELECT * FROM `wfx_upload_img` WHERE `id` = 166 LIMIT 1   [ RunTime:0.0010s ]
NOTIC: [8] Undefined index: id D:\wamp\www\wfx\Application\App\Controller\ShopController.class.php 第 157 行.
NOTIC: [8] Undefined variable: type D:\wamp\www\wfx\Application\App\Controller\ShopController.class.php 第 157 行.
NOTIC: [8] Undefined index: id D:\wamp\www\wfx\Application\App\Controller\ShopController.class.php 第 159 行.
SQL: SELECT * FROM `wfx_upload_img` WHERE `id` = 166 LIMIT 1   [ RunTime:0.0010s ]
NOTIC: [8] Undefined index: id D:\wamp\www\wfx\Application\App\Controller\ShopController.class.php 第 157 行.
NOTIC: [8] Undefined variable: type D:\wamp\www\wfx\Application\App\Controller\ShopController.class.php 第 157 行.
NOTIC: [8] Undefined index: id D:\wamp\www\wfx\Application\App\Controller\ShopController.class.php 第 159 行.
SQL: SELECT * FROM `wfx_upload_img` WHERE `id` = 166 LIMIT 1   [ RunTime:0.0010s ]
NOTIC: [8] Undefined index: id D:\wamp\www\wfx\Application\App\Controller\ShopController.class.php 第 157 行.
NOTIC: [8] Undefined variable: type D:\wamp\www\wfx\Application\App\Controller\ShopController.class.php 第 157 行.
NOTIC: [8] Undefined index: id D:\wamp\www\wfx\Application\App\Controller\ShopController.class.php 第 159 行.
SQL: SELECT * FROM `wfx_upload_img` WHERE `id` = 167 LIMIT 1   [ RunTime:0.0010s ]
NOTIC: [8] Undefined index: id D:\wamp\www\wfx\Application\App\Controller\ShopController.class.php 第 157 行.
NOTIC: [8] Undefined variable: type D:\wamp\www\wfx\Application\App\Controller\ShopController.class.php 第 157 行.
NOTIC: [8] Undefined index: id D:\wamp\www\wfx\Application\App\Controller\ShopController.class.php 第 159 行.
SQL: SELECT * FROM `wfx_upload_img` WHERE `id` = 168 LIMIT 1   [ RunTime:0.0010s ]
NOTIC: [8] Undefined index: id D:\wamp\www\wfx\Application\App\Controller\ShopController.class.php 第 157 行.
NOTIC: [8] Undefined variable: type D:\wamp\www\wfx\Application\App\Controller\ShopController.class.php 第 157 行.
NOTIC: [8] Undefined index: id D:\wamp\www\wfx\Application\App\Controller\ShopController.class.php 第 159 行.
SQL: SELECT * FROM `wfx_upload_img` WHERE `id` = 148 LIMIT 1   [ RunTime:0.0010s ]
NOTIC: [8] Undefined index: id D:\wamp\www\wfx\Application\App\Controller\ShopController.class.php 第 157 行.
NOTIC: [8] Undefined variable: type D:\wamp\www\wfx\Application\App\Controller\ShopController.class.php 第 157 行.
NOTIC: [8] Undefined index: id D:\wamp\www\wfx\Application\App\Controller\ShopController.class.php 第 159 行.
INFO: [ view_parse ] --START--
INFO: [ template_filter ] --START--
INFO: Run Behavior\ContentReplaceBehavior [ RunTime:0.001000s ]
INFO: [ template_filter ] --END-- [ RunTime:0.002000s ]
INFO: Run Behavior\ParseTemplateBehavior [ RunTime:0.064004s ]
INFO: [ view_parse ] --END-- [ RunTime:0.065004s ]
INFO: [ view_filter ] --START--
INFO: Run Behavior\WriteHtmlCacheBehavior [ RunTime:0.002000s ]
INFO: [ view_filter ] --END-- [ RunTime:0.002000s ]
INFO: [ app_end ] --START--
INFO: Run Behavior\ShowPageTraceBehavior [ RunTime:0.002000s ]
INFO: [ app_end ] --END-- [ RunTime:0.004000s ]

[ 2016-03-16T11:29:36+08:00 ] 127.0.0.1 /App/Shop/goodbycate
INFO: [ app_init ] --START--
INFO: Run Behavior\BuildLiteBehavior [ RunTime:0.000000s ]
INFO: [ app_init ] --END-- [ RunTime:0.002001s ]
INFO: [ app_begin ] --START--
INFO: Run Behavior\ReadHtmlCacheBehavior [ RunTime:0.002000s ]
INFO: [ app_begin ] --END-- [ RunTime:0.004000s ]
SQL: SHOW COLUMNS FROM `wfx_set` [ RunTime:0.0020s ]
SQL: SELECT * FROM `wfx_set` LIMIT 1   [ RunTime:0.0010s ]
NOTIC: [8] Undefined index: ppid D:\wamp\www\wfx\Application\App\Controller\BaseController.class.php 第 32 行.
NOTIC: [8] Undefined index: employee D:\wamp\www\wfx\Application\App\Controller\BaseController.class.php 第 33 行.
SQL: SHOW COLUMNS FROM `wfx_vip` [ RunTime:0.0070s ]
SQL: SELECT * FROM `wfx_vip` WHERE `openid` = 'owv5gsyXxBMYOjeM56e5vK33it0Y' LIMIT 1   [ RunTime:0.0020s ]
NOTIC: [8] Undefined index: ppid D:\wamp\www\wfx\Application\App\Controller\BaseController.class.php 第 131 行.
SQL: SHOW COLUMNS FROM `wfx_vip_set` [ RunTime:0.0030s ]
SQL: SELECT * FROM `wfx_vip_set` LIMIT 1   [ RunTime:0.0010s ]
SQL: SHOW COLUMNS FROM `wfx_shop_set` [ RunTime:0.0030s ]
SQL: SELECT * FROM `wfx_shop_set` LIMIT 1   [ RunTime:0.0010s ]
SQL: SELECT * FROM `wfx_shop_set` WHERE ( id=1 ) LIMIT 1   [ RunTime:0.0010s ]
SQL: SHOW COLUMNS FROM `wfx_upload_img` [ RunTime:0.0050s ]
SQL: SELECT * FROM `wfx_upload_img` WHERE `id` = 135 LIMIT 1   [ RunTime:0.0010s ]
INFO: [ view_parse ] --START--
INFO: [ template_filter ] --START--
INFO: Run Behavior\ContentReplaceBehavior [ RunTime:0.001000s ]
INFO: [ template_filter ] --END-- [ RunTime:0.002000s ]
INFO: Run Behavior\ParseTemplateBehavior [ RunTime:0.037002s ]
INFO: [ view_parse ] --END-- [ RunTime:0.039002s ]
INFO: [ view_filter ] --START--
INFO: Run Behavior\WriteHtmlCacheBehavior [ RunTime:0.002001s ]
INFO: [ view_filter ] --END-- [ RunTime:0.004001s ]
INFO: [ view_parse ] --START--
INFO: [ template_filter ] --START--
INFO: Run Behavior\ContentReplaceBehavior [ RunTime:0.001000s ]
INFO: [ template_filter ] --END-- [ RunTime:-0.022001s ]
INFO: Run Behavior\ParseTemplateBehavior [ RunTime:0.017001s ]
INFO: [ view_parse ] --END-- [ RunTime:-0.005001s ]
INFO: [ view_filter ] --START--
INFO: Run Behavior\WriteHtmlCacheBehavior [ RunTime:0.000000s ]
INFO: [ view_filter ] --END-- [ RunTime:-0.020001s ]

[ 2016-03-16T11:29:46+08:00 ] 127.0.0.1 /App/Shop/goodbycate
INFO: [ app_init ] --START--
INFO: Run Behavior\BuildLiteBehavior [ RunTime:0.000000s ]
INFO: [ app_init ] --END-- [ RunTime:0.003000s ]
INFO: [ app_begin ] --START--
INFO: Run Behavior\ReadHtmlCacheBehavior [ RunTime:0.003000s ]
INFO: [ app_begin ] --END-- [ RunTime:0.004000s ]
SQL: SHOW COLUMNS FROM `wfx_set` [ RunTime:0.0020s ]
SQL: SELECT * FROM `wfx_set` LIMIT 1   [ RunTime:0.0010s ]
NOTIC: [8] Undefined index: ppid D:\wamp\www\wfx\Application\App\Controller\BaseController.class.php 第 32 行.
NOTIC: [8] Undefined index: employee D:\wamp\www\wfx\Application\App\Controller\BaseController.class.php 第 33 行.
SQL: SHOW COLUMNS FROM `wfx_vip` [ RunTime:0.0070s ]
SQL: SELECT * FROM `wfx_vip` WHERE `openid` = 'owv5gsyXxBMYOjeM56e5vK33it0Y' LIMIT 1   [ RunTime:0.0020s ]
NOTIC: [8] Undefined index: ppid D:\wamp\www\wfx\Application\App\Controller\BaseController.class.php 第 131 行.
SQL: SHOW COLUMNS FROM `wfx_vip_set` [ RunTime:0.0030s ]
SQL: SELECT * FROM `wfx_vip_set` LIMIT 1   [ RunTime:0.0010s ]
SQL: SHOW COLUMNS FROM `wfx_shop_set` [ RunTime:0.0020s ]
SQL: SELECT * FROM `wfx_shop_set` LIMIT 1   [ RunTime:0.0010s ]
SQL: SELECT * FROM `wfx_shop_set` WHERE ( id=1 ) LIMIT 1   [ RunTime:0.0000s ]
SQL: SHOW COLUMNS FROM `wfx_upload_img` [ RunTime:0.0050s ]
SQL: SELECT * FROM `wfx_upload_img` WHERE `id` = 135 LIMIT 1   [ RunTime:0.0010s ]
INFO: [ view_parse ] --START--
INFO: [ template_filter ] --START--
INFO: Run Behavior\ContentReplaceBehavior [ RunTime:0.001000s ]
INFO: [ template_filter ] --END-- [ RunTime:0.002000s ]
INFO: Run Behavior\ParseTemplateBehavior [ RunTime:0.036002s ]
INFO: [ view_parse ] --END-- [ RunTime:0.037002s ]
INFO: [ view_filter ] --START--
INFO: Run Behavior\WriteHtmlCacheBehavior [ RunTime:0.002000s ]
INFO: [ view_filter ] --END-- [ RunTime:0.002000s ]
INFO: [ view_parse ] --START--
INFO: Run Behavior\ParseTemplateBehavior [ RunTime:0.003001s ]
INFO: [ view_parse ] --END-- [ RunTime:-0.005000s ]
INFO: [ view_filter ] --START--
INFO: Run Behavior\WriteHtmlCacheBehavior [ RunTime:0.001000s ]
INFO: [ view_filter ] --END-- [ RunTime:-0.006001s ]

[ 2016-03-16T11:30:39+08:00 ] 127.0.0.1 /App/Shop/goodbycate
INFO: [ app_init ] --START--
INFO: Run Behavior\BuildLiteBehavior [ RunTime:0.000000s ]
INFO: [ app_init ] --END-- [ RunTime:0.003001s ]
INFO: [ app_begin ] --START--
INFO: Run Behavior\ReadHtmlCacheBehavior [ RunTime:0.003001s ]
INFO: [ app_begin ] --END-- [ RunTime:0.004001s ]
SQL: SHOW COLUMNS FROM `wfx_set` [ RunTime:0.0020s ]
SQL: SELECT * FROM `wfx_set` LIMIT 1   [ RunTime:0.0010s ]
NOTIC: [8] Undefined index: ppid D:\wamp\www\wfx\Application\App\Controller\BaseController.class.php 第 32 行.
NOTIC: [8] Undefined index: employee D:\wamp\www\wfx\Application\App\Controller\BaseController.class.php 第 33 行.
SQL: SHOW COLUMNS FROM `wfx_vip` [ RunTime:0.0040s ]
SQL: SELECT * FROM `wfx_vip` WHERE `openid` = 'owv5gsyXxBMYOjeM56e5vK33it0Y' LIMIT 1   [ RunTime:0.0010s ]
NOTIC: [8] Undefined index: ppid D:\wamp\www\wfx\Application\App\Controller\BaseController.class.php 第 131 行.
SQL: SHOW COLUMNS FROM `wfx_vip_set` [ RunTime:0.0020s ]
SQL: SELECT * FROM `wfx_vip_set` LIMIT 1   [ RunTime:0.0010s ]
SQL: SHOW COLUMNS FROM `wfx_shop_set` [ RunTime:0.0020s ]
SQL: SELECT * FROM `wfx_shop_set` LIMIT 1   [ RunTime:0.0010s ]
SQL: SELECT * FROM `wfx_shop_set` WHERE ( id=1 ) LIMIT 1   [ RunTime:0.0020s ]
SQL: SHOW COLUMNS FROM `wfx_upload_img` [ RunTime:0.0050s ]
SQL: SELECT * FROM `wfx_upload_img` WHERE `id` = 135 LIMIT 1   [ RunTime:0.0010s ]
INFO: [ view_parse ] --START--
INFO: [ template_filter ] --START--
INFO: Run Behavior\ContentReplaceBehavior [ RunTime:0.001000s ]
INFO: [ template_filter ] --END-- [ RunTime:0.002000s ]
INFO: Run Behavior\ParseTemplateBehavior [ RunTime:0.036002s ]
INFO: [ view_parse ] --END-- [ RunTime:0.038002s ]
INFO: [ view_filter ] --START--
INFO: Run Behavior\WriteHtmlCacheBehavior [ RunTime:0.002000s ]
INFO: [ view_filter ] --END-- [ RunTime:0.003000s ]
INFO: [ view_parse ] --START--
INFO: Run Behavior\ParseTemplateBehavior [ RunTime:0.002000s ]
INFO: [ view_parse ] --END-- [ RunTime:-0.005000s ]
INFO: [ view_filter ] --START--
INFO: Run Behavior\WriteHtmlCacheBehavior [ RunTime:0.000000s ]
INFO: [ view_filter ] --END-- [ RunTime:-0.006001s ]

[ 2016-03-16T11:31:01+08:00 ] 127.0.0.1 /App/Shop/goodbycate
INFO: [ app_init ] --START--
INFO: Run Behavior\BuildLiteBehavior [ RunTime:0.001000s ]
INFO: [ app_init ] --END-- [ RunTime:0.002000s ]
INFO: [ app_begin ] --START--
INFO: Run Behavior\ReadHtmlCacheBehavior [ RunTime:0.003000s ]
INFO: [ app_begin ] --END-- [ RunTime:0.005000s ]
SQL: SHOW COLUMNS FROM `wfx_set` [ RunTime:0.0020s ]
SQL: SELECT * FROM `wfx_set` LIMIT 1   [ RunTime:0.0010s ]
NOTIC: [8] Undefined index: ppid D:\wamp\www\wfx\Application\App\Controller\BaseController.class.php 第 32 行.
NOTIC: [8] Undefined index: employee D:\wamp\www\wfx\Application\App\Controller\BaseController.class.php 第 33 行.
SQL: SHOW COLUMNS FROM `wfx_vip` [ RunTime:0.0070s ]
SQL: SELECT * FROM `wfx_vip` WHERE `openid` = 'owv5gsyXxBMYOjeM56e5vK33it0Y' LIMIT 1   [ RunTime:0.0020s ]
NOTIC: [8] Undefined index: ppid D:\wamp\www\wfx\Application\App\Controller\BaseController.class.php 第 131 行.
SQL: SHOW COLUMNS FROM `wfx_vip_set` [ RunTime:0.0020s ]
SQL: SELECT * FROM `wfx_vip_set` LIMIT 1   [ RunTime:0.0020s ]
SQL: SHOW COLUMNS FROM `wfx_shop_set` [ RunTime:0.0020s ]
SQL: SELECT * FROM `wfx_shop_set` LIMIT 1   [ RunTime:0.0010s ]
SQL: SELECT * FROM `wfx_shop_set` WHERE ( id=1 ) LIMIT 1   [ RunTime:0.0010s ]
SQL: SHOW COLUMNS FROM `wfx_upload_img` [ RunTime:0.0050s ]
SQL: SELECT * FROM `wfx_upload_img` WHERE `id` = 135 LIMIT 1   [ RunTime:0.0010s ]
INFO: [ view_parse ] --START--
INFO: [ template_filter ] --START--
INFO: Run Behavior\ContentReplaceBehavior [ RunTime:0.000000s ]
INFO: [ template_filter ] --END-- [ RunTime:0.002000s ]
INFO: Run Behavior\ParseTemplateBehavior [ RunTime:0.037002s ]
INFO: [ view_parse ] --END-- [ RunTime:0.037002s ]
INFO: [ view_filter ] --START--
INFO: Run Behavior\WriteHtmlCacheBehavior [ RunTime:0.001001s ]
INFO: [ view_filter ] --END-- [ RunTime:0.003001s ]
INFO: [ view_parse ] --START--
INFO: Run Behavior\ParseTemplateBehavior [ RunTime:0.003000s ]
INFO: [ view_parse ] --END-- [ RunTime:-0.005001s ]
INFO: [ view_filter ] --START--
INFO: Run Behavior\WriteHtmlCacheBehavior [ RunTime:0.000000s ]
INFO: [ view_filter ] --END-- [ RunTime:-0.005000s ]

[ 2016-03-16T11:31:42+08:00 ] 127.0.0.1 /App/Shop/cateList/
INFO: [ app_init ] --START--
INFO: Run Behavior\BuildLiteBehavior [ RunTime:0.000000s ]
INFO: [ app_init ] --END-- [ RunTime:0.003000s ]
INFO: [ app_begin ] --START--
INFO: Run Behavior\ReadHtmlCacheBehavior [ RunTime:0.003000s ]
INFO: [ app_begin ] --END-- [ RunTime:0.004000s ]
SQL: SHOW COLUMNS FROM `wfx_set` [ RunTime:0.0020s ]
SQL: SELECT * FROM `wfx_set` LIMIT 1   [ RunTime:0.0010s ]
NOTIC: [8] Undefined index: ppid D:\wamp\www\wfx\Application\App\Controller\BaseController.class.php 第 32 行.
NOTIC: [8] Undefined index: employee D:\wamp\www\wfx\Application\App\Controller\BaseController.class.php 第 33 行.
SQL: SHOW COLUMNS FROM `wfx_vip` [ RunTime:0.0030s ]
SQL: SELECT * FROM `wfx_vip` WHERE `openid` = 'owv5gsyXxBMYOjeM56e5vK33it0Y' LIMIT 1   [ RunTime:0.0010s ]
NOTIC: [8] Undefined index: ppid D:\wamp\www\wfx\Application\App\Controller\BaseController.class.php 第 131 行.
SQL: SHOW COLUMNS FROM `wfx_vip_set` [ RunTime:0.0020s ]
SQL: SELECT * FROM `wfx_vip_set` LIMIT 1   [ RunTime:0.0010s ]
SQL: SHOW COLUMNS FROM `wfx_shop_set` [ RunTime:0.0030s ]
SQL: SELECT * FROM `wfx_shop_set` LIMIT 1   [ RunTime:0.0010s ]
SQL: SELECT * FROM `wfx_shop_set` WHERE ( id=1 ) LIMIT 1   [ RunTime:0.0010s ]
SQL: SHOW COLUMNS FROM `wfx_upload_img` [ RunTime:0.0050s ]
SQL: SELECT * FROM `wfx_upload_img` WHERE `id` = 135 LIMIT 1   [ RunTime:0.0000s ]
SQL: SHOW COLUMNS FROM `wfx_shop_cate` [ RunTime:0.0020s ]
SQL: SELECT `id`,`pid` FROM `wfx_shop_cate`  [ RunTime:0.0010s ]
SQL: SELECT `path`,`name`,`icon` FROM `wfx_shop_cate` WHERE `id` IN (20,21,22,24,25,26,27,28,29,30) ORDER BY sorts desc  [ RunTime:0.0010s ]
SQL: SELECT * FROM `wfx_upload_img` WHERE `id` = 174 LIMIT 1   [ RunTime:0.0010s ]
NOTIC: [8] Undefined index: id D:\wamp\www\wfx\Application\App\Controller\ShopController.class.php 第 157 行.
NOTIC: [8] Undefined variable: type D:\wamp\www\wfx\Application\App\Controller\ShopController.class.php 第 157 行.
NOTIC: [8] Undefined index: id D:\wamp\www\wfx\Application\App\Controller\ShopController.class.php 第 159 行.
SQL: SELECT * FROM `wfx_upload_img` WHERE `id` = 173 LIMIT 1   [ RunTime:0.0010s ]
NOTIC: [8] Undefined index: id D:\wamp\www\wfx\Application\App\Controller\ShopController.class.php 第 157 行.
NOTIC: [8] Undefined variable: type D:\wamp\www\wfx\Application\App\Controller\ShopController.class.php 第 157 行.
NOTIC: [8] Undefined index: id D:\wamp\www\wfx\Application\App\Controller\ShopController.class.php 第 159 行.
SQL: SELECT * FROM `wfx_upload_img` WHERE `id` = 171 LIMIT 1   [ RunTime:0.0010s ]
NOTIC: [8] Undefined index: id D:\wamp\www\wfx\Application\App\Controller\ShopController.class.php 第 157 行.
NOTIC: [8] Undefined variable: type D:\wamp\www\wfx\Application\App\Controller\ShopController.class.php 第 157 行.
NOTIC: [8] Undefined index: id D:\wamp\www\wfx\Application\App\Controller\ShopController.class.php 第 159 行.
SQL: SELECT * FROM `wfx_upload_img` WHERE `id` = 172 LIMIT 1   [ RunTime:0.0000s ]
NOTIC: [8] Undefined index: id D:\wamp\www\wfx\Application\App\Controller\ShopController.class.php 第 157 行.
NOTIC: [8] Undefined variable: type D:\wamp\www\wfx\Application\App\Controller\ShopController.class.php 第 157 行.
NOTIC: [8] Undefined index: id D:\wamp\www\wfx\Application\App\Controller\ShopController.class.php 第 159 行.
SQL: SELECT * FROM `wfx_upload_img` WHERE `id` = 166 LIMIT 1   [ RunTime:0.0010s ]
NOTIC: [8] Undefined index: id D:\wamp\www\wfx\Application\App\Controller\ShopController.class.php 第 157 行.
NOTIC: [8] Undefined variable: type D:\wamp\www\wfx\Application\App\Controller\ShopController.class.php 第 157 行.
NOTIC: [8] Undefined index: id D:\wamp\www\wfx\Application\App\Controller\ShopController.class.php 第 159 行.
SQL: SELECT * FROM `wfx_upload_img` WHERE `id` = 166 LIMIT 1   [ RunTime:0.0010s ]
NOTIC: [8] Undefined index: id D:\wamp\www\wfx\Application\App\Controller\ShopController.class.php 第 157 行.
NOTIC: [8] Undefined variable: type D:\wamp\www\wfx\Application\App\Controller\ShopController.class.php 第 157 行.
NOTIC: [8] Undefined index: id D:\wamp\www\wfx\Application\App\Controller\ShopController.class.php 第 159 行.
SQL: SELECT * FROM `wfx_upload_img` WHERE `id` = 166 LIMIT 1   [ RunTime:0.0010s ]
NOTIC: [8] Undefined index: id D:\wamp\www\wfx\Application\App\Controller\ShopController.class.php 第 157 行.
NOTIC: [8] Undefined variable: type D:\wamp\www\wfx\Application\App\Controller\ShopController.class.php 第 157 行.
NOTIC: [8] Undefined index: id D:\wamp\www\wfx\Application\App\Controller\ShopController.class.php 第 159 行.
SQL: SELECT * FROM `wfx_upload_img` WHERE `id` = 167 LIMIT 1   [ RunTime:0.0010s ]
NOTIC: [8] Undefined index: id D:\wamp\www\wfx\Application\App\Controller\ShopController.class.php 第 157 行.
NOTIC: [8] Undefined variable: type D:\wamp\www\wfx\Application\App\Controller\ShopController.class.php 第 157 行.
NOTIC: [8] Undefined index: id D:\wamp\www\wfx\Application\App\Controller\ShopController.class.php 第 159 行.
SQL: SELECT * FROM `wfx_upload_img` WHERE `id` = 168 LIMIT 1   [ RunTime:0.0010s ]
NOTIC: [8] Undefined index: id D:\wamp\www\wfx\Application\App\Controller\ShopController.class.php 第 157 行.
NOTIC: [8] Undefined variable: type D:\wamp\www\wfx\Application\App\Controller\ShopController.class.php 第 157 行.
NOTIC: [8] Undefined index: id D:\wamp\www\wfx\Application\App\Controller\ShopController.class.php 第 159 行.
SQL: SELECT * FROM `wfx_upload_img` WHERE `id` = 148 LIMIT 1   [ RunTime:0.0010s ]
NOTIC: [8] Undefined index: id D:\wamp\www\wfx\Application\App\Controller\ShopController.class.php 第 157 行.
NOTIC: [8] Undefined variable: type D:\wamp\www\wfx\Application\App\Controller\ShopController.class.php 第 157 行.
NOTIC: [8] Undefined index: id D:\wamp\www\wfx\Application\App\Controller\ShopController.class.php 第 159 行.
INFO: [ view_parse ] --START--
INFO: [ template_filter ] --START--
INFO: Run Behavior\ContentReplaceBehavior [ RunTime:0.001000s ]
INFO: [ template_filter ] --END-- [ RunTime:0.002000s ]
INFO: Run Behavior\ParseTemplateBehavior [ RunTime:0.065004s ]
INFO: [ view_parse ] --END-- [ RunTime:0.066004s ]
INFO: [ view_filter ] --START--
INFO: Run Behavior\WriteHtmlCacheBehavior [ RunTime:0.002000s ]
INFO: [ view_filter ] --END-- [ RunTime:0.002000s ]
INFO: [ app_end ] --START--
INFO: Run Behavior\ShowPageTraceBehavior [ RunTime:0.002000s ]
INFO: [ app_end ] --END-- [ RunTime:0.004000s ]

[ 2016-03-16T15:12:43+08:00 ] 127.0.0.1 /App/Shop/goods/sid/0/id/10
INFO: [ app_init ] --START--
INFO: Run Behavior\BuildLiteBehavior [ RunTime:0.000000s ]
INFO: [ app_init ] --END-- [ RunTime:0.003001s ]
INFO: [ app_begin ] --START--
INFO: Run Behavior\ReadHtmlCacheBehavior [ RunTime:0.003000s ]
INFO: [ app_begin ] --END-- [ RunTime:0.004000s ]
SQL: SHOW COLUMNS FROM `wfx_set` [ RunTime:0.0020s ]
SQL: SELECT * FROM `wfx_set` LIMIT 1   [ RunTime:0.0020s ]
NOTIC: [8] Undefined index: ppid D:\wamp\www\wfx\Application\App\Controller\BaseController.class.php 第 32 行.
NOTIC: [8] Undefined index: employee D:\wamp\www\wfx\Application\App\Controller\BaseController.class.php 第 33 行.
SQL: SHOW COLUMNS FROM `wfx_vip` [ RunTime:0.0040s ]
SQL: SELECT * FROM `wfx_vip` WHERE `openid` = 'owv5gsyXxBMYOjeM56e5vK33it0Y' LIMIT 1   [ RunTime:0.0020s ]
NOTIC: [8] Undefined index: ppid D:\wamp\www\wfx\Application\App\Controller\BaseController.class.php 第 131 行.

[ 2016-03-16T15:12:43+08:00 ] 127.0.0.1 /App/Shop/goods/id/10/ppid/1
INFO: [ app_init ] --START--
INFO: Run Behavior\BuildLiteBehavior [ RunTime:0.000000s ]
INFO: [ app_init ] --END-- [ RunTime:0.002000s ]
INFO: [ app_begin ] --START--
INFO: Run Behavior\ReadHtmlCacheBehavior [ RunTime:0.002000s ]
INFO: [ app_begin ] --END-- [ RunTime:0.004000s ]
SQL: SHOW COLUMNS FROM `wfx_set` [ RunTime:0.0030s ]
SQL: SELECT * FROM `wfx_set` LIMIT 1   [ RunTime:0.0010s ]
NOTIC: [8] Undefined index: employee D:\wamp\www\wfx\Application\App\Controller\BaseController.class.php 第 33 行.
SQL: SHOW COLUMNS FROM `wfx_vip` [ RunTime:0.0040s ]
SQL: SELECT * FROM `wfx_vip` WHERE `openid` = 'owv5gsyXxBMYOjeM56e5vK33it0Y' LIMIT 1   [ RunTime:0.0010s ]
SQL: SHOW COLUMNS FROM `wfx_vip_set` [ RunTime:0.0030s ]
SQL: SELECT * FROM `wfx_vip_set` LIMIT 1   [ RunTime:0.0010s ]
SQL: SHOW COLUMNS FROM `wfx_shop_set` [ RunTime:0.0020s ]
SQL: SELECT * FROM `wfx_shop_set` LIMIT 1   [ RunTime:0.0010s ]
SQL: SELECT * FROM `wfx_shop_set` WHERE ( id=1 ) LIMIT 1   [ RunTime:0.0010s ]
SQL: SHOW COLUMNS FROM `wfx_upload_img` [ RunTime:0.0020s ]
SQL: SELECT * FROM `wfx_upload_img` WHERE `id` = 135 LIMIT 1   [ RunTime:0.0010s ]

[ 2016-03-16T15:28:55+08:00 ] 127.0.0.1 /App/Shop/index
INFO: [ app_init ] --START--
INFO: Run Behavior\BuildLiteBehavior [ RunTime:0.000000s ]
INFO: [ app_init ] --END-- [ RunTime:0.003000s ]
INFO: [ app_begin ] --START--
INFO: Run Behavior\ReadHtmlCacheBehavior [ RunTime:0.002001s ]
INFO: [ app_begin ] --END-- [ RunTime:0.003001s ]
SQL: SHOW COLUMNS FROM `wfx_set` [ RunTime:0.0020s ]
SQL: SELECT * FROM `wfx_set` LIMIT 1   [ RunTime:0.0010s ]
NOTIC: [8] Undefined index: ppid D:\wamp\www\wfx\Application\App\Controller\BaseController.class.php 第 32 行.
NOTIC: [8] Undefined index: employee D:\wamp\www\wfx\Application\App\Controller\BaseController.class.php 第 33 行.
SQL: SHOW COLUMNS FROM `wfx_vip` [ RunTime:0.0040s ]
SQL: SELECT * FROM `wfx_vip` WHERE `openid` = 'owv5gsyXxBMYOjeM56e5vK33it0Y' LIMIT 1   [ RunTime:0.0020s ]
NOTIC: [8] Undefined index: ppid D:\wamp\www\wfx\Application\App\Controller\BaseController.class.php 第 131 行.

[ 2016-03-16T15:28:55+08:00 ] 127.0.0.1 /App/Shop/index/ppid/1
INFO: [ app_init ] --START--
INFO: Run Behavior\BuildLiteBehavior [ RunTime:0.000000s ]
INFO: [ app_init ] --END-- [ RunTime:0.003000s ]
INFO: [ app_begin ] --START--
INFO: Run Behavior\ReadHtmlCacheBehavior [ RunTime:0.002000s ]
INFO: [ app_begin ] --END-- [ RunTime:0.003000s ]
SQL: SHOW COLUMNS FROM `wfx_set` [ RunTime:0.0020s ]
SQL: SELECT * FROM `wfx_set` LIMIT 1   [ RunTime:0.0020s ]
NOTIC: [8] Undefined index: employee D:\wamp\www\wfx\Application\App\Controller\BaseController.class.php 第 33 行.
SQL: SHOW COLUMNS FROM `wfx_vip` [ RunTime:0.0030s ]
SQL: SELECT * FROM `wfx_vip` WHERE `openid` = 'owv5gsyXxBMYOjeM56e5vK33it0Y' LIMIT 1   [ RunTime:0.0020s ]
SQL: SHOW COLUMNS FROM `wfx_vip_set` [ RunTime:0.0030s ]
SQL: SELECT * FROM `wfx_vip_set` LIMIT 1   [ RunTime:0.0010s ]
SQL: SHOW COLUMNS FROM `wfx_shop_set` [ RunTime:0.0020s ]
SQL: SELECT * FROM `wfx_shop_set` LIMIT 1   [ RunTime:0.0010s ]
SQL: SELECT * FROM `wfx_shop_set` WHERE ( id=1 ) LIMIT 1   [ RunTime:0.0010s ]
SQL: SHOW COLUMNS FROM `wfx_upload_img` [ RunTime:0.0020s ]
SQL: SELECT * FROM `wfx_upload_img` WHERE `id` = 135 LIMIT 1   [ RunTime:0.0010s ]

