[ 2016-04-06T18:45:04+08:00 ] 127.0.0.1 /App/Shop/
INFO: [ app_init ] --START--
INFO: Run Behavior\BuildLiteBehavior [ RunTime:0.001000s ]
INFO: [ app_init ] --END-- [ RunTime:0.003000s ]
INFO: [ app_begin ] --START--
INFO: Run Behavior\ReadHtmlCacheBehavior [ RunTime:0.003000s ]
INFO: [ app_begin ] --END-- [ RunTime:0.004000s ]
SQL: SHOW COLUMNS FROM `wfx_set` [ RunTime:0.0070s ]
SQL: SELECT * FROM `wfx_set` LIMIT 1   [ RunTime:0.0020s ]
NOTIC: [8] Undefined index: ppid D:\wamp\www\wfx\Application\App\Controller\BaseController.class.php 第 32 行.
NOTIC: [8] Undefined index: employee D:\wamp\www\wfx\Application\App\Controller\BaseController.class.php 第 33 行.
SQL: SHOW COLUMNS FROM `wfx_vip` [ RunTime:0.0080s ]
SQL: SELECT * FROM `wfx_vip` WHERE `openid` = 'owv5gsyXxBMYOjeM56e5vK33it0Y' LIMIT 1   [ RunTime:0.0020s ]
NOTIC: [2048] Only variables should be passed by reference D:\wamp\www\wfx\Application\App\Controller\BaseController.class.php 第 99 行.
NOTIC: [8] Undefined index: wode D:\wamp\www\wfx\Application\App\Controller\BaseController.class.php 第 100 行.
NOTIC: [8] Undefined index: ppid D:\wamp\www\wfx\Application\App\Controller\BaseController.class.php 第 138 行.

[ 2016-04-06T18:45:06+08:00 ] 127.0.0.1 /App/Shop/index/ppid/1
INFO: [ app_init ] --START--
INFO: Run Behavior\BuildLiteBehavior [ RunTime:0.000000s ]
INFO: [ app_init ] --END-- [ RunTime:0.003000s ]
INFO: [ app_begin ] --START--
INFO: Run Behavior\ReadHtmlCacheBehavior [ RunTime:0.003000s ]
INFO: [ app_begin ] --END-- [ RunTime:0.005000s ]
SQL: SHOW COLUMNS FROM `wfx_set` [ RunTime:0.0070s ]
SQL: SELECT * FROM `wfx_set` LIMIT 1   [ RunTime:0.0020s ]
NOTIC: [8] Undefined index: employee D:\wamp\www\wfx\Application\App\Controller\BaseController.class.php 第 33 行.
SQL: SHOW COLUMNS FROM `wfx_vip` [ RunTime:0.0080s ]
SQL: SELECT * FROM `wfx_vip` WHERE `openid` = 'owv5gsyXxBMYOjeM56e5vK33it0Y' LIMIT 1   [ RunTime:0.0020s ]
NOTIC: [2048] Only variables should be passed by reference D:\wamp\www\wfx\Application\App\Controller\BaseController.class.php 第 99 行.
SQL: SHOW COLUMNS FROM `wfx_vip_set` [ RunTime:0.0100s ]
SQL: SELECT * FROM `wfx_vip_set` LIMIT 1   [ RunTime:0.0010s ]
SQL: SHOW COLUMNS FROM `wfx_shop_set` [ RunTime:0.0080s ]
SQL: SELECT * FROM `wfx_shop_set` LIMIT 1   [ RunTime:0.0010s ]
SQL: SELECT * FROM `wfx_shop_set` WHERE ( id=1 ) LIMIT 1   [ RunTime:0.0010s ]
SQL: SHOW COLUMNS FROM `wfx_upload_img` [ RunTime:0.0080s ]
SQL: SELECT * FROM `wfx_upload_img` WHERE `id` = 135 LIMIT 1   [ RunTime:0.0010s ]
SQL: SHOW COLUMNS FROM `wfx_shop_goods` [ RunTime:0.0080s ]
SQL: SHOW COLUMNS FROM `wfx_shop_groupbuy` [ RunTime:0.0070s ]
SQL: SELECT Shop_groupbuy.id AS id,Shop_groupbuy.ptid AS ptid,Shop_groupbuy.price AS price,Shop_groupbuy.minnumber AS minnumber,Shop_groupbuy.indate AS indate,Shop_groupbuy.zan AS zan,Shop_groupbuy.buynumber AS buynumber,Shop_groupbuy.buygoodsnum AS buygoodsnum,Shop_goods.spu AS spu,Shop_goods.cid AS cid,Shop_goods.lid AS lid,Shop_goods.name AS name,Shop_goods.indexpic AS indexpic,Shop_goods.listpic AS listpic,Shop_goods.pic AS pic,Shop_goods.album AS album,Shop_goods.summary AS summary,Shop_goods.oprice AS oprice,Shop_goods.unit AS unit,Shop_goods.num AS num,Shop_goods.sorts AS sorts,Shop_goods.clicks AS clicks,Shop_goods.sells AS sells,Shop_goods.dissells AS dissells,Shop_goods.fx1rate AS fx1rate,Shop_goods.fx2rate AS fx2rate,Shop_goods.fx3rate AS fx3rate,Shop_goods.issku AS issku,Shop_goods.ismy AS ismy,Shop_goods.issells AS issells,Shop_goods.skuinfo AS skuinfo,Shop_goods.content AS content,Shop_goods.status AS status,Shop_goods.price AS goodsprice FROM wfx_shop_groupbuy Shop_groupbuy  JOIN wfx_shop_goods Shop_goods ON Shop_groupbuy.ptid=Shop_goods.id ORDER BY Shop_goods.sorts desc  [ RunTime:0.0060s ]
SQL: SHOW COLUMNS FROM `wfx_shop_group` [ RunTime:0.0090s ]
SQL: SELECT * FROM `wfx_shop_group` WHERE `status` = 1 LIMIT 1   [ RunTime:0.0010s ]
SQL: SELECT * FROM `wfx_upload_img` WHERE `id` = 194 LIMIT 1   [ RunTime:0.0010s ]
SQL: SELECT * FROM `wfx_upload_img` WHERE `id` = 160 LIMIT 1   [ RunTime:0.0010s ]
SQL: SELECT * FROM `wfx_shop_goods` WHERE `id` IN ('10')  [ RunTime:0.0020s ]
SQL: SELECT * FROM `wfx_upload_img` WHERE `id` = 154 LIMIT 1   [ RunTime:0.0020s ]
SQL: SELECT * FROM `wfx_shop_goods` WHERE `status` = 1 ORDER BY sorts desc  [ RunTime:0.0020s ]
SQL: SELECT * FROM `wfx_upload_img` WHERE `id` = 195 LIMIT 1   [ RunTime:0.0010s ]
SQL: SELECT * FROM `wfx_upload_img` WHERE `id` = 192 LIMIT 1   [ RunTime:0.0010s ]
SQL: SELECT * FROM `wfx_upload_img` WHERE `id` = 169 LIMIT 1   [ RunTime:0.0010s ]
SQL: SELECT * FROM `wfx_upload_img` WHERE `id` = 194 LIMIT 1   [ RunTime:0.0010s ]
SQL: SELECT * FROM `wfx_upload_img` WHERE `id` = 154 LIMIT 1   [ RunTime:0.0010s ]
SQL: SELECT * FROM `wfx_upload_img` WHERE `id` = 157 LIMIT 1   [ RunTime:0.0010s ]
SQL: SELECT * FROM `wfx_upload_img` WHERE `id` = 160 LIMIT 1   [ RunTime:0.0010s ]
SQL: SELECT * FROM `wfx_upload_img` WHERE `id` = 160 LIMIT 1   [ RunTime:0.0010s ]
SQL: SHOW COLUMNS FROM `wfx_shop_cate` [ RunTime:0.0050s ]
SQL: SELECT * FROM `wfx_shop_cate` WHERE `id` IN ('20','28','29','30','22','23','24')  [ RunTime:0.0050s ]
SQL: SELECT * FROM `wfx_upload_img` WHERE `id` = 190 LIMIT 1   [ RunTime:0.0020s ]
SQL: SELECT * FROM `wfx_upload_img` WHERE `id` = 188 LIMIT 1   [ RunTime:0.0020s ]
SQL: SELECT * FROM `wfx_upload_img` WHERE `id` = 186 LIMIT 1   [ RunTime:0.0010s ]
SQL: SELECT * FROM `wfx_upload_img` WHERE `id` = 182 LIMIT 1   [ RunTime:0.0010s ]
SQL: SELECT * FROM `wfx_upload_img` WHERE `id` = 181 LIMIT 1   [ RunTime:0.0010s ]
SQL: SELECT * FROM `wfx_upload_img` WHERE `id` = 180 LIMIT 1   [ RunTime:0.0010s ]
SQL: SHOW COLUMNS FROM `wfx_shop_ads` [ RunTime:0.0080s ]
SQL: SELECT * FROM `wfx_shop_ads` WHERE ( id )  [ RunTime:0.0020s ]
SQL: SELECT * FROM `wfx_upload_img` WHERE `id` = 137 LIMIT 1   [ RunTime:0.0050s ]
SQL: SELECT * FROM `wfx_upload_img` WHERE `id` = 165 LIMIT 1   [ RunTime:0.0020s ]
INFO: [ view_parse ] --START--
INFO: [ template_filter ] --START--
INFO: Run Behavior\ContentReplaceBehavior [ RunTime:0.001000s ]
INFO: [ template_filter ] --END-- [ RunTime:0.002000s ]
NOTIC: [8] Undefined variable: actname D:\wamp\www\wfx\Application\Runtime\Cache\App\b56b8082e02b1b878a28f8cba0cac826.php 第 264 行.
INFO: Run Behavior\ParseTemplateBehavior [ RunTime:0.213012s ]
INFO: [ view_parse ] --END-- [ RunTime:0.213012s ]
INFO: [ view_filter ] --START--
INFO: Run Behavior\WriteHtmlCacheBehavior [ RunTime:0.002000s ]
INFO: [ view_filter ] --END-- [ RunTime:0.003001s ]
INFO: [ app_end ] --START--
INFO: Run Behavior\ShowPageTraceBehavior [ RunTime:0.005000s ]
INFO: [ app_end ] --END-- [ RunTime:0.007000s ]

