[ 2016-03-25T08:46:32+08:00 ] 127.0.0.1 /App/Shop/index
INFO: [ app_init ] --START--
INFO: Run Behavior\BuildLiteBehavior [ RunTime:0.000000s ]
INFO: [ app_init ] --END-- [ RunTime:0.002000s ]
INFO: [ app_begin ] --START--
INFO: Run Behavior\ReadHtmlCacheBehavior [ RunTime:0.002000s ]
INFO: [ app_begin ] --END-- [ RunTime:0.004001s ]
SQL: SHOW COLUMNS FROM `wfx_set` [ RunTime:0.0060s ]
SQL: SELECT * FROM `wfx_set` LIMIT 1   [ RunTime:0.0010s ]
NOTIC: [8] Undefined index: ppid D:\wamp\www\wfx\Application\App\Controller\BaseController.class.php 第 32 行.
NOTIC: [8] Undefined index: employee D:\wamp\www\wfx\Application\App\Controller\BaseController.class.php 第 33 行.
SQL: SHOW COLUMNS FROM `wfx_vip` [ RunTime:0.0070s ]
SQL: SELECT * FROM `wfx_vip` WHERE `openid` = 'owv5gsyXxBMYOjeM56e5vK33it0Y' LIMIT 1   [ RunTime:0.0020s ]
NOTIC: [8] Undefined index: ppid D:\wamp\www\wfx\Application\App\Controller\BaseController.class.php 第 131 行.

[ 2016-03-25T08:46:34+08:00 ] 127.0.0.1 /App/Shop/index/ppid/1
INFO: [ app_init ] --START--
INFO: Run Behavior\BuildLiteBehavior [ RunTime:0.000000s ]
INFO: [ app_init ] --END-- [ RunTime:0.002000s ]
INFO: [ app_begin ] --START--
INFO: Run Behavior\ReadHtmlCacheBehavior [ RunTime:0.002000s ]
INFO: [ app_begin ] --END-- [ RunTime:0.003000s ]
SQL: SHOW COLUMNS FROM `wfx_set` [ RunTime:0.0050s ]
SQL: SELECT * FROM `wfx_set` LIMIT 1   [ RunTime:0.0020s ]
NOTIC: [8] Undefined index: employee D:\wamp\www\wfx\Application\App\Controller\BaseController.class.php 第 33 行.
SQL: SHOW COLUMNS FROM `wfx_vip` [ RunTime:0.0070s ]
SQL: SELECT * FROM `wfx_vip` WHERE `openid` = 'owv5gsyXxBMYOjeM56e5vK33it0Y' LIMIT 1   [ RunTime:0.0020s ]
SQL: SHOW COLUMNS FROM `wfx_vip_set` [ RunTime:0.0080s ]
SQL: SELECT * FROM `wfx_vip_set` LIMIT 1   [ RunTime:0.0010s ]
SQL: SHOW COLUMNS FROM `wfx_shop_set` [ RunTime:0.0060s ]
SQL: SELECT * FROM `wfx_shop_set` LIMIT 1   [ RunTime:0.0020s ]
SQL: SELECT * FROM `wfx_shop_set` WHERE ( id=1 ) LIMIT 1   [ RunTime:0.0020s ]
SQL: SHOW COLUMNS FROM `wfx_upload_img` [ RunTime:0.0070s ]
SQL: SELECT * FROM `wfx_upload_img` WHERE `id` = 135 LIMIT 1   [ RunTime:0.0010s ]
SQL: SHOW COLUMNS FROM `wfx_shop_goods` [ RunTime:0.0060s ]
SQL: SHOW COLUMNS FROM `wfx_shop_groupbuy` [ RunTime:0.0040s ]
SQL: SELECT Shop_groupbuy.id AS id,Shop_groupbuy.ptid AS ptid,Shop_groupbuy.price AS price,Shop_groupbuy.minnumber AS minnumber,Shop_groupbuy.indate AS indate,Shop_groupbuy.zan AS zan,Shop_groupbuy.buynumber AS buynumber,Shop_groupbuy.buygoodsnum AS buygoodsnum,Shop_goods.spu AS spu,Shop_goods.cid AS cid,Shop_goods.lid AS lid,Shop_goods.name AS name,Shop_goods.indexpic AS indexpic,Shop_goods.listpic AS listpic,Shop_goods.pic AS pic,Shop_goods.album AS album,Shop_goods.summary AS summary,Shop_goods.oprice AS oprice,Shop_goods.unit AS unit,Shop_goods.num AS num,Shop_goods.sorts AS sorts,Shop_goods.clicks AS clicks,Shop_goods.sells AS sells,Shop_goods.dissells AS dissells,Shop_goods.fx1rate AS fx1rate,Shop_goods.fx2rate AS fx2rate,Shop_goods.fx3rate AS fx3rate,Shop_goods.issku AS issku,Shop_goods.ismy AS ismy,Shop_goods.issells AS issells,Shop_goods.skuinfo AS skuinfo,Shop_goods.content AS content,Shop_goods.status AS status,Shop_goods.price AS goodsprice FROM wfx_shop_groupbuy Shop_groupbuy  JOIN wfx_shop_goods Shop_goods ON Shop_groupbuy.ptid=Shop_goods.id ORDER BY Shop_goods.sorts desc  [ RunTime:0.0040s ]
SQL: SHOW COLUMNS FROM `wfx_shop_group` [ RunTime:0.0080s ]
SQL: SELECT * FROM `wfx_shop_group` WHERE `status` = 1 LIMIT 1   [ RunTime:0.0010s ]
SQL: SELECT * FROM `wfx_upload_img` WHERE `id` = 194 LIMIT 1   [ RunTime:0.0010s ]
SQL: SELECT * FROM `wfx_upload_img` WHERE `id` = 160 LIMIT 1   [ RunTime:0.0010s ]
SQL: SELECT * FROM `wfx_shop_goods` WHERE `id` IN ('10')  [ RunTime:0.0020s ]
SQL: SELECT * FROM `wfx_upload_img` WHERE `id` = 154 LIMIT 1   [ RunTime:0.0010s ]
SQL: SELECT * FROM `wfx_shop_goods` WHERE `status` = 1 ORDER BY sorts desc  [ RunTime:0.0020s ]
SQL: SELECT * FROM `wfx_upload_img` WHERE `id` = 195 LIMIT 1   [ RunTime:0.0010s ]
SQL: SELECT * FROM `wfx_upload_img` WHERE `id` = 192 LIMIT 1   [ RunTime:0.0010s ]
SQL: SELECT * FROM `wfx_upload_img` WHERE `id` = 169 LIMIT 1   [ RunTime:0.0000s ]
SQL: SELECT * FROM `wfx_upload_img` WHERE `id` = 194 LIMIT 1   [ RunTime:0.0010s ]
SQL: SELECT * FROM `wfx_upload_img` WHERE `id` = 154 LIMIT 1   [ RunTime:0.0010s ]
SQL: SELECT * FROM `wfx_upload_img` WHERE `id` = 157 LIMIT 1   [ RunTime:0.0010s ]
SQL: SELECT * FROM `wfx_upload_img` WHERE `id` = 160 LIMIT 1   [ RunTime:0.0010s ]
SQL: SELECT * FROM `wfx_upload_img` WHERE `id` = 160 LIMIT 1   [ RunTime:0.0010s ]
SQL: SHOW COLUMNS FROM `wfx_shop_cate` [ RunTime:0.0050s ]
SQL: SELECT * FROM `wfx_shop_cate` WHERE `id` IN ('20','28','29','30','22','23','24')  [ RunTime:0.0020s ]
SQL: SELECT * FROM `wfx_upload_img` WHERE `id` = 190 LIMIT 1   [ RunTime:0.0030s ]
SQL: SELECT * FROM `wfx_upload_img` WHERE `id` = 188 LIMIT 1   [ RunTime:0.0000s ]
SQL: SELECT * FROM `wfx_upload_img` WHERE `id` = 186 LIMIT 1   [ RunTime:0.0010s ]
SQL: SELECT * FROM `wfx_upload_img` WHERE `id` = 182 LIMIT 1   [ RunTime:0.0010s ]
SQL: SELECT * FROM `wfx_upload_img` WHERE `id` = 181 LIMIT 1   [ RunTime:0.0010s ]
SQL: SELECT * FROM `wfx_upload_img` WHERE `id` = 180 LIMIT 1   [ RunTime:0.0010s ]
SQL: SHOW COLUMNS FROM `wfx_shop_ads` [ RunTime:0.0060s ]
SQL: SELECT * FROM `wfx_shop_ads` WHERE ( id )  [ RunTime:0.0010s ]
SQL: SELECT * FROM `wfx_upload_img` WHERE `id` = 137 LIMIT 1   [ RunTime:0.0010s ]
SQL: SELECT * FROM `wfx_upload_img` WHERE `id` = 165 LIMIT 1   [ RunTime:0.0010s ]
INFO: [ view_parse ] --START--
INFO: [ template_filter ] --START--
INFO: Run Behavior\ContentReplaceBehavior [ RunTime:0.001000s ]
INFO: [ template_filter ] --END-- [ RunTime:0.003000s ]
NOTIC: [8] Undefined variable: actname D:\wamp\www\wfx\Application\Runtime\Cache\App\b56b8082e02b1b878a28f8cba0cac826.php 第 275 行.
INFO: Run Behavior\ParseTemplateBehavior [ RunTime:0.235013s ]
INFO: [ view_parse ] --END-- [ RunTime:0.236013s ]
INFO: [ view_filter ] --START--
INFO: Run Behavior\WriteHtmlCacheBehavior [ RunTime:0.002000s ]
INFO: [ view_filter ] --END-- [ RunTime:0.002000s ]
INFO: [ app_end ] --START--
INFO: Run Behavior\ShowPageTraceBehavior [ RunTime:0.003000s ]
INFO: [ app_end ] --END-- [ RunTime:0.003000s ]

[ 2016-03-25T08:48:58+08:00 ] 127.0.0.1 /App/Shop/index/ppid/1
INFO: [ app_init ] --START--
INFO: Run Behavior\BuildLiteBehavior [ RunTime:0.000000s ]
INFO: [ app_init ] --END-- [ RunTime:0.002001s ]
INFO: [ app_begin ] --START--
INFO: Run Behavior\ReadHtmlCacheBehavior [ RunTime:0.002000s ]
INFO: [ app_begin ] --END-- [ RunTime:0.004000s ]
SQL: SHOW COLUMNS FROM `wfx_set` [ RunTime:0.0060s ]
SQL: SELECT * FROM `wfx_set` LIMIT 1   [ RunTime:0.0010s ]
NOTIC: [8] Undefined index: employee D:\wamp\www\wfx\Application\App\Controller\BaseController.class.php 第 33 行.
SQL: SHOW COLUMNS FROM `wfx_vip` [ RunTime:0.0060s ]
SQL: SELECT * FROM `wfx_vip` WHERE `openid` = 'owv5gsyXxBMYOjeM56e5vK33it0Y' LIMIT 1   [ RunTime:0.0010s ]
SQL: SHOW COLUMNS FROM `wfx_vip_set` [ RunTime:0.0060s ]
SQL: SELECT * FROM `wfx_vip_set` LIMIT 1   [ RunTime:0.0010s ]
SQL: SHOW COLUMNS FROM `wfx_shop_set` [ RunTime:0.0070s ]
SQL: SELECT * FROM `wfx_shop_set` LIMIT 1   [ RunTime:0.0010s ]
SQL: SELECT * FROM `wfx_shop_set` WHERE ( id=1 ) LIMIT 1   [ RunTime:0.0010s ]
SQL: SHOW COLUMNS FROM `wfx_upload_img` [ RunTime:0.0060s ]
SQL: SELECT * FROM `wfx_upload_img` WHERE `id` = 135 LIMIT 1   [ RunTime:0.0000s ]
SQL: SHOW COLUMNS FROM `wfx_shop_goods` [ RunTime:0.0040s ]
SQL: SHOW COLUMNS FROM `wfx_shop_groupbuy` [ RunTime:0.0020s ]
SQL: SELECT Shop_groupbuy.id AS id,Shop_groupbuy.ptid AS ptid,Shop_groupbuy.price AS price,Shop_groupbuy.minnumber AS minnumber,Shop_groupbuy.indate AS indate,Shop_groupbuy.zan AS zan,Shop_groupbuy.buynumber AS buynumber,Shop_groupbuy.buygoodsnum AS buygoodsnum,Shop_goods.spu AS spu,Shop_goods.cid AS cid,Shop_goods.lid AS lid,Shop_goods.name AS name,Shop_goods.indexpic AS indexpic,Shop_goods.listpic AS listpic,Shop_goods.pic AS pic,Shop_goods.album AS album,Shop_goods.summary AS summary,Shop_goods.oprice AS oprice,Shop_goods.unit AS unit,Shop_goods.num AS num,Shop_goods.sorts AS sorts,Shop_goods.clicks AS clicks,Shop_goods.sells AS sells,Shop_goods.dissells AS dissells,Shop_goods.fx1rate AS fx1rate,Shop_goods.fx2rate AS fx2rate,Shop_goods.fx3rate AS fx3rate,Shop_goods.issku AS issku,Shop_goods.ismy AS ismy,Shop_goods.issells AS issells,Shop_goods.skuinfo AS skuinfo,Shop_goods.content AS content,Shop_goods.status AS status,Shop_goods.price AS goodsprice FROM wfx_shop_groupbuy Shop_groupbuy  JOIN wfx_shop_goods Shop_goods ON Shop_groupbuy.ptid=Shop_goods.id ORDER BY Shop_goods.sorts desc  [ RunTime:0.0030s ]
SQL: SHOW COLUMNS FROM `wfx_shop_group` [ RunTime:0.0060s ]
SQL: SELECT * FROM `wfx_shop_group` WHERE `status` = 1 LIMIT 1   [ RunTime:0.0010s ]
SQL: SELECT * FROM `wfx_upload_img` WHERE `id` = 194 LIMIT 1   [ RunTime:0.0000s ]
SQL: SELECT * FROM `wfx_upload_img` WHERE `id` = 160 LIMIT 1   [ RunTime:0.0000s ]
SQL: SELECT * FROM `wfx_shop_goods` WHERE `id` IN ('10')  [ RunTime:0.0010s ]
SQL: SELECT * FROM `wfx_upload_img` WHERE `id` = 154 LIMIT 1   [ RunTime:0.0010s ]
SQL: SELECT * FROM `wfx_shop_goods` WHERE `status` = 1 ORDER BY sorts desc  [ RunTime:0.0020s ]
SQL: SELECT * FROM `wfx_upload_img` WHERE `id` = 195 LIMIT 1   [ RunTime:0.0010s ]
SQL: SELECT * FROM `wfx_upload_img` WHERE `id` = 192 LIMIT 1   [ RunTime:0.0000s ]
SQL: SELECT * FROM `wfx_upload_img` WHERE `id` = 169 LIMIT 1   [ RunTime:0.0010s ]
SQL: SELECT * FROM `wfx_upload_img` WHERE `id` = 194 LIMIT 1   [ RunTime:0.0010s ]
SQL: SELECT * FROM `wfx_upload_img` WHERE `id` = 154 LIMIT 1   [ RunTime:0.0010s ]
SQL: SELECT * FROM `wfx_upload_img` WHERE `id` = 157 LIMIT 1   [ RunTime:0.0010s ]
SQL: SELECT * FROM `wfx_upload_img` WHERE `id` = 160 LIMIT 1   [ RunTime:0.0010s ]
SQL: SELECT * FROM `wfx_upload_img` WHERE `id` = 160 LIMIT 1   [ RunTime:0.0010s ]
SQL: SHOW COLUMNS FROM `wfx_shop_cate` [ RunTime:0.0020s ]
SQL: SELECT * FROM `wfx_shop_cate` WHERE `id` IN ('20','28','29','30','22','23','24')  [ RunTime:0.0010s ]
SQL: SELECT * FROM `wfx_upload_img` WHERE `id` = 190 LIMIT 1   [ RunTime:0.0000s ]
SQL: SELECT * FROM `wfx_upload_img` WHERE `id` = 188 LIMIT 1   [ RunTime:0.0010s ]
SQL: SELECT * FROM `wfx_upload_img` WHERE `id` = 186 LIMIT 1   [ RunTime:0.0010s ]
SQL: SELECT * FROM `wfx_upload_img` WHERE `id` = 182 LIMIT 1   [ RunTime:0.0010s ]
SQL: SELECT * FROM `wfx_upload_img` WHERE `id` = 181 LIMIT 1   [ RunTime:0.0000s ]
SQL: SELECT * FROM `wfx_upload_img` WHERE `id` = 180 LIMIT 1   [ RunTime:0.0010s ]
SQL: SHOW COLUMNS FROM `wfx_shop_ads` [ RunTime:0.0050s ]
SQL: SELECT * FROM `wfx_shop_ads` WHERE ( id )  [ RunTime:0.0010s ]
SQL: SELECT * FROM `wfx_upload_img` WHERE `id` = 137 LIMIT 1   [ RunTime:0.0010s ]
SQL: SELECT * FROM `wfx_upload_img` WHERE `id` = 165 LIMIT 1   [ RunTime:0.0010s ]
INFO: [ view_parse ] --START--
INFO: [ template_filter ] --START--
INFO: Run Behavior\ContentReplaceBehavior [ RunTime:0.002000s ]
INFO: [ template_filter ] --END-- [ RunTime:0.002000s ]
NOTIC: [8] Undefined variable: actname D:\wamp\www\wfx\Application\Runtime\Cache\App\b56b8082e02b1b878a28f8cba0cac826.php 第 275 行.
INFO: Run Behavior\ParseTemplateBehavior [ RunTime:0.240013s ]
INFO: [ view_parse ] --END-- [ RunTime:0.242013s ]
INFO: [ view_filter ] --START--
INFO: Run Behavior\WriteHtmlCacheBehavior [ RunTime:0.002001s ]
INFO: [ view_filter ] --END-- [ RunTime:0.002001s ]
INFO: [ app_end ] --START--
INFO: Run Behavior\ShowPageTraceBehavior [ RunTime:0.003000s ]
INFO: [ app_end ] --END-- [ RunTime:0.004000s ]

[ 2016-03-25T08:49:13+08:00 ] 127.0.0.1 /App/Vip/index
INFO: [ app_init ] --START--
INFO: Run Behavior\BuildLiteBehavior [ RunTime:0.000000s ]
INFO: [ app_init ] --END-- [ RunTime:0.003000s ]
INFO: [ app_begin ] --START--
INFO: Run Behavior\ReadHtmlCacheBehavior [ RunTime:0.003000s ]
INFO: [ app_begin ] --END-- [ RunTime:0.004000s ]
SQL: SHOW COLUMNS FROM `wfx_set` [ RunTime:0.0060s ]
SQL: SELECT * FROM `wfx_set` LIMIT 1   [ RunTime:0.0010s ]
NOTIC: [8] Undefined index: ppid D:\wamp\www\wfx\Application\App\Controller\BaseController.class.php 第 32 行.
NOTIC: [8] Undefined index: employee D:\wamp\www\wfx\Application\App\Controller\BaseController.class.php 第 33 行.
SQL: SHOW COLUMNS FROM `wfx_vip` [ RunTime:0.0070s ]
SQL: SELECT * FROM `wfx_vip` WHERE `openid` = 'owv5gsyXxBMYOjeM56e5vK33it0Y' LIMIT 1   [ RunTime:0.0020s ]
SQL: SHOW COLUMNS FROM `wfx_vip_set` [ RunTime:0.0060s ]
SQL: SELECT * FROM `wfx_vip_set` LIMIT 1   [ RunTime:0.0010s ]
SQL: SHOW COLUMNS FROM `wfx_shop_set` [ RunTime:0.0060s ]
SQL: SELECT * FROM `wfx_shop_set` LIMIT 1   [ RunTime:0.0010s ]
SQL: SHOW COLUMNS FROM `wfx_vip_level` [ RunTime:0.0070s ]
SQL: SELECT `name` FROM `wfx_vip_level` WHERE ( id=1 ) LIMIT 1   [ RunTime:0.0010s ]
SQL: SHOW COLUMNS FROM `wfx_vip_monthexp` [ RunTime:0.0070s ]
SQL: SELECT * FROM `wfx_vip_monthexp` WHERE `month` = '2016-2' AND `vipid` = 1 LIMIT 1   [ RunTime:0.0010s ]
SQL: SHOW COLUMNS FROM `wfx_vip_message` [ RunTime:0.0040s ]
SQL: SELECT * FROM `wfx_vip_message`  [ RunTime:0.0010s ]
SQL: SHOW COLUMNS FROM `wfx_vip_card` [ RunTime:0.0040s ]
SQL: SELECT COUNT(*) AS tp_count FROM `wfx_vip_card` WHERE `etime` >= 1458835200 AND `vipid` = 1 AND `status` = 1 LIMIT 1   [ RunTime:0.0010s ]
SQL: SELECT * FROM `wfx_vip` WHERE ( id=0 ) LIMIT 1   [ RunTime:0.0010s ]
INFO: [ view_parse ] --START--
INFO: [ template_filter ] --START--
INFO: Run Behavior\ContentReplaceBehavior [ RunTime:0.001000s ]
INFO: [ template_filter ] --END-- [ RunTime:0.003000s ]
NOTIC: [8] Undefined index: fxname D:\wamp\www\wfx\Application\Runtime\Cache\App\a18ac47877ff27f7f441cda9c1d7167a.php 第 40 行.
NOTIC: [8] Undefined variable: type D:\wamp\www\wfx\Application\Runtime\Cache\App\a18ac47877ff27f7f441cda9c1d7167a.php 第 62 行.
NOTIC: [8] Undefined variable: type D:\wamp\www\wfx\Application\Runtime\Cache\App\a18ac47877ff27f7f441cda9c1d7167a.php 第 63 行.
NOTIC: [8] Undefined variable: type D:\wamp\www\wfx\Application\Runtime\Cache\App\a18ac47877ff27f7f441cda9c1d7167a.php 第 64 行.
NOTIC: [8] Undefined variable: type D:\wamp\www\wfx\Application\Runtime\Cache\App\a18ac47877ff27f7f441cda9c1d7167a.php 第 65 行.
NOTIC: [8] Undefined variable: showfather D:\wamp\www\wfx\Application\Runtime\Cache\App\a18ac47877ff27f7f441cda9c1d7167a.php 第 68 行.
INFO: Run Behavior\ParseTemplateBehavior [ RunTime:0.118007s ]
INFO: [ view_parse ] --END-- [ RunTime:0.118007s ]
INFO: [ view_filter ] --START--
INFO: Run Behavior\WriteHtmlCacheBehavior [ RunTime:0.001000s ]
INFO: [ view_filter ] --END-- [ RunTime:0.003000s ]
INFO: [ app_end ] --START--
INFO: Run Behavior\ShowPageTraceBehavior [ RunTime:0.003000s ]
INFO: [ app_end ] --END-- [ RunTime:0.004000s ]

[ 2016-03-25T08:49:18+08:00 ] 127.0.0.1 /App/Fx/index
INFO: [ app_init ] --START--
INFO: Run Behavior\BuildLiteBehavior [ RunTime:0.000000s ]
INFO: [ app_init ] --END-- [ RunTime:0.003000s ]
INFO: [ app_begin ] --START--
INFO: Run Behavior\ReadHtmlCacheBehavior [ RunTime:0.002000s ]
INFO: [ app_begin ] --END-- [ RunTime:0.004000s ]
SQL: SHOW COLUMNS FROM `wfx_set` [ RunTime:0.0060s ]
SQL: SELECT * FROM `wfx_set` LIMIT 1   [ RunTime:0.0010s ]
NOTIC: [8] Undefined index: ppid D:\wamp\www\wfx\Application\App\Controller\BaseController.class.php 第 32 行.
NOTIC: [8] Undefined index: employee D:\wamp\www\wfx\Application\App\Controller\BaseController.class.php 第 33 行.
SQL: SHOW COLUMNS FROM `wfx_vip` [ RunTime:0.0070s ]
SQL: SELECT * FROM `wfx_vip` WHERE `openid` = 'owv5gsyXxBMYOjeM56e5vK33it0Y' LIMIT 1   [ RunTime:0.0020s ]
SQL: SHOW COLUMNS FROM `wfx_vip_set` [ RunTime:0.0060s ]
SQL: SELECT * FROM `wfx_vip_set` LIMIT 1   [ RunTime:0.0010s ]
SQL: SHOW COLUMNS FROM `wfx_shop_set` [ RunTime:0.0070s ]
SQL: SELECT * FROM `wfx_shop_set` LIMIT 1   [ RunTime:0.0010s ]
SQL: SELECT `id`,`plv`,`path`,`nickname` FROM `wfx_vip` WHERE `plv` = 2 AND `path` = '0-1'  [ RunTime:0.0010s ]
SQL: SHOW COLUMNS FROM `wfx_vip_tx` [ RunTime:0.0050s ]
SQL: SELECT SUM(txprice) AS tp_sum FROM `wfx_vip_tx` WHERE `vipid` = 1 AND `status` = 1 LIMIT 1   [ RunTime:0.0010s ]
INFO: [ view_parse ] --START--
INFO: [ template_filter ] --START--
INFO: Run Behavior\ContentReplaceBehavior [ RunTime:0.001000s ]
INFO: [ template_filter ] --END-- [ RunTime:0.002000s ]
INFO: Run Behavior\ParseTemplateBehavior [ RunTime:0.054003s ]
INFO: [ view_parse ] --END-- [ RunTime:0.055003s ]
INFO: [ view_filter ] --START--
INFO: Run Behavior\WriteHtmlCacheBehavior [ RunTime:0.001001s ]
INFO: [ view_filter ] --END-- [ RunTime:0.002001s ]
INFO: [ app_end ] --START--
INFO: Run Behavior\ShowPageTraceBehavior [ RunTime:0.002000s ]
INFO: [ app_end ] --END-- [ RunTime:0.004000s ]

[ 2016-03-25T10:56:24+08:00 ] 127.0.0.1 /App/Shop/index
INFO: [ app_init ] --START--
INFO: Run Behavior\BuildLiteBehavior [ RunTime:0.000000s ]
INFO: [ app_init ] --END-- [ RunTime:0.003000s ]
INFO: [ app_begin ] --START--
INFO: Run Behavior\ReadHtmlCacheBehavior [ RunTime:0.002000s ]
INFO: [ app_begin ] --END-- [ RunTime:0.004000s ]
SQL: SHOW COLUMNS FROM `wfx_set` [ RunTime:0.0020s ]
SQL: SELECT * FROM `wfx_set` LIMIT 1   [ RunTime:0.0020s ]
NOTIC: [8] Undefined index: ppid D:\wamp\www\wfx\Application\App\Controller\BaseController.class.php 第 32 行.
NOTIC: [8] Undefined index: employee D:\wamp\www\wfx\Application\App\Controller\BaseController.class.php 第 33 行.
SQL: SHOW COLUMNS FROM `wfx_vip` [ RunTime:0.0060s ]
SQL: SELECT * FROM `wfx_vip` WHERE `openid` = 'owv5gsyXxBMYOjeM56e5vK33it0Y' LIMIT 1   [ RunTime:0.0010s ]
NOTIC: [8] Undefined index: ppid D:\wamp\www\wfx\Application\App\Controller\BaseController.class.php 第 131 行.

[ 2016-03-25T10:56:25+08:00 ] 127.0.0.1 /App/Shop/index/ppid/1
INFO: [ app_init ] --START--
INFO: Run Behavior\BuildLiteBehavior [ RunTime:0.000000s ]
INFO: [ app_init ] --END-- [ RunTime:0.002000s ]
INFO: [ app_begin ] --START--
INFO: Run Behavior\ReadHtmlCacheBehavior [ RunTime:0.002001s ]
INFO: [ app_begin ] --END-- [ RunTime:0.003001s ]
SQL: SHOW COLUMNS FROM `wfx_set` [ RunTime:0.0020s ]
SQL: SELECT * FROM `wfx_set` LIMIT 1   [ RunTime:0.0010s ]
NOTIC: [8] Undefined index: employee D:\wamp\www\wfx\Application\App\Controller\BaseController.class.php 第 33 行.
SQL: SHOW COLUMNS FROM `wfx_vip` [ RunTime:0.0040s ]
SQL: SELECT * FROM `wfx_vip` WHERE `openid` = 'owv5gsyXxBMYOjeM56e5vK33it0Y' LIMIT 1   [ RunTime:0.0010s ]
SQL: SHOW COLUMNS FROM `wfx_vip_set` [ RunTime:0.0060s ]
SQL: SELECT * FROM `wfx_vip_set` LIMIT 1   [ RunTime:0.0010s ]
SQL: SHOW COLUMNS FROM `wfx_shop_set` [ RunTime:0.0030s ]
SQL: SELECT * FROM `wfx_shop_set` LIMIT 1   [ RunTime:0.0010s ]
SQL: SELECT * FROM `wfx_shop_set` WHERE ( id=1 ) LIMIT 1   [ RunTime:0.0010s ]
SQL: SHOW COLUMNS FROM `wfx_upload_img` [ RunTime:0.0050s ]
SQL: SELECT * FROM `wfx_upload_img` WHERE `id` = 135 LIMIT 1   [ RunTime:0.0010s ]
SQL: SHOW COLUMNS FROM `wfx_shop_goods` [ RunTime:0.0030s ]
SQL: SHOW COLUMNS FROM `wfx_shop_groupbuy` [ RunTime:0.0030s ]
SQL: SELECT Shop_groupbuy.id AS id,Shop_groupbuy.ptid AS ptid,Shop_groupbuy.price AS price,Shop_groupbuy.minnumber AS minnumber,Shop_groupbuy.indate AS indate,Shop_groupbuy.zan AS zan,Shop_groupbuy.buynumber AS buynumber,Shop_groupbuy.buygoodsnum AS buygoodsnum,Shop_goods.spu AS spu,Shop_goods.cid AS cid,Shop_goods.lid AS lid,Shop_goods.name AS name,Shop_goods.indexpic AS indexpic,Shop_goods.listpic AS listpic,Shop_goods.pic AS pic,Shop_goods.album AS album,Shop_goods.summary AS summary,Shop_goods.oprice AS oprice,Shop_goods.unit AS unit,Shop_goods.num AS num,Shop_goods.sorts AS sorts,Shop_goods.clicks AS clicks,Shop_goods.sells AS sells,Shop_goods.dissells AS dissells,Shop_goods.fx1rate AS fx1rate,Shop_goods.fx2rate AS fx2rate,Shop_goods.fx3rate AS fx3rate,Shop_goods.issku AS issku,Shop_goods.ismy AS ismy,Shop_goods.issells AS issells,Shop_goods.skuinfo AS skuinfo,Shop_goods.content AS content,Shop_goods.status AS status,Shop_goods.price AS goodsprice FROM wfx_shop_groupbuy Shop_groupbuy  JOIN wfx_shop_goods Shop_goods ON Shop_groupbuy.ptid=Shop_goods.id ORDER BY Shop_goods.sorts desc  [ RunTime:0.0030s ]
SQL: SHOW COLUMNS FROM `wfx_shop_group` [ RunTime:0.0050s ]
SQL: SELECT * FROM `wfx_shop_group` WHERE `status` = 1 LIMIT 1   [ RunTime:0.0000s ]
SQL: SELECT * FROM `wfx_upload_img` WHERE `id` = 194 LIMIT 1   [ RunTime:0.0000s ]
SQL: SELECT * FROM `wfx_upload_img` WHERE `id` = 160 LIMIT 1   [ RunTime:0.0010s ]
SQL: SELECT * FROM `wfx_shop_goods` WHERE `id` IN ('10')  [ RunTime:0.0010s ]
SQL: SELECT * FROM `wfx_upload_img` WHERE `id` = 154 LIMIT 1   [ RunTime:0.0000s ]
SQL: SELECT * FROM `wfx_shop_goods` WHERE `status` = 1 ORDER BY sorts desc  [ RunTime:0.0020s ]
SQL: SELECT * FROM `wfx_upload_img` WHERE `id` = 195 LIMIT 1   [ RunTime:0.0000s ]
SQL: SELECT * FROM `wfx_upload_img` WHERE `id` = 192 LIMIT 1   [ RunTime:0.0000s ]
SQL: SELECT * FROM `wfx_upload_img` WHERE `id` = 169 LIMIT 1   [ RunTime:0.0000s ]
SQL: SELECT * FROM `wfx_upload_img` WHERE `id` = 194 LIMIT 1   [ RunTime:0.0000s ]
SQL: SELECT * FROM `wfx_upload_img` WHERE `id` = 154 LIMIT 1   [ RunTime:0.0010s ]
SQL: SELECT * FROM `wfx_upload_img` WHERE `id` = 157 LIMIT 1   [ RunTime:0.0010s ]
SQL: SELECT * FROM `wfx_upload_img` WHERE `id` = 160 LIMIT 1   [ RunTime:0.0010s ]
SQL: SELECT * FROM `wfx_upload_img` WHERE `id` = 160 LIMIT 1   [ RunTime:0.0010s ]
SQL: SHOW COLUMNS FROM `wfx_shop_cate` [ RunTime:0.0030s ]
SQL: SELECT * FROM `wfx_shop_cate` WHERE `id` IN ('20','28','29','30','22','23','24')  [ RunTime:0.0010s ]
SQL: SELECT * FROM `wfx_upload_img` WHERE `id` = 190 LIMIT 1   [ RunTime:0.0010s ]
SQL: SELECT * FROM `wfx_upload_img` WHERE `id` = 188 LIMIT 1   [ RunTime:0.0000s ]
SQL: SELECT * FROM `wfx_upload_img` WHERE `id` = 186 LIMIT 1   [ RunTime:0.0010s ]
SQL: SELECT * FROM `wfx_upload_img` WHERE `id` = 182 LIMIT 1   [ RunTime:0.0010s ]
SQL: SELECT * FROM `wfx_upload_img` WHERE `id` = 181 LIMIT 1   [ RunTime:0.0000s ]
SQL: SELECT * FROM `wfx_upload_img` WHERE `id` = 180 LIMIT 1   [ RunTime:0.0000s ]
SQL: SHOW COLUMNS FROM `wfx_shop_ads` [ RunTime:0.0060s ]
SQL: SELECT * FROM `wfx_shop_ads` WHERE ( id )  [ RunTime:0.0010s ]
SQL: SELECT * FROM `wfx_upload_img` WHERE `id` = 137 LIMIT 1   [ RunTime:0.0010s ]
SQL: SELECT * FROM `wfx_upload_img` WHERE `id` = 165 LIMIT 1   [ RunTime:0.0010s ]
INFO: [ view_parse ] --START--
INFO: [ template_filter ] --START--
INFO: Run Behavior\ContentReplaceBehavior [ RunTime:0.002000s ]
INFO: [ template_filter ] --END-- [ RunTime:0.002000s ]
NOTIC: [8] Undefined variable: actname D:\wamp\www\wfx\Application\Runtime\Cache\App\b56b8082e02b1b878a28f8cba0cac826.php 第 275 行.
INFO: Run Behavior\ParseTemplateBehavior [ RunTime:0.238014s ]
INFO: [ view_parse ] --END-- [ RunTime:0.239014s ]
INFO: [ view_filter ] --START--
INFO: Run Behavior\WriteHtmlCacheBehavior [ RunTime:0.001000s ]
INFO: [ view_filter ] --END-- [ RunTime:0.003000s ]
INFO: [ app_end ] --START--
INFO: Run Behavior\ShowPageTraceBehavior [ RunTime:0.003001s ]
INFO: [ app_end ] --END-- [ RunTime:0.005001s ]

[ 2016-03-25T10:56:52+08:00 ] 127.0.0.1 /App/Shop/index/ppid/1/shareid/i
INFO: [ app_init ] --START--
INFO: Run Behavior\BuildLiteBehavior [ RunTime:0.000000s ]
INFO: [ app_init ] --END-- [ RunTime:0.002000s ]
INFO: [ app_begin ] --START--
INFO: Run Behavior\ReadHtmlCacheBehavior [ RunTime:0.002000s ]
INFO: [ app_begin ] --END-- [ RunTime:0.004000s ]
SQL: SHOW COLUMNS FROM `wfx_set` [ RunTime:0.0020s ]
SQL: SELECT * FROM `wfx_set` LIMIT 1   [ RunTime:0.0010s ]
NOTIC: [8] Undefined index: employee D:\wamp\www\wfx\Application\App\Controller\BaseController.class.php 第 33 行.
SQL: SHOW COLUMNS FROM `wfx_vip` [ RunTime:0.0040s ]
SQL: SELECT * FROM `wfx_vip` WHERE `openid` = 'owv5gsyXxBMYOjeM56e5vK33it0Y' LIMIT 1   [ RunTime:0.0010s ]
SQL: SHOW COLUMNS FROM `wfx_vip_set` [ RunTime:0.0060s ]
SQL: SELECT * FROM `wfx_vip_set` LIMIT 1   [ RunTime:0.0010s ]
SQL: SHOW COLUMNS FROM `wfx_shop_set` [ RunTime:0.0060s ]
SQL: SELECT * FROM `wfx_shop_set` LIMIT 1   [ RunTime:0.0010s ]
SQL: SELECT * FROM `wfx_shop_set` WHERE ( id=1 ) LIMIT 1   [ RunTime:0.0010s ]
SQL: SHOW COLUMNS FROM `wfx_upload_img` [ RunTime:0.0050s ]
SQL: SELECT * FROM `wfx_upload_img` WHERE `id` = 135 LIMIT 1   [ RunTime:0.0010s ]
SQL: SHOW COLUMNS FROM `wfx_shop_goods` [ RunTime:0.0030s ]
SQL: SHOW COLUMNS FROM `wfx_shop_groupbuy` [ RunTime:0.0020s ]
SQL: SELECT Shop_groupbuy.id AS id,Shop_groupbuy.ptid AS ptid,Shop_groupbuy.price AS price,Shop_groupbuy.minnumber AS minnumber,Shop_groupbuy.indate AS indate,Shop_groupbuy.zan AS zan,Shop_groupbuy.buynumber AS buynumber,Shop_groupbuy.buygoodsnum AS buygoodsnum,Shop_goods.spu AS spu,Shop_goods.cid AS cid,Shop_goods.lid AS lid,Shop_goods.name AS name,Shop_goods.indexpic AS indexpic,Shop_goods.listpic AS listpic,Shop_goods.pic AS pic,Shop_goods.album AS album,Shop_goods.summary AS summary,Shop_goods.oprice AS oprice,Shop_goods.unit AS unit,Shop_goods.num AS num,Shop_goods.sorts AS sorts,Shop_goods.clicks AS clicks,Shop_goods.sells AS sells,Shop_goods.dissells AS dissells,Shop_goods.fx1rate AS fx1rate,Shop_goods.fx2rate AS fx2rate,Shop_goods.fx3rate AS fx3rate,Shop_goods.issku AS issku,Shop_goods.ismy AS ismy,Shop_goods.issells AS issells,Shop_goods.skuinfo AS skuinfo,Shop_goods.content AS content,Shop_goods.status AS status,Shop_goods.price AS goodsprice FROM wfx_shop_groupbuy Shop_groupbuy  JOIN wfx_shop_goods Shop_goods ON Shop_groupbuy.ptid=Shop_goods.id ORDER BY Shop_goods.sorts desc  [ RunTime:0.0030s ]
SQL: SHOW COLUMNS FROM `wfx_shop_group` [ RunTime:0.0060s ]
SQL: SELECT * FROM `wfx_shop_group` WHERE `status` = 1 LIMIT 1   [ RunTime:0.0010s ]
SQL: SELECT * FROM `wfx_upload_img` WHERE `id` = 194 LIMIT 1   [ RunTime:0.0010s ]
SQL: SELECT * FROM `wfx_upload_img` WHERE `id` = 160 LIMIT 1   [ RunTime:0.0010s ]
SQL: SELECT * FROM `wfx_shop_goods` WHERE `id` IN ('10')  [ RunTime:0.0020s ]
SQL: SELECT * FROM `wfx_upload_img` WHERE `id` = 154 LIMIT 1   [ RunTime:0.0010s ]
SQL: SELECT * FROM `wfx_shop_goods` WHERE `status` = 1 ORDER BY sorts desc  [ RunTime:0.0010s ]
SQL: SELECT * FROM `wfx_upload_img` WHERE `id` = 195 LIMIT 1   [ RunTime:0.0010s ]
SQL: SELECT * FROM `wfx_upload_img` WHERE `id` = 192 LIMIT 1   [ RunTime:0.0010s ]
SQL: SELECT * FROM `wfx_upload_img` WHERE `id` = 169 LIMIT 1   [ RunTime:0.0010s ]
SQL: SELECT * FROM `wfx_upload_img` WHERE `id` = 194 LIMIT 1   [ RunTime:0.0010s ]
SQL: SELECT * FROM `wfx_upload_img` WHERE `id` = 154 LIMIT 1   [ RunTime:0.0010s ]
SQL: SELECT * FROM `wfx_upload_img` WHERE `id` = 157 LIMIT 1   [ RunTime:0.0010s ]
SQL: SELECT * FROM `wfx_upload_img` WHERE `id` = 160 LIMIT 1   [ RunTime:0.0000s ]
SQL: SELECT * FROM `wfx_upload_img` WHERE `id` = 160 LIMIT 1   [ RunTime:0.0010s ]
SQL: SHOW COLUMNS FROM `wfx_shop_cate` [ RunTime:0.0020s ]
SQL: SELECT * FROM `wfx_shop_cate` WHERE `id` IN ('20','28','29','30','22','23','24')  [ RunTime:0.0010s ]
SQL: SELECT * FROM `wfx_upload_img` WHERE `id` = 190 LIMIT 1   [ RunTime:0.0000s ]
SQL: SELECT * FROM `wfx_upload_img` WHERE `id` = 188 LIMIT 1   [ RunTime:0.0010s ]
SQL: SELECT * FROM `wfx_upload_img` WHERE `id` = 186 LIMIT 1   [ RunTime:0.0010s ]
SQL: SELECT * FROM `wfx_upload_img` WHERE `id` = 182 LIMIT 1   [ RunTime:0.0010s ]
SQL: SELECT * FROM `wfx_upload_img` WHERE `id` = 181 LIMIT 1   [ RunTime:0.0010s ]
SQL: SELECT * FROM `wfx_upload_img` WHERE `id` = 180 LIMIT 1   [ RunTime:0.0010s ]
SQL: SHOW COLUMNS FROM `wfx_shop_ads` [ RunTime:0.0060s ]
SQL: SELECT * FROM `wfx_shop_ads` WHERE ( id )  [ RunTime:0.0010s ]
SQL: SELECT * FROM `wfx_upload_img` WHERE `id` = 137 LIMIT 1   [ RunTime:0.0010s ]
SQL: SELECT * FROM `wfx_upload_img` WHERE `id` = 165 LIMIT 1   [ RunTime:0.0010s ]
INFO: [ view_parse ] --START--
INFO: [ template_filter ] --START--
INFO: Run Behavior\ContentReplaceBehavior [ RunTime:0.001000s ]
INFO: [ template_filter ] --END-- [ RunTime:0.003000s ]
NOTIC: [8] Undefined variable: actname D:\wamp\www\wfx\Application\Runtime\Cache\App\b56b8082e02b1b878a28f8cba0cac826.php 第 275 行.
INFO: Run Behavior\ParseTemplateBehavior [ RunTime:0.238014s ]
INFO: [ view_parse ] --END-- [ RunTime:0.239014s ]
INFO: [ view_filter ] --START--
INFO: Run Behavior\WriteHtmlCacheBehavior [ RunTime:0.002000s ]
INFO: [ view_filter ] --END-- [ RunTime:0.003000s ]
INFO: [ app_end ] --START--
INFO: Run Behavior\ShowPageTraceBehavior [ RunTime:0.003001s ]
INFO: [ app_end ] --END-- [ RunTime:0.004001s ]

[ 2016-03-25T10:57:00+08:00 ] 127.0.0.1 /App/Shop/index/ppid/1/shareid/1
INFO: [ app_init ] --START--
INFO: Run Behavior\BuildLiteBehavior [ RunTime:0.000000s ]
INFO: [ app_init ] --END-- [ RunTime:0.003000s ]
INFO: [ app_begin ] --START--
INFO: Run Behavior\ReadHtmlCacheBehavior [ RunTime:0.003000s ]
INFO: [ app_begin ] --END-- [ RunTime:0.003000s ]
SQL: SHOW COLUMNS FROM `wfx_set` [ RunTime:0.0030s ]
SQL: SELECT * FROM `wfx_set` LIMIT 1   [ RunTime:0.0020s ]
NOTIC: [8] Undefined index: employee D:\wamp\www\wfx\Application\App\Controller\BaseController.class.php 第 33 行.
SQL: SHOW COLUMNS FROM `wfx_vip` [ RunTime:0.0030s ]
SQL: SELECT * FROM `wfx_vip` WHERE `openid` = 'owv5gsyXxBMYOjeM56e5vK33it0Y' LIMIT 1   [ RunTime:0.0020s ]
SQL: SHOW COLUMNS FROM `wfx_vip_set` [ RunTime:0.0020s ]
SQL: SELECT * FROM `wfx_vip_set` LIMIT 1   [ RunTime:0.0010s ]
SQL: SHOW COLUMNS FROM `wfx_shop_set` [ RunTime:0.0020s ]
SQL: SELECT * FROM `wfx_shop_set` LIMIT 1   [ RunTime:0.0010s ]
SQL: SELECT * FROM `wfx_shop_set` WHERE ( id=1 ) LIMIT 1   [ RunTime:0.0010s ]
SQL: SHOW COLUMNS FROM `wfx_upload_img` [ RunTime:0.0010s ]
SQL: SELECT * FROM `wfx_upload_img` WHERE `id` = 135 LIMIT 1   [ RunTime:0.0010s ]
SQL: SHOW COLUMNS FROM `wfx_shop_goods` [ RunTime:0.0040s ]
SQL: SHOW COLUMNS FROM `wfx_shop_groupbuy` [ RunTime:0.0020s ]
SQL: SELECT Shop_groupbuy.id AS id,Shop_groupbuy.ptid AS ptid,Shop_groupbuy.price AS price,Shop_groupbuy.minnumber AS minnumber,Shop_groupbuy.indate AS indate,Shop_groupbuy.zan AS zan,Shop_groupbuy.buynumber AS buynumber,Shop_groupbuy.buygoodsnum AS buygoodsnum,Shop_goods.spu AS spu,Shop_goods.cid AS cid,Shop_goods.lid AS lid,Shop_goods.name AS name,Shop_goods.indexpic AS indexpic,Shop_goods.listpic AS listpic,Shop_goods.pic AS pic,Shop_goods.album AS album,Shop_goods.summary AS summary,Shop_goods.oprice AS oprice,Shop_goods.unit AS unit,Shop_goods.num AS num,Shop_goods.sorts AS sorts,Shop_goods.clicks AS clicks,Shop_goods.sells AS sells,Shop_goods.dissells AS dissells,Shop_goods.fx1rate AS fx1rate,Shop_goods.fx2rate AS fx2rate,Shop_goods.fx3rate AS fx3rate,Shop_goods.issku AS issku,Shop_goods.ismy AS ismy,Shop_goods.issells AS issells,Shop_goods.skuinfo AS skuinfo,Shop_goods.content AS content,Shop_goods.status AS status,Shop_goods.price AS goodsprice FROM wfx_shop_groupbuy Shop_groupbuy  JOIN wfx_shop_goods Shop_goods ON Shop_groupbuy.ptid=Shop_goods.id ORDER BY Shop_goods.sorts desc  [ RunTime:0.0040s ]
SQL: SHOW COLUMNS FROM `wfx_shop_group` [ RunTime:0.0020s ]
SQL: SELECT * FROM `wfx_shop_group` WHERE `status` = 1 LIMIT 1   [ RunTime:0.0020s ]
SQL: SELECT * FROM `wfx_upload_img` WHERE `id` = 194 LIMIT 1   [ RunTime:0.0010s ]
SQL: SELECT * FROM `wfx_upload_img` WHERE `id` = 160 LIMIT 1   [ RunTime:0.0000s ]
SQL: SELECT * FROM `wfx_shop_goods` WHERE `id` IN ('10')  [ RunTime:0.0010s ]
SQL: SELECT * FROM `wfx_upload_img` WHERE `id` = 154 LIMIT 1   [ RunTime:0.0010s ]
SQL: SELECT * FROM `wfx_shop_goods` WHERE `status` = 1 ORDER BY sorts desc  [ RunTime:0.0020s ]
SQL: SELECT * FROM `wfx_upload_img` WHERE `id` = 195 LIMIT 1   [ RunTime:0.0020s ]
SQL: SELECT * FROM `wfx_upload_img` WHERE `id` = 192 LIMIT 1   [ RunTime:0.0010s ]
SQL: SELECT * FROM `wfx_upload_img` WHERE `id` = 169 LIMIT 1   [ RunTime:0.0010s ]
SQL: SELECT * FROM `wfx_upload_img` WHERE `id` = 194 LIMIT 1   [ RunTime:0.0010s ]
SQL: SELECT * FROM `wfx_upload_img` WHERE `id` = 154 LIMIT 1   [ RunTime:0.0010s ]
SQL: SELECT * FROM `wfx_upload_img` WHERE `id` = 157 LIMIT 1   [ RunTime:0.0010s ]
SQL: SELECT * FROM `wfx_upload_img` WHERE `id` = 160 LIMIT 1   [ RunTime:0.0020s ]
SQL: SELECT * FROM `wfx_upload_img` WHERE `id` = 160 LIMIT 1   [ RunTime:0.0010s ]
SQL: SHOW COLUMNS FROM `wfx_shop_cate` [ RunTime:0.0020s ]
SQL: SELECT * FROM `wfx_shop_cate` WHERE `id` IN ('20','28','29','30','22','23','24')  [ RunTime:0.0010s ]
SQL: SELECT * FROM `wfx_upload_img` WHERE `id` = 190 LIMIT 1   [ RunTime:0.0010s ]
SQL: SELECT * FROM `wfx_upload_img` WHERE `id` = 188 LIMIT 1   [ RunTime:0.0010s ]
SQL: SELECT * FROM `wfx_upload_img` WHERE `id` = 186 LIMIT 1   [ RunTime:0.0010s ]
SQL: SELECT * FROM `wfx_upload_img` WHERE `id` = 182 LIMIT 1   [ RunTime:0.0010s ]
SQL: SELECT * FROM `wfx_upload_img` WHERE `id` = 181 LIMIT 1   [ RunTime:0.0010s ]
SQL: SELECT * FROM `wfx_upload_img` WHERE `id` = 180 LIMIT 1   [ RunTime:0.0010s ]
SQL: SHOW COLUMNS FROM `wfx_shop_ads` [ RunTime:0.0020s ]
SQL: SELECT * FROM `wfx_shop_ads` WHERE ( id )  [ RunTime:0.0010s ]
SQL: SELECT * FROM `wfx_upload_img` WHERE `id` = 137 LIMIT 1   [ RunTime:0.0010s ]
SQL: SELECT * FROM `wfx_upload_img` WHERE `id` = 165 LIMIT 1   [ RunTime:0.0010s ]
INFO: [ view_parse ] --START--
INFO: [ template_filter ] --START--
INFO: Run Behavior\ContentReplaceBehavior [ RunTime:0.001000s ]
INFO: [ template_filter ] --END-- [ RunTime:0.002000s ]
NOTIC: [8] Undefined variable: actname D:\wamp\www\wfx\Application\Runtime\Cache\App\b56b8082e02b1b878a28f8cba0cac826.php 第 275 行.
INFO: Run Behavior\ParseTemplateBehavior [ RunTime:0.241014s ]
INFO: [ view_parse ] --END-- [ RunTime:0.242014s ]
INFO: [ view_filter ] --START--
INFO: Run Behavior\WriteHtmlCacheBehavior [ RunTime:0.002000s ]
INFO: [ view_filter ] --END-- [ RunTime:0.002000s ]
INFO: [ app_end ] --START--
INFO: Run Behavior\ShowPageTraceBehavior [ RunTime:0.003000s ]
INFO: [ app_end ] --END-- [ RunTime:0.003000s ]

[ 2016-03-25T10:59:06+08:00 ] 127.0.0.1 /App/Shop/index/ppid/1/shareid/1
INFO: [ app_init ] --START--
INFO: Run Behavior\BuildLiteBehavior [ RunTime:0.000000s ]
INFO: [ app_init ] --END-- [ RunTime:0.003000s ]
INFO: [ app_begin ] --START--
INFO: Run Behavior\ReadHtmlCacheBehavior [ RunTime:0.003001s ]
INFO: [ app_begin ] --END-- [ RunTime:0.004001s ]
SQL: SHOW COLUMNS FROM `wfx_set` [ RunTime:0.0030s ]
SQL: SELECT * FROM `wfx_set` LIMIT 1   [ RunTime:0.0010s ]
NOTIC: [8] Undefined index: employee D:\wamp\www\wfx\Application\App\Controller\BaseController.class.php 第 33 行.

[ 2016-03-25T10:59:44+08:00 ] 127.0.0.1 /App/Shop/index
INFO: [ app_init ] --START--
INFO: Run Behavior\BuildLiteBehavior [ RunTime:0.000000s ]
INFO: [ app_init ] --END-- [ RunTime:0.003000s ]
INFO: [ app_begin ] --START--
INFO: Run Behavior\ReadHtmlCacheBehavior [ RunTime:0.002000s ]
INFO: [ app_begin ] --END-- [ RunTime:0.004000s ]
SQL: SHOW COLUMNS FROM `wfx_set` [ RunTime:0.0020s ]
SQL: SELECT * FROM `wfx_set` LIMIT 1   [ RunTime:0.0010s ]
NOTIC: [8] Undefined index: ppid D:\wamp\www\wfx\Application\App\Controller\BaseController.class.php 第 32 行.
NOTIC: [8] Undefined index: employee D:\wamp\www\wfx\Application\App\Controller\BaseController.class.php 第 33 行.
SQL: SHOW COLUMNS FROM `wfx_vip` [ RunTime:0.0040s ]
SQL: SELECT * FROM `wfx_vip` WHERE `openid` = 'owv5gsyXxBMYOjeM56e5vK33it0Y' LIMIT 1   [ RunTime:0.0010s ]
NOTIC: [8] Undefined index: ppid D:\wamp\www\wfx\Application\App\Controller\BaseController.class.php 第 130 行.

[ 2016-03-25T10:59:45+08:00 ] 127.0.0.1 /App/Shop/index/ppid/1
INFO: [ app_init ] --START--
INFO: Run Behavior\BuildLiteBehavior [ RunTime:0.001000s ]
INFO: [ app_init ] --END-- [ RunTime:0.002000s ]
INFO: [ app_begin ] --START--
INFO: Run Behavior\ReadHtmlCacheBehavior [ RunTime:0.002000s ]
INFO: [ app_begin ] --END-- [ RunTime:0.004000s ]
SQL: SHOW COLUMNS FROM `wfx_set` [ RunTime:0.0020s ]
SQL: SELECT * FROM `wfx_set` LIMIT 1   [ RunTime:0.0010s ]
NOTIC: [8] Undefined index: employee D:\wamp\www\wfx\Application\App\Controller\BaseController.class.php 第 33 行.
SQL: SHOW COLUMNS FROM `wfx_vip` [ RunTime:0.0030s ]
SQL: SELECT * FROM `wfx_vip` WHERE `openid` = 'owv5gsyXxBMYOjeM56e5vK33it0Y' LIMIT 1   [ RunTime:0.0020s ]
SQL: SHOW COLUMNS FROM `wfx_vip_set` [ RunTime:0.0020s ]
SQL: SELECT * FROM `wfx_vip_set` LIMIT 1   [ RunTime:0.0010s ]
SQL: SHOW COLUMNS FROM `wfx_shop_set` [ RunTime:0.0030s ]
SQL: SELECT * FROM `wfx_shop_set` LIMIT 1   [ RunTime:0.0010s ]
SQL: SELECT * FROM `wfx_shop_set` WHERE ( id=1 ) LIMIT 1   [ RunTime:0.0020s ]
SQL: SHOW COLUMNS FROM `wfx_upload_img` [ RunTime:0.0060s ]
SQL: SELECT * FROM `wfx_upload_img` WHERE `id` = 135 LIMIT 1   [ RunTime:0.0010s ]
SQL: SHOW COLUMNS FROM `wfx_shop_goods` [ RunTime:0.0030s ]
SQL: SHOW COLUMNS FROM `wfx_shop_groupbuy` [ RunTime:0.0030s ]
SQL: SELECT Shop_groupbuy.id AS id,Shop_groupbuy.ptid AS ptid,Shop_groupbuy.price AS price,Shop_groupbuy.minnumber AS minnumber,Shop_groupbuy.indate AS indate,Shop_groupbuy.zan AS zan,Shop_groupbuy.buynumber AS buynumber,Shop_groupbuy.buygoodsnum AS buygoodsnum,Shop_goods.spu AS spu,Shop_goods.cid AS cid,Shop_goods.lid AS lid,Shop_goods.name AS name,Shop_goods.indexpic AS indexpic,Shop_goods.listpic AS listpic,Shop_goods.pic AS pic,Shop_goods.album AS album,Shop_goods.summary AS summary,Shop_goods.oprice AS oprice,Shop_goods.unit AS unit,Shop_goods.num AS num,Shop_goods.sorts AS sorts,Shop_goods.clicks AS clicks,Shop_goods.sells AS sells,Shop_goods.dissells AS dissells,Shop_goods.fx1rate AS fx1rate,Shop_goods.fx2rate AS fx2rate,Shop_goods.fx3rate AS fx3rate,Shop_goods.issku AS issku,Shop_goods.ismy AS ismy,Shop_goods.issells AS issells,Shop_goods.skuinfo AS skuinfo,Shop_goods.content AS content,Shop_goods.status AS status,Shop_goods.price AS goodsprice FROM wfx_shop_groupbuy Shop_groupbuy  JOIN wfx_shop_goods Shop_goods ON Shop_groupbuy.ptid=Shop_goods.id ORDER BY Shop_goods.sorts desc  [ RunTime:0.0040s ]
SQL: SHOW COLUMNS FROM `wfx_shop_group` [ RunTime:0.0050s ]
SQL: SELECT * FROM `wfx_shop_group` WHERE `status` = 1 LIMIT 1   [ RunTime:0.0010s ]
SQL: SELECT * FROM `wfx_upload_img` WHERE `id` = 194 LIMIT 1   [ RunTime:0.0010s ]
SQL: SELECT * FROM `wfx_upload_img` WHERE `id` = 160 LIMIT 1   [ RunTime:0.0010s ]
SQL: SELECT * FROM `wfx_shop_goods` WHERE `id` IN ('10')  [ RunTime:0.0010s ]
SQL: SELECT * FROM `wfx_upload_img` WHERE `id` = 154 LIMIT 1   [ RunTime:0.0010s ]
SQL: SELECT * FROM `wfx_shop_goods` WHERE `status` = 1 ORDER BY sorts desc  [ RunTime:0.0010s ]
SQL: SELECT * FROM `wfx_upload_img` WHERE `id` = 195 LIMIT 1   [ RunTime:0.0010s ]
SQL: SELECT * FROM `wfx_upload_img` WHERE `id` = 192 LIMIT 1   [ RunTime:0.0010s ]
SQL: SELECT * FROM `wfx_upload_img` WHERE `id` = 169 LIMIT 1   [ RunTime:0.0010s ]
SQL: SELECT * FROM `wfx_upload_img` WHERE `id` = 194 LIMIT 1   [ RunTime:0.0010s ]
SQL: SELECT * FROM `wfx_upload_img` WHERE `id` = 154 LIMIT 1   [ RunTime:0.0010s ]
SQL: SELECT * FROM `wfx_upload_img` WHERE `id` = 157 LIMIT 1   [ RunTime:0.0010s ]
SQL: SELECT * FROM `wfx_upload_img` WHERE `id` = 160 LIMIT 1   [ RunTime:0.0010s ]
SQL: SELECT * FROM `wfx_upload_img` WHERE `id` = 160 LIMIT 1   [ RunTime:0.0010s ]
SQL: SHOW COLUMNS FROM `wfx_shop_cate` [ RunTime:0.0020s ]
SQL: SELECT * FROM `wfx_shop_cate` WHERE `id` IN ('20','28','29','30','22','23','24')  [ RunTime:0.0010s ]
SQL: SELECT * FROM `wfx_upload_img` WHERE `id` = 190 LIMIT 1   [ RunTime:0.0000s ]
SQL: SELECT * FROM `wfx_upload_img` WHERE `id` = 188 LIMIT 1   [ RunTime:0.0010s ]
SQL: SELECT * FROM `wfx_upload_img` WHERE `id` = 186 LIMIT 1   [ RunTime:0.0010s ]
SQL: SELECT * FROM `wfx_upload_img` WHERE `id` = 182 LIMIT 1   [ RunTime:0.0010s ]
SQL: SELECT * FROM `wfx_upload_img` WHERE `id` = 181 LIMIT 1   [ RunTime:0.0010s ]
SQL: SELECT * FROM `wfx_upload_img` WHERE `id` = 180 LIMIT 1   [ RunTime:0.0010s ]
SQL: SHOW COLUMNS FROM `wfx_shop_ads` [ RunTime:0.0050s ]
SQL: SELECT * FROM `wfx_shop_ads` WHERE ( id )  [ RunTime:0.0010s ]
SQL: SELECT * FROM `wfx_upload_img` WHERE `id` = 137 LIMIT 1   [ RunTime:0.0010s ]
SQL: SELECT * FROM `wfx_upload_img` WHERE `id` = 165 LIMIT 1   [ RunTime:0.0000s ]
INFO: [ view_parse ] --START--
INFO: [ template_filter ] --START--
INFO: Run Behavior\ContentReplaceBehavior [ RunTime:0.001000s ]
INFO: [ template_filter ] --END-- [ RunTime:0.003000s ]
NOTIC: [8] Undefined variable: actname D:\wamp\www\wfx\Application\Runtime\Cache\App\b56b8082e02b1b878a28f8cba0cac826.php 第 275 行.
INFO: Run Behavior\ParseTemplateBehavior [ RunTime:0.237013s ]
INFO: [ view_parse ] --END-- [ RunTime:0.238013s ]
INFO: [ view_filter ] --START--
INFO: Run Behavior\WriteHtmlCacheBehavior [ RunTime:0.002000s ]
INFO: [ view_filter ] --END-- [ RunTime:0.003000s ]
INFO: [ app_end ] --START--
INFO: Run Behavior\ShowPageTraceBehavior [ RunTime:0.003000s ]
INFO: [ app_end ] --END-- [ RunTime:0.005000s ]

[ 2016-03-25T11:02:57+08:00 ] 127.0.0.1 /App/Shop/index/ppid/1/shareid/1
INFO: [ app_init ] --START--
INFO: Run Behavior\BuildLiteBehavior [ RunTime:0.001001s ]
INFO: [ app_init ] --END-- [ RunTime:0.002001s ]
INFO: [ app_begin ] --START--
INFO: Run Behavior\ReadHtmlCacheBehavior [ RunTime:0.003000s ]
INFO: [ app_begin ] --END-- [ RunTime:0.004000s ]
SQL: SHOW COLUMNS FROM `wfx_set` [ RunTime:0.0060s ]
SQL: SELECT * FROM `wfx_set` LIMIT 1   [ RunTime:0.0010s ]
NOTIC: [8] Undefined index: employee D:\wamp\www\wfx\Application\App\Controller\BaseController.class.php 第 33 行.
SQL: SHOW COLUMNS FROM `wfx_vip` [ RunTime:0.0070s ]
SQL: SELECT * FROM `wfx_vip` WHERE `openid` = 'owv5gsyXxBMYOjeM56e5vK33it0Y' LIMIT 1   [ RunTime:0.0010s ]
SQL: SHOW COLUMNS FROM `wfx_vip_set` [ RunTime:0.0060s ]
SQL: SELECT * FROM `wfx_vip_set` LIMIT 1   [ RunTime:0.0010s ]
SQL: SHOW COLUMNS FROM `wfx_shop_set` [ RunTime:0.0060s ]
SQL: SELECT * FROM `wfx_shop_set` LIMIT 1   [ RunTime:0.0010s ]
SQL: SELECT * FROM `wfx_shop_set` WHERE ( id=1 ) LIMIT 1   [ RunTime:0.0010s ]
SQL: SHOW COLUMNS FROM `wfx_upload_img` [ RunTime:0.0060s ]
SQL: SELECT * FROM `wfx_upload_img` WHERE `id` = 135 LIMIT 1   [ RunTime:0.0010s ]
SQL: SHOW COLUMNS FROM `wfx_shop_goods` [ RunTime:0.0030s ]
SQL: SHOW COLUMNS FROM `wfx_shop_groupbuy` [ RunTime:0.0030s ]
SQL: SELECT Shop_groupbuy.id AS id,Shop_groupbuy.ptid AS ptid,Shop_groupbuy.price AS price,Shop_groupbuy.minnumber AS minnumber,Shop_groupbuy.indate AS indate,Shop_groupbuy.zan AS zan,Shop_groupbuy.buynumber AS buynumber,Shop_groupbuy.buygoodsnum AS buygoodsnum,Shop_goods.spu AS spu,Shop_goods.cid AS cid,Shop_goods.lid AS lid,Shop_goods.name AS name,Shop_goods.indexpic AS indexpic,Shop_goods.listpic AS listpic,Shop_goods.pic AS pic,Shop_goods.album AS album,Shop_goods.summary AS summary,Shop_goods.oprice AS oprice,Shop_goods.unit AS unit,Shop_goods.num AS num,Shop_goods.sorts AS sorts,Shop_goods.clicks AS clicks,Shop_goods.sells AS sells,Shop_goods.dissells AS dissells,Shop_goods.fx1rate AS fx1rate,Shop_goods.fx2rate AS fx2rate,Shop_goods.fx3rate AS fx3rate,Shop_goods.issku AS issku,Shop_goods.ismy AS ismy,Shop_goods.issells AS issells,Shop_goods.skuinfo AS skuinfo,Shop_goods.content AS content,Shop_goods.status AS status,Shop_goods.price AS goodsprice FROM wfx_shop_groupbuy Shop_groupbuy  JOIN wfx_shop_goods Shop_goods ON Shop_groupbuy.ptid=Shop_goods.id ORDER BY Shop_goods.sorts desc  [ RunTime:0.0030s ]
SQL: SHOW COLUMNS FROM `wfx_shop_group` [ RunTime:0.0060s ]
SQL: SELECT * FROM `wfx_shop_group` WHERE `status` = 1 LIMIT 1   [ RunTime:0.0010s ]
SQL: SELECT * FROM `wfx_upload_img` WHERE `id` = 194 LIMIT 1   [ RunTime:0.0010s ]
SQL: SELECT * FROM `wfx_upload_img` WHERE `id` = 160 LIMIT 1   [ RunTime:0.0010s ]
SQL: SELECT * FROM `wfx_shop_goods` WHERE `id` IN ('10')  [ RunTime:0.0010s ]
SQL: SELECT * FROM `wfx_upload_img` WHERE `id` = 154 LIMIT 1   [ RunTime:0.0010s ]
SQL: SELECT * FROM `wfx_shop_goods` WHERE `status` = 1 ORDER BY sorts desc  [ RunTime:0.0020s ]
SQL: SELECT * FROM `wfx_upload_img` WHERE `id` = 195 LIMIT 1   [ RunTime:0.0010s ]
SQL: SELECT * FROM `wfx_upload_img` WHERE `id` = 192 LIMIT 1   [ RunTime:0.0010s ]
SQL: SELECT * FROM `wfx_upload_img` WHERE `id` = 169 LIMIT 1   [ RunTime:0.0010s ]
SQL: SELECT * FROM `wfx_upload_img` WHERE `id` = 194 LIMIT 1   [ RunTime:0.0010s ]
SQL: SELECT * FROM `wfx_upload_img` WHERE `id` = 154 LIMIT 1   [ RunTime:0.0010s ]
SQL: SELECT * FROM `wfx_upload_img` WHERE `id` = 157 LIMIT 1   [ RunTime:0.0010s ]
SQL: SELECT * FROM `wfx_upload_img` WHERE `id` = 160 LIMIT 1   [ RunTime:0.0010s ]
SQL: SELECT * FROM `wfx_upload_img` WHERE `id` = 160 LIMIT 1   [ RunTime:0.0020s ]
SQL: SHOW COLUMNS FROM `wfx_shop_cate` [ RunTime:0.0020s ]
SQL: SELECT * FROM `wfx_shop_cate` WHERE `id` IN ('20','28','29','30','22','23','24')  [ RunTime:0.0010s ]
SQL: SELECT * FROM `wfx_upload_img` WHERE `id` = 190 LIMIT 1   [ RunTime:0.0000s ]
SQL: SELECT * FROM `wfx_upload_img` WHERE `id` = 188 LIMIT 1   [ RunTime:0.0010s ]
SQL: SELECT * FROM `wfx_upload_img` WHERE `id` = 186 LIMIT 1   [ RunTime:0.0010s ]
SQL: SELECT * FROM `wfx_upload_img` WHERE `id` = 182 LIMIT 1   [ RunTime:0.0010s ]
SQL: SELECT * FROM `wfx_upload_img` WHERE `id` = 181 LIMIT 1   [ RunTime:0.0010s ]
SQL: SELECT * FROM `wfx_upload_img` WHERE `id` = 180 LIMIT 1   [ RunTime:0.0010s ]
SQL: SHOW COLUMNS FROM `wfx_shop_ads` [ RunTime:0.0060s ]
SQL: SELECT * FROM `wfx_shop_ads` WHERE ( id )  [ RunTime:0.0010s ]
SQL: SELECT * FROM `wfx_upload_img` WHERE `id` = 137 LIMIT 1   [ RunTime:0.0000s ]
SQL: SELECT * FROM `wfx_upload_img` WHERE `id` = 165 LIMIT 1   [ RunTime:0.0000s ]
INFO: [ view_parse ] --START--
INFO: [ template_filter ] --START--
INFO: Run Behavior\ContentReplaceBehavior [ RunTime:0.002000s ]
INFO: [ template_filter ] --END-- [ RunTime:0.004000s ]
NOTIC: [8] Undefined variable: actname D:\wamp\www\wfx\Application\Runtime\Cache\App\b56b8082e02b1b878a28f8cba0cac826.php 第 275 行.
INFO: Run Behavior\ParseTemplateBehavior [ RunTime:0.264015s ]
INFO: [ view_parse ] --END-- [ RunTime:0.266015s ]
INFO: [ view_filter ] --START--
INFO: Run Behavior\WriteHtmlCacheBehavior [ RunTime:0.002000s ]
INFO: [ view_filter ] --END-- [ RunTime:0.004001s ]
INFO: [ app_end ] --START--
INFO: Run Behavior\ShowPageTraceBehavior [ RunTime:0.004000s ]
INFO: [ app_end ] --END-- [ RunTime:0.006000s ]

