[ 2016-04-01T16:32:33+08:00 ] 127.0.0.1 /Admin/Index/index
INFO: [ app_init ] --START--
INFO: Run Behavior\BuildLiteBehavior [ RunTime:0.001000s ]
INFO: [ app_init ] --END-- [ RunTime:0.003000s ]
INFO: [ app_begin ] --START--
INFO: Run Behavior\ReadHtmlCacheBehavior [ RunTime:0.003000s ]
INFO: [ app_begin ] --END-- [ RunTime:0.005000s ]
SQL: SHOW COLUMNS FROM `wfx_set` [ RunTime:0.0100s ]
SQL: SELECT * FROM `wfx_set` LIMIT 1   [ RunTime:0.0010s ]
SQL: SHOW COLUMNS FROM `wfx_cms_set` [ RunTime:0.0090s ]
SQL: SELECT * FROM `wfx_cms_set` LIMIT 1   [ RunTime:0.0010s ]
SQL: SHOW COLUMNS FROM `wfx_shop_set` [ RunTime:0.0100s ]
SQL: SELECT * FROM `wfx_shop_set` LIMIT 1   [ RunTime:0.0010s ]

[ 2016-04-01T16:32:34+08:00 ] 127.0.0.1 /Admin/Public/login
INFO: [ app_init ] --START--
INFO: Run Behavior\BuildLiteBehavior [ RunTime:0.000000s ]
INFO: [ app_init ] --END-- [ RunTime:0.003000s ]
INFO: [ app_begin ] --START--
INFO: Run Behavior\ReadHtmlCacheBehavior [ RunTime:0.003000s ]
INFO: [ app_begin ] --END-- [ RunTime:0.005000s ]
SQL: SHOW COLUMNS FROM `wfx_set` [ RunTime:0.0050s ]
SQL: SELECT * FROM `wfx_set` LIMIT 1   [ RunTime:0.0020s ]
SQL: SHOW COLUMNS FROM `wfx_cms_set` [ RunTime:0.0050s ]
SQL: SELECT * FROM `wfx_cms_set` LIMIT 1   [ RunTime:0.0010s ]
SQL: SHOW COLUMNS FROM `wfx_shop_set` [ RunTime:0.0060s ]
SQL: SELECT * FROM `wfx_shop_set` LIMIT 1   [ RunTime:0.0010s ]
NOTIC: [8] Undefined index: uid D:\wamp\www\wfx\Application\Admin\Controller\PublicController.class.php 第 49 行.
INFO: [ view_parse ] --START--
INFO: [ template_filter ] --START--
INFO: Run Behavior\ContentReplaceBehavior [ RunTime:0.001000s ]
INFO: [ template_filter ] --END-- [ RunTime:0.002000s ]
INFO: Run Behavior\ParseTemplateBehavior [ RunTime:0.046003s ]
INFO: [ view_parse ] --END-- [ RunTime:0.047003s ]
INFO: [ view_filter ] --START--
INFO: Run Behavior\WriteHtmlCacheBehavior [ RunTime:0.003000s ]
INFO: [ view_filter ] --END-- [ RunTime:0.004000s ]
INFO: [ app_end ] --START--
INFO: Run Behavior\ShowPageTraceBehavior [ RunTime:0.004001s ]
INFO: [ app_end ] --END-- [ RunTime:0.005001s ]

[ 2016-04-01T16:32:35+08:00 ] 127.0.0.1 /Admin/Public/verify
INFO: [ app_init ] --START--
INFO: Run Behavior\BuildLiteBehavior [ RunTime:0.001000s ]
INFO: [ app_init ] --END-- [ RunTime:0.002000s ]
INFO: [ app_begin ] --START--
INFO: Run Behavior\ReadHtmlCacheBehavior [ RunTime:0.003000s ]
INFO: [ app_begin ] --END-- [ RunTime:0.003000s ]
SQL: SHOW COLUMNS FROM `wfx_set` [ RunTime:0.0050s ]
SQL: SELECT * FROM `wfx_set` LIMIT 1   [ RunTime:0.0020s ]
SQL: SHOW COLUMNS FROM `wfx_cms_set` [ RunTime:0.0070s ]
SQL: SELECT * FROM `wfx_cms_set` LIMIT 1   [ RunTime:0.0020s ]
SQL: SHOW COLUMNS FROM `wfx_shop_set` [ RunTime:0.0060s ]
SQL: SELECT * FROM `wfx_shop_set` LIMIT 1   [ RunTime:0.0020s ]
INFO: [ app_end ] --START--
INFO: Run Behavior\ShowPageTraceBehavior [ RunTime:0.003001s ]
INFO: [ app_end ] --END-- [ RunTime:0.005001s ]

[ 2016-04-01T16:32:45+08:00 ] 127.0.0.1 /Admin/Public/login
INFO: [ app_init ] --START--
INFO: Run Behavior\BuildLiteBehavior [ RunTime:0.001000s ]
INFO: [ app_init ] --END-- [ RunTime:0.004001s ]
INFO: [ app_begin ] --START--
INFO: Run Behavior\ReadHtmlCacheBehavior [ RunTime:0.003000s ]
INFO: [ app_begin ] --END-- [ RunTime:0.005000s ]
SQL: SHOW COLUMNS FROM `wfx_set` [ RunTime:0.0060s ]
SQL: SELECT * FROM `wfx_set` LIMIT 1   [ RunTime:0.0020s ]
SQL: SHOW COLUMNS FROM `wfx_cms_set` [ RunTime:0.0060s ]
SQL: SELECT * FROM `wfx_cms_set` LIMIT 1   [ RunTime:0.0020s ]
SQL: SHOW COLUMNS FROM `wfx_shop_set` [ RunTime:0.0070s ]
SQL: SELECT * FROM `wfx_shop_set` LIMIT 1   [ RunTime:0.0020s ]
SQL: SHOW COLUMNS FROM `wfx_user` [ RunTime:0.0090s ]
SQL: SELECT * FROM `wfx_user` WHERE `username` = 'admin' AND `userpass` = '21232f297a57a5a743894a0e4a801fc3' LIMIT 1   [ RunTime:0.0010s ]
SQL: SHOW COLUMNS FROM `wfx_employee` [ RunTime:0.0110s ]
SQL: SELECT * FROM `wfx_employee` WHERE `username` = 'admin' AND `userpass` = '21232f297a57a5a743894a0e4a801fc3' LIMIT 1   [ RunTime:0.0020s ]

[ 2016-04-01T16:32:46+08:00 ] 127.0.0.1 /Admin/Index/index
INFO: [ app_init ] --START--
INFO: Run Behavior\BuildLiteBehavior [ RunTime:0.001000s ]
INFO: [ app_init ] --END-- [ RunTime:0.002000s ]
INFO: [ app_begin ] --START--
INFO: Run Behavior\ReadHtmlCacheBehavior [ RunTime:0.003000s ]
INFO: [ app_begin ] --END-- [ RunTime:0.004000s ]
SQL: SHOW COLUMNS FROM `wfx_set` [ RunTime:0.0060s ]
SQL: SELECT * FROM `wfx_set` LIMIT 1   [ RunTime:0.0010s ]
SQL: SHOW COLUMNS FROM `wfx_cms_set` [ RunTime:0.0050s ]
SQL: SELECT * FROM `wfx_cms_set` LIMIT 1   [ RunTime:0.0010s ]
SQL: SHOW COLUMNS FROM `wfx_shop_set` [ RunTime:0.0060s ]
SQL: SELECT * FROM `wfx_shop_set` LIMIT 1   [ RunTime:0.0010s ]
SQL: SHOW COLUMNS FROM `wfx_user_oath` [ RunTime:0.0090s ]
SQL: SELECT * FROM `wfx_user_oath`  [ RunTime:0.0010s ]
INFO: [ view_parse ] --START--
INFO: [ template_filter ] --START--
INFO: Run Behavior\ContentReplaceBehavior [ RunTime:0.003000s ]
INFO: [ template_filter ] --END-- [ RunTime:0.004000s ]
INFO: Run Behavior\ParseTemplateBehavior [ RunTime:0.271015s ]
INFO: [ view_parse ] --END-- [ RunTime:0.272015s ]
INFO: [ view_filter ] --START--
INFO: Run Behavior\WriteHtmlCacheBehavior [ RunTime:0.003000s ]
INFO: [ view_filter ] --END-- [ RunTime:0.003000s ]
INFO: [ app_end ] --START--
INFO: Run Behavior\ShowPageTraceBehavior [ RunTime:0.003000s ]
INFO: [ app_end ] --END-- [ RunTime:0.005000s ]

[ 2016-04-01T16:32:48+08:00 ] 127.0.0.1 /Admin/Index/main
INFO: [ app_init ] --START--
INFO: Run Behavior\BuildLiteBehavior [ RunTime:0.000000s ]
INFO: [ app_init ] --END-- [ RunTime:0.002000s ]
INFO: [ app_begin ] --START--
INFO: Run Behavior\ReadHtmlCacheBehavior [ RunTime:0.003000s ]
INFO: [ app_begin ] --END-- [ RunTime:0.003000s ]
SQL: SHOW COLUMNS FROM `wfx_set` [ RunTime:0.0060s ]
SQL: SELECT * FROM `wfx_set` LIMIT 1   [ RunTime:0.0010s ]
SQL: SHOW COLUMNS FROM `wfx_cms_set` [ RunTime:0.0050s ]
SQL: SELECT * FROM `wfx_cms_set` LIMIT 1   [ RunTime:0.0010s ]
SQL: SHOW COLUMNS FROM `wfx_shop_set` [ RunTime:0.0060s ]
SQL: SELECT * FROM `wfx_shop_set` LIMIT 1   [ RunTime:0.0010s ]
INFO: [ view_parse ] --START--
INFO: [ template_filter ] --START--
INFO: Run Behavior\ContentReplaceBehavior [ RunTime:0.001000s ]
INFO: [ template_filter ] --END-- [ RunTime:0.001000s ]
INFO: Run Behavior\ParseTemplateBehavior [ RunTime:0.046003s ]
INFO: [ view_parse ] --END-- [ RunTime:0.047003s ]
INFO: [ view_filter ] --START--
INFO: Run Behavior\WriteHtmlCacheBehavior [ RunTime:0.003000s ]
INFO: [ view_filter ] --END-- [ RunTime:0.003000s ]
SQL: SHOW COLUMNS FROM `wfx_vip` [ RunTime:0.0080s ]
SQL: SELECT COUNT(*) AS tp_count FROM `wfx_vip` LIMIT 1   [ RunTime:0.0010s ]
SQL: SELECT COUNT(*) AS tp_count FROM `wfx_vip` WHERE ( subscribe=1 ) LIMIT 1   [ RunTime:0.0010s ]
SQL: SELECT COUNT(*) AS tp_count FROM `wfx_vip` WHERE `ctime` BETWEEN 1459440000 AND 1459526399 LIMIT 1   [ RunTime:0.0010s ]
SQL: SELECT COUNT(*) AS tp_count FROM `wfx_vip` WHERE `ctime` BETWEEN 1459353600 AND 1459439999 LIMIT 1   [ RunTime:0.0010s ]
SQL: SHOW COLUMNS FROM `wfx_shop_order` [ RunTime:0.0060s ]
SQL: SELECT COUNT(*) AS tp_count FROM `wfx_shop_order` LIMIT 1   [ RunTime:0.0010s ]
SQL: SELECT COUNT(*) AS tp_count FROM `wfx_shop_order` WHERE ( status=0 ) LIMIT 1   [ RunTime:0.0010s ]
SQL: SELECT COUNT(*) AS tp_count FROM `wfx_shop_order` WHERE ( status=1 ) LIMIT 1   [ RunTime:0.0010s ]
SQL: SELECT COUNT(*) AS tp_count FROM `wfx_shop_order` WHERE ( status=2 ) LIMIT 1   [ RunTime:0.0010s ]
SQL: SELECT COUNT(*) AS tp_count FROM `wfx_shop_order` WHERE ( status=3 ) LIMIT 1   [ RunTime:0.0010s ]
SQL: SELECT COUNT(*) AS tp_count FROM `wfx_shop_order` WHERE ( status=4 ) LIMIT 1   [ RunTime:0.0010s ]
SQL: SELECT COUNT(*) AS tp_count FROM `wfx_shop_order` WHERE ( status=5 ) LIMIT 1   [ RunTime:0.0020s ]
SQL: SELECT COUNT(*) AS tp_count FROM `wfx_shop_order` WHERE ( status=6 ) LIMIT 1   [ RunTime:0.0010s ]
SQL: SELECT COUNT(*) AS tp_count FROM `wfx_shop_order` WHERE `ctime` BETWEEN 1459440000 AND 1459526399 LIMIT 1   [ RunTime:0.0070s ]
SQL: SELECT COUNT(*) AS tp_count FROM `wfx_shop_order` WHERE `ctime` BETWEEN 1459353600 AND 1459439999 LIMIT 1   [ RunTime:0.0020s ]
SQL: SHOW COLUMNS FROM `wfx_fx_syslog` [ RunTime:0.0150s ]
SQL: SELECT SUM(fxyj) AS tp_sum FROM `wfx_fx_syslog` LIMIT 1   [ RunTime:0.0020s ]
SQL: SELECT SUM(fxyj) AS tp_sum FROM `wfx_fx_syslog` WHERE `ctime` BETWEEN 1459440000 AND 1459526399 LIMIT 1   [ RunTime:0.0010s ]
SQL: SELECT SUM(fxyj) AS tp_sum FROM `wfx_fx_syslog` WHERE `ctime` BETWEEN 1459353600 AND 1459439999 LIMIT 1   [ RunTime:0.0010s ]
NOTIC: [2] Division by zero D:\wamp\www\wfx\Application\Admin\Controller\IndexController.class.php 第 138 行.
SQL: SELECT COUNT(*) AS tp_count FROM `wfx_vip` WHERE `isfx` = 0 AND `isfxgd` = 0 LIMIT 1   [ RunTime:0.0010s ]
SQL: SELECT COUNT(*) AS tp_count FROM `wfx_vip` WHERE `isfx` = 1 AND `isfxgd` = 0 LIMIT 1   [ RunTime:0.0010s ]
SQL: SELECT COUNT(*) AS tp_count FROM `wfx_vip` WHERE ( isfxgd=1 ) LIMIT 1   [ RunTime:0.0010s ]
SQL: SHOW COLUMNS FROM `wfx_vip_log_sub` [ RunTime:0.0080s ]
SQL: SELECT * FROM `wfx_vip_log_sub` ORDER BY ctime desc LIMIT 5   [ RunTime:0.0020s ]
SQL: SELECT * FROM `wfx_vip` WHERE ( id=12 ) LIMIT 1   [ RunTime:0.0010s ]
SQL: SELECT * FROM `wfx_vip` WHERE ( id=11 ) LIMIT 1   [ RunTime:0.0020s ]
SQL: SELECT * FROM `wfx_vip` WHERE ( id=10 ) LIMIT 1   [ RunTime:0.0010s ]
SQL: SELECT * FROM `wfx_vip` WHERE ( id=9 ) LIMIT 1   [ RunTime:0.0010s ]
SQL: SELECT * FROM `wfx_vip` WHERE ( id=8 ) LIMIT 1   [ RunTime:0.0010s ]
SQL: SELECT * FROM `wfx_fx_syslog` ORDER BY ctime desc LIMIT 5   [ RunTime:0.0010s ]
SQL: SHOW COLUMNS FROM `wfx_fx_log_tj` [ RunTime:0.0070s ]
SQL: SELECT * FROM `wfx_fx_log_tj` ORDER BY ctime desc LIMIT 5   [ RunTime:0.0010s ]
SQL: SELECT * FROM `wfx_shop_order` WHERE `ispay` = 1 AND `status` = 2 ORDER BY ctime desc LIMIT 5   [ RunTime:0.0020s ]
SQL: SELECT * FROM `wfx_vip` WHERE ( id=1 ) LIMIT 1   [ RunTime:0.0020s ]
SQL: SELECT * FROM `wfx_vip` WHERE ( id=1 ) LIMIT 1   [ RunTime:0.0010s ]
SQL: SELECT * FROM `wfx_vip` WHERE ( id=1 ) LIMIT 1   [ RunTime:0.0020s ]
SQL: SELECT * FROM `wfx_vip` WHERE ( id=1 ) LIMIT 1   [ RunTime:0.0020s ]
SQL: SELECT * FROM `wfx_vip` WHERE ( id=1 ) LIMIT 1   [ RunTime:0.0020s ]
SQL: SELECT SUM(totalprice) AS tp_sum FROM `wfx_shop_order` WHERE `ispay` = 1 LIMIT 1   [ RunTime:0.0010s ]
SQL: SELECT SUM(totalprice) AS tp_sum FROM `wfx_shop_order` WHERE `status` = 5 LIMIT 1   [ RunTime:0.0010s ]
SQL: SELECT SUM(totalnum) AS tp_sum FROM `wfx_shop_order` WHERE `ispay` = 1 LIMIT 1   [ RunTime:0.0010s ]
SQL: SHOW COLUMNS FROM `wfx_vip_tx` [ RunTime:0.0070s ]
SQL: SELECT SUM(txprice) AS tp_sum FROM `wfx_vip_tx` WHERE `status` = 2 LIMIT 1   [ RunTime:0.0010s ]
INFO: [ view_parse ] --START--
INFO: [ template_filter ] --START--
INFO: Run Behavior\ContentReplaceBehavior [ RunTime:0.002000s ]
INFO: [ template_filter ] --END-- [ RunTime:-0.331019s ]
INFO: Run Behavior\ParseTemplateBehavior [ RunTime:0.123007s ]
INFO: [ view_parse ] --END-- [ RunTime:-0.235014s ]
INFO: [ view_filter ] --START--
INFO: Run Behavior\WriteHtmlCacheBehavior [ RunTime:0.000000s ]
INFO: [ view_filter ] --END-- [ RunTime:-0.356021s ]
INFO: [ app_end ] --START--
INFO: Run Behavior\ShowPageTraceBehavior [ RunTime:0.003000s ]
INFO: [ app_end ] --END-- [ RunTime:0.004000s ]

[ 2016-04-01T16:32:53+08:00 ] 127.0.0.1 /Admin/Shop/goods
INFO: [ app_init ] --START--
INFO: Run Behavior\BuildLiteBehavior [ RunTime:0.001000s ]
INFO: [ app_init ] --END-- [ RunTime:0.002000s ]
INFO: [ app_begin ] --START--
INFO: Run Behavior\ReadHtmlCacheBehavior [ RunTime:0.002000s ]
INFO: [ app_begin ] --END-- [ RunTime:0.004000s ]
SQL: SHOW COLUMNS FROM `wfx_set` [ RunTime:0.0060s ]
SQL: SELECT * FROM `wfx_set` LIMIT 1   [ RunTime:0.0010s ]
SQL: SHOW COLUMNS FROM `wfx_cms_set` [ RunTime:0.0050s ]
SQL: SELECT * FROM `wfx_cms_set` LIMIT 1   [ RunTime:0.0010s ]
SQL: SHOW COLUMNS FROM `wfx_shop_set` [ RunTime:0.0060s ]
SQL: SELECT * FROM `wfx_shop_set` LIMIT 1   [ RunTime:0.0010s ]
SQL: SELECT * FROM `wfx_shop_set` LIMIT 1   [ RunTime:0.0010s ]
SQL: SHOW COLUMNS FROM `wfx_vip_set` [ RunTime:0.0090s ]
SQL: SELECT * FROM `wfx_vip_set` LIMIT 1   [ RunTime:0.0010s ]
INFO: [ view_parse ] --START--
INFO: [ template_filter ] --START--
INFO: Run Behavior\ContentReplaceBehavior [ RunTime:0.001000s ]
INFO: [ template_filter ] --END-- [ RunTime:0.002001s ]
INFO: Run Behavior\ParseTemplateBehavior [ RunTime:0.050003s ]
INFO: [ view_parse ] --END-- [ RunTime:0.052003s ]
INFO: [ view_filter ] --START--
INFO: Run Behavior\WriteHtmlCacheBehavior [ RunTime:0.002000s ]
INFO: [ view_filter ] --END-- [ RunTime:0.003000s ]
SQL: SHOW COLUMNS FROM `wfx_shop_goods` [ RunTime:0.0050s ]
NOTIC: [8] Undefined index: p D:\wamp\www\wfx\Application\Admin\Controller\ShopController.class.php 第 97 行.
NOTIC: [8] Undefined variable: map D:\wamp\www\wfx\Application\Admin\Controller\ShopController.class.php 第 104 行.
SQL: SELECT * FROM `wfx_shop_goods` LIMIT 0,20   [ RunTime:0.0020s ]
NOTIC: [8] Undefined variable: map D:\wamp\www\wfx\Application\Admin\Controller\ShopController.class.php 第 105 行.
SQL: SELECT COUNT(*) AS tp_count FROM `wfx_shop_goods` LIMIT 1   [ RunTime:0.0010s ]
NOTIC: [2] Missing argument 6 for Admin\Controller\BaseController::getPage(), called in D:\wamp\www\wfx\Application\Admin\Controller\ShopController.class.php on line 106 and defined D:\wamp\www\wfx\Application\Admin\Controller\BaseController.class.php 第 91 行.
NOTIC: [8] Undefined variable: map D:\wamp\www\wfx\Application\Admin\Controller\BaseController.class.php 第 103 行.
INFO: [ view_parse ] --START--
INFO: [ template_filter ] --START--
INFO: Run Behavior\ContentReplaceBehavior [ RunTime:0.001000s ]
INFO: [ template_filter ] --END-- [ RunTime:-0.081004s ]
INFO: Run Behavior\ParseTemplateBehavior [ RunTime:0.103006s ]
INFO: [ view_parse ] --END-- [ RunTime:-0.031002s ]
INFO: [ view_filter ] --START--
INFO: Run Behavior\WriteHtmlCacheBehavior [ RunTime:0.000000s ]
INFO: [ view_filter ] --END-- [ RunTime:-0.133008s ]
INFO: [ app_end ] --START--
INFO: Run Behavior\ShowPageTraceBehavior [ RunTime:0.003000s ]
INFO: [ app_end ] --END-- [ RunTime:0.004000s ]

[ 2016-04-01T16:32:55+08:00 ] 127.0.0.1 /Admin/Shop/goodsSet
INFO: [ app_init ] --START--
INFO: Run Behavior\BuildLiteBehavior [ RunTime:0.000000s ]
INFO: [ app_init ] --END-- [ RunTime:0.003000s ]
INFO: [ app_begin ] --START--
INFO: Run Behavior\ReadHtmlCacheBehavior [ RunTime:0.003001s ]
INFO: [ app_begin ] --END-- [ RunTime:0.004001s ]
SQL: SHOW COLUMNS FROM `wfx_set` [ RunTime:0.0050s ]
SQL: SELECT * FROM `wfx_set` LIMIT 1   [ RunTime:0.0010s ]
SQL: SHOW COLUMNS FROM `wfx_cms_set` [ RunTime:0.0050s ]
SQL: SELECT * FROM `wfx_cms_set` LIMIT 1   [ RunTime:0.0010s ]
SQL: SHOW COLUMNS FROM `wfx_shop_set` [ RunTime:0.0060s ]
SQL: SELECT * FROM `wfx_shop_set` LIMIT 1   [ RunTime:0.0010s ]
SQL: SELECT * FROM `wfx_shop_set` LIMIT 1   [ RunTime:0.0010s ]
SQL: SHOW COLUMNS FROM `wfx_vip_set` [ RunTime:0.0050s ]
SQL: SELECT * FROM `wfx_vip_set` LIMIT 1   [ RunTime:0.0010s ]
SQL: SHOW COLUMNS FROM `wfx_shop_goods` [ RunTime:0.0040s ]
INFO: [ view_parse ] --START--
INFO: [ template_filter ] --START--
INFO: Run Behavior\ContentReplaceBehavior [ RunTime:0.001000s ]
INFO: [ template_filter ] --END-- [ RunTime:0.002000s ]
INFO: Run Behavior\ParseTemplateBehavior [ RunTime:0.051003s ]
INFO: [ view_parse ] --END-- [ RunTime:0.051003s ]
INFO: [ view_filter ] --START--
INFO: Run Behavior\WriteHtmlCacheBehavior [ RunTime:0.002000s ]
INFO: [ view_filter ] --END-- [ RunTime:0.003000s ]
SQL: SHOW COLUMNS FROM `wfx_shop_label` [ RunTime:0.0080s ]
SQL: SELECT * FROM `wfx_shop_label`  [ RunTime:0.0010s ]
SQL: SHOW COLUMNS FROM `wfx_shop_cate` [ RunTime:0.0040s ]
NOTIC: [2] Missing argument 4 for appTree(), called in D:\wamp\www\wfx\Application\Admin\Controller\ShopController.class.php on line 164 and defined D:\wamp\www\wfx\Application\Common\Common\function.php 第 279 行.
NOTIC: [8] Undefined variable: map D:\wamp\www\wfx\Application\Common\Common\function.php 第 281 行.
SQL: SELECT `id`,`pid`,`name`,`sorts`,concat(path,'-',id) as bpath FROM `wfx_shop_cate` ORDER BY sorts desc  [ RunTime:0.0030s ]
INFO: [ view_parse ] --START--
INFO: [ template_filter ] --START--
INFO: Run Behavior\ContentReplaceBehavior [ RunTime:0.001000s ]
INFO: [ template_filter ] --END-- [ RunTime:-0.152009s ]
NOTIC: [8] Undefined variable: cache D:\wamp\www\wfx\Application\Runtime\Cache\Admin\2f73b4e2349942aaa817bec043f52f9e.php 第 24 行.
NOTIC: [8] Undefined variable: cache D:\wamp\www\wfx\Application\Runtime\Cache\Admin\2f73b4e2349942aaa817bec043f52f9e.php 第 35 行.
NOTIC: [8] Undefined index: _child D:\wamp\www\wfx\Application\Runtime\Cache\Admin\2f73b4e2349942aaa817bec043f52f9e.php 第 36 行.
NOTIC: [8] Undefined variable: cache D:\wamp\www\wfx\Application\Runtime\Cache\Admin\2f73b4e2349942aaa817bec043f52f9e.php 第 35 行.
NOTIC: [8] Undefined index: _child D:\wamp\www\wfx\Application\Runtime\Cache\Admin\2f73b4e2349942aaa817bec043f52f9e.php 第 36 行.
NOTIC: [8] Undefined variable: cache D:\wamp\www\wfx\Application\Runtime\Cache\Admin\2f73b4e2349942aaa817bec043f52f9e.php 第 35 行.
NOTIC: [8] Undefined index: _child D:\wamp\www\wfx\Application\Runtime\Cache\Admin\2f73b4e2349942aaa817bec043f52f9e.php 第 36 行.
NOTIC: [8] Undefined variable: cache D:\wamp\www\wfx\Application\Runtime\Cache\Admin\2f73b4e2349942aaa817bec043f52f9e.php 第 35 行.
NOTIC: [8] Undefined index: _child D:\wamp\www\wfx\Application\Runtime\Cache\Admin\2f73b4e2349942aaa817bec043f52f9e.php 第 36 行.
NOTIC: [8] Undefined variable: cache D:\wamp\www\wfx\Application\Runtime\Cache\Admin\2f73b4e2349942aaa817bec043f52f9e.php 第 35 行.
NOTIC: [8] Undefined index: _child D:\wamp\www\wfx\Application\Runtime\Cache\Admin\2f73b4e2349942aaa817bec043f52f9e.php 第 36 行.
NOTIC: [8] Undefined variable: cache D:\wamp\www\wfx\Application\Runtime\Cache\Admin\2f73b4e2349942aaa817bec043f52f9e.php 第 35 行.
NOTIC: [8] Undefined index: _child D:\wamp\www\wfx\Application\Runtime\Cache\Admin\2f73b4e2349942aaa817bec043f52f9e.php 第 36 行.
NOTIC: [8] Undefined variable: cache D:\wamp\www\wfx\Application\Runtime\Cache\Admin\2f73b4e2349942aaa817bec043f52f9e.php 第 35 行.
NOTIC: [8] Undefined index: _child D:\wamp\www\wfx\Application\Runtime\Cache\Admin\2f73b4e2349942aaa817bec043f52f9e.php 第 36 行.
NOTIC: [8] Undefined variable: cache D:\wamp\www\wfx\Application\Runtime\Cache\Admin\2f73b4e2349942aaa817bec043f52f9e.php 第 35 行.
NOTIC: [8] Undefined index: _child D:\wamp\www\wfx\Application\Runtime\Cache\Admin\2f73b4e2349942aaa817bec043f52f9e.php 第 36 行.
NOTIC: [8] Undefined variable: cache D:\wamp\www\wfx\Application\Runtime\Cache\Admin\2f73b4e2349942aaa817bec043f52f9e.php 第 35 行.
NOTIC: [8] Undefined index: _child D:\wamp\www\wfx\Application\Runtime\Cache\Admin\2f73b4e2349942aaa817bec043f52f9e.php 第 36 行.
NOTIC: [8] Undefined variable: cache D:\wamp\www\wfx\Application\Runtime\Cache\Admin\2f73b4e2349942aaa817bec043f52f9e.php 第 35 行.
NOTIC: [8] Undefined index: _child D:\wamp\www\wfx\Application\Runtime\Cache\Admin\2f73b4e2349942aaa817bec043f52f9e.php 第 36 行.
NOTIC: [8] Undefined variable: cache D:\wamp\www\wfx\Application\Runtime\Cache\Admin\2f73b4e2349942aaa817bec043f52f9e.php 第 46 行.
NOTIC: [8] Undefined variable: cache D:\wamp\www\wfx\Application\Runtime\Cache\Admin\2f73b4e2349942aaa817bec043f52f9e.php 第 53 行.
NOTIC: [8] Undefined variable: cache D:\wamp\www\wfx\Application\Runtime\Cache\Admin\2f73b4e2349942aaa817bec043f52f9e.php 第 64 行.
NOTIC: [8] Undefined variable: cache D:\wamp\www\wfx\Application\Runtime\Cache\Admin\2f73b4e2349942aaa817bec043f52f9e.php 第 75 行.
NOTIC: [8] Undefined variable: cache D:\wamp\www\wfx\Application\Runtime\Cache\Admin\2f73b4e2349942aaa817bec043f52f9e.php 第 86 行.
NOTIC: [8] Undefined variable: cache D:\wamp\www\wfx\Application\Runtime\Cache\Admin\2f73b4e2349942aaa817bec043f52f9e.php 第 96 行.
NOTIC: [8] Undefined variable: cache D:\wamp\www\wfx\Application\Runtime\Cache\Admin\2f73b4e2349942aaa817bec043f52f9e.php 第 102 行.
NOTIC: [8] Undefined variable: cache D:\wamp\www\wfx\Application\Runtime\Cache\Admin\2f73b4e2349942aaa817bec043f52f9e.php 第 108 行.
NOTIC: [8] Undefined variable: cache D:\wamp\www\wfx\Application\Runtime\Cache\Admin\2f73b4e2349942aaa817bec043f52f9e.php 第 118 行.
NOTIC: [8] Undefined variable: cache D:\wamp\www\wfx\Application\Runtime\Cache\Admin\2f73b4e2349942aaa817bec043f52f9e.php 第 126 行.
NOTIC: [8] Undefined variable: cache D:\wamp\www\wfx\Application\Runtime\Cache\Admin\2f73b4e2349942aaa817bec043f52f9e.php 第 133 行.
NOTIC: [8] Undefined variable: cache D:\wamp\www\wfx\Application\Runtime\Cache\Admin\2f73b4e2349942aaa817bec043f52f9e.php 第 134 行.
NOTIC: [8] Undefined variable: cache D:\wamp\www\wfx\Application\Runtime\Cache\Admin\2f73b4e2349942aaa817bec043f52f9e.php 第 143 行.
NOTIC: [8] Undefined variable: cache D:\wamp\www\wfx\Application\Runtime\Cache\Admin\2f73b4e2349942aaa817bec043f52f9e.php 第 144 行.
NOTIC: [8] Undefined variable: cache D:\wamp\www\wfx\Application\Runtime\Cache\Admin\2f73b4e2349942aaa817bec043f52f9e.php 第 153 行.
NOTIC: [8] Undefined variable: cache D:\wamp\www\wfx\Application\Runtime\Cache\Admin\2f73b4e2349942aaa817bec043f52f9e.php 第 154 行.
NOTIC: [8] Undefined variable: cache D:\wamp\www\wfx\Application\Runtime\Cache\Admin\2f73b4e2349942aaa817bec043f52f9e.php 第 162 行.
NOTIC: [8] Undefined variable: cache D:\wamp\www\wfx\Application\Runtime\Cache\Admin\2f73b4e2349942aaa817bec043f52f9e.php 第 169 行.
NOTIC: [8] Undefined variable: cache D:\wamp\www\wfx\Application\Runtime\Cache\Admin\2f73b4e2349942aaa817bec043f52f9e.php 第 169 行.
NOTIC: [8] Undefined variable: cache D:\wamp\www\wfx\Application\Runtime\Cache\Admin\2f73b4e2349942aaa817bec043f52f9e.php 第 173 行.
NOTIC: [8] Undefined variable: cache D:\wamp\www\wfx\Application\Runtime\Cache\Admin\2f73b4e2349942aaa817bec043f52f9e.php 第 178 行.
NOTIC: [8] Undefined variable: cache D:\wamp\www\wfx\Application\Runtime\Cache\Admin\2f73b4e2349942aaa817bec043f52f9e.php 第 184 行.
NOTIC: [8] Undefined variable: cache D:\wamp\www\wfx\Application\Runtime\Cache\Admin\2f73b4e2349942aaa817bec043f52f9e.php 第 193 行.
NOTIC: [8] Undefined variable: cache D:\wamp\www\wfx\Application\Runtime\Cache\Admin\2f73b4e2349942aaa817bec043f52f9e.php 第 199 行.
INFO: Run Behavior\ParseTemplateBehavior [ RunTime:0.166009s ]
INFO: [ view_parse ] --END-- [ RunTime:-0.034002s ]
INFO: [ view_filter ] --START--
INFO: Run Behavior\WriteHtmlCacheBehavior [ RunTime:0.000000s ]
INFO: [ view_filter ] --END-- [ RunTime:-0.198011s ]
INFO: [ app_end ] --START--
INFO: Run Behavior\ShowPageTraceBehavior [ RunTime:0.003000s ]
INFO: [ app_end ] --END-- [ RunTime:0.004000s ]

[ 2016-04-01T16:34:37+08:00 ] 127.0.0.1 /Admin/Index/index
INFO: [ app_init ] --START--
INFO: Run Behavior\BuildLiteBehavior [ RunTime:0.001000s ]
INFO: [ app_init ] --END-- [ RunTime:0.002000s ]
INFO: [ app_begin ] --START--
INFO: Run Behavior\ReadHtmlCacheBehavior [ RunTime:0.004000s ]
INFO: [ app_begin ] --END-- [ RunTime:0.004000s ]
SQL: SHOW COLUMNS FROM `wfx_set` [ RunTime:0.0060s ]
SQL: SELECT * FROM `wfx_set` LIMIT 1   [ RunTime:0.0010s ]
SQL: SHOW COLUMNS FROM `wfx_cms_set` [ RunTime:0.0050s ]
SQL: SELECT * FROM `wfx_cms_set` LIMIT 1   [ RunTime:0.0020s ]
SQL: SHOW COLUMNS FROM `wfx_shop_set` [ RunTime:0.0060s ]
SQL: SELECT * FROM `wfx_shop_set` LIMIT 1   [ RunTime:0.0010s ]
SQL: SHOW COLUMNS FROM `wfx_user_oath` [ RunTime:0.0050s ]
SQL: SELECT * FROM `wfx_user_oath`  [ RunTime:0.0010s ]
INFO: [ view_parse ] --START--
INFO: [ template_filter ] --START--
INFO: Run Behavior\ContentReplaceBehavior [ RunTime:0.003000s ]
INFO: [ template_filter ] --END-- [ RunTime:0.004000s ]
INFO: Run Behavior\ParseTemplateBehavior [ RunTime:0.270016s ]
INFO: [ view_parse ] --END-- [ RunTime:0.272016s ]
INFO: [ view_filter ] --START--
INFO: Run Behavior\WriteHtmlCacheBehavior [ RunTime:0.002000s ]
INFO: [ view_filter ] --END-- [ RunTime:0.003000s ]
INFO: [ app_end ] --START--
INFO: Run Behavior\ShowPageTraceBehavior [ RunTime:0.004000s ]
INFO: [ app_end ] --END-- [ RunTime:0.004000s ]

[ 2016-04-01T16:34:44+08:00 ] 127.0.0.1 /Admin/Index/main
INFO: [ app_init ] --START--
INFO: Run Behavior\BuildLiteBehavior [ RunTime:0.000000s ]
INFO: [ app_init ] --END-- [ RunTime:0.003000s ]
INFO: [ app_begin ] --START--
INFO: Run Behavior\ReadHtmlCacheBehavior [ RunTime:0.004000s ]
INFO: [ app_begin ] --END-- [ RunTime:0.005000s ]
SQL: SHOW COLUMNS FROM `wfx_set` [ RunTime:0.0060s ]
SQL: SELECT * FROM `wfx_set` LIMIT 1   [ RunTime:0.0010s ]
SQL: SHOW COLUMNS FROM `wfx_cms_set` [ RunTime:0.0050s ]
SQL: SELECT * FROM `wfx_cms_set` LIMIT 1   [ RunTime:0.0010s ]
SQL: SHOW COLUMNS FROM `wfx_shop_set` [ RunTime:0.0060s ]
SQL: SELECT * FROM `wfx_shop_set` LIMIT 1   [ RunTime:0.0010s ]
INFO: [ view_parse ] --START--
INFO: [ template_filter ] --START--
INFO: Run Behavior\ContentReplaceBehavior [ RunTime:0.001000s ]
INFO: [ template_filter ] --END-- [ RunTime:0.002000s ]
INFO: Run Behavior\ParseTemplateBehavior [ RunTime:0.052003s ]
INFO: [ view_parse ] --END-- [ RunTime:0.053003s ]
INFO: [ view_filter ] --START--
INFO: Run Behavior\WriteHtmlCacheBehavior [ RunTime:0.002000s ]
INFO: [ view_filter ] --END-- [ RunTime:0.003001s ]
SQL: SHOW COLUMNS FROM `wfx_vip` [ RunTime:0.0060s ]
SQL: SELECT COUNT(*) AS tp_count FROM `wfx_vip` LIMIT 1   [ RunTime:0.0010s ]
SQL: SELECT COUNT(*) AS tp_count FROM `wfx_vip` WHERE ( subscribe=1 ) LIMIT 1   [ RunTime:0.0010s ]
SQL: SELECT COUNT(*) AS tp_count FROM `wfx_vip` WHERE `ctime` BETWEEN 1459440000 AND 1459526399 LIMIT 1   [ RunTime:0.0020s ]
SQL: SELECT COUNT(*) AS tp_count FROM `wfx_vip` WHERE `ctime` BETWEEN 1459353600 AND 1459439999 LIMIT 1   [ RunTime:0.0020s ]
SQL: SHOW COLUMNS FROM `wfx_shop_order` [ RunTime:0.0040s ]
SQL: SELECT COUNT(*) AS tp_count FROM `wfx_shop_order` LIMIT 1   [ RunTime:0.0010s ]
SQL: SELECT COUNT(*) AS tp_count FROM `wfx_shop_order` WHERE ( status=0 ) LIMIT 1   [ RunTime:0.0020s ]
SQL: SELECT COUNT(*) AS tp_count FROM `wfx_shop_order` WHERE ( status=1 ) LIMIT 1   [ RunTime:0.0010s ]
SQL: SELECT COUNT(*) AS tp_count FROM `wfx_shop_order` WHERE ( status=2 ) LIMIT 1   [ RunTime:0.0010s ]
SQL: SELECT COUNT(*) AS tp_count FROM `wfx_shop_order` WHERE ( status=3 ) LIMIT 1   [ RunTime:0.0010s ]
SQL: SELECT COUNT(*) AS tp_count FROM `wfx_shop_order` WHERE ( status=4 ) LIMIT 1   [ RunTime:0.0010s ]
SQL: SELECT COUNT(*) AS tp_count FROM `wfx_shop_order` WHERE ( status=5 ) LIMIT 1   [ RunTime:0.0010s ]
SQL: SELECT COUNT(*) AS tp_count FROM `wfx_shop_order` WHERE ( status=6 ) LIMIT 1   [ RunTime:0.0010s ]
SQL: SELECT COUNT(*) AS tp_count FROM `wfx_shop_order` WHERE `ctime` BETWEEN 1459440000 AND 1459526399 LIMIT 1   [ RunTime:0.0010s ]
SQL: SELECT COUNT(*) AS tp_count FROM `wfx_shop_order` WHERE `ctime` BETWEEN 1459353600 AND 1459439999 LIMIT 1   [ RunTime:0.0010s ]
SQL: SHOW COLUMNS FROM `wfx_fx_syslog` [ RunTime:0.0050s ]
SQL: SELECT SUM(fxyj) AS tp_sum FROM `wfx_fx_syslog` LIMIT 1   [ RunTime:0.0010s ]
SQL: SELECT SUM(fxyj) AS tp_sum FROM `wfx_fx_syslog` WHERE `ctime` BETWEEN 1459440000 AND 1459526399 LIMIT 1   [ RunTime:0.0000s ]
SQL: SELECT SUM(fxyj) AS tp_sum FROM `wfx_fx_syslog` WHERE `ctime` BETWEEN 1459353600 AND 1459439999 LIMIT 1   [ RunTime:0.0010s ]
NOTIC: [2] Division by zero D:\wamp\www\wfx\Application\Admin\Controller\IndexController.class.php 第 138 行.
SQL: SELECT COUNT(*) AS tp_count FROM `wfx_vip` WHERE `isfx` = 0 AND `isfxgd` = 0 LIMIT 1   [ RunTime:0.0000s ]
SQL: SELECT COUNT(*) AS tp_count FROM `wfx_vip` WHERE `isfx` = 1 AND `isfxgd` = 0 LIMIT 1   [ RunTime:0.0010s ]
SQL: SELECT COUNT(*) AS tp_count FROM `wfx_vip` WHERE ( isfxgd=1 ) LIMIT 1   [ RunTime:0.0010s ]
SQL: SHOW COLUMNS FROM `wfx_vip_log_sub` [ RunTime:0.0060s ]
SQL: SELECT * FROM `wfx_vip_log_sub` ORDER BY ctime desc LIMIT 5   [ RunTime:0.0020s ]
SQL: SELECT * FROM `wfx_vip` WHERE ( id=12 ) LIMIT 1   [ RunTime:0.0020s ]
SQL: SELECT * FROM `wfx_vip` WHERE ( id=11 ) LIMIT 1   [ RunTime:0.0010s ]
SQL: SELECT * FROM `wfx_vip` WHERE ( id=10 ) LIMIT 1   [ RunTime:0.0030s ]
SQL: SELECT * FROM `wfx_vip` WHERE ( id=9 ) LIMIT 1   [ RunTime:0.0020s ]
SQL: SELECT * FROM `wfx_vip` WHERE ( id=8 ) LIMIT 1   [ RunTime:0.0030s ]
SQL: SELECT * FROM `wfx_fx_syslog` ORDER BY ctime desc LIMIT 5   [ RunTime:0.0010s ]
SQL: SHOW COLUMNS FROM `wfx_fx_log_tj` [ RunTime:0.0050s ]
SQL: SELECT * FROM `wfx_fx_log_tj` ORDER BY ctime desc LIMIT 5   [ RunTime:0.0020s ]
SQL: SELECT * FROM `wfx_shop_order` WHERE `ispay` = 1 AND `status` = 2 ORDER BY ctime desc LIMIT 5   [ RunTime:0.0020s ]
SQL: SELECT * FROM `wfx_vip` WHERE ( id=1 ) LIMIT 1   [ RunTime:0.0020s ]
SQL: SELECT * FROM `wfx_vip` WHERE ( id=1 ) LIMIT 1   [ RunTime:0.0020s ]
SQL: SELECT * FROM `wfx_vip` WHERE ( id=1 ) LIMIT 1   [ RunTime:0.0010s ]
SQL: SELECT * FROM `wfx_vip` WHERE ( id=1 ) LIMIT 1   [ RunTime:0.0010s ]
SQL: SELECT * FROM `wfx_vip` WHERE ( id=1 ) LIMIT 1   [ RunTime:0.0010s ]
SQL: SELECT SUM(totalprice) AS tp_sum FROM `wfx_shop_order` WHERE `ispay` = 1 LIMIT 1   [ RunTime:0.0010s ]
SQL: SELECT SUM(totalprice) AS tp_sum FROM `wfx_shop_order` WHERE `status` = 5 LIMIT 1   [ RunTime:0.0000s ]
SQL: SELECT SUM(totalnum) AS tp_sum FROM `wfx_shop_order` WHERE `ispay` = 1 LIMIT 1   [ RunTime:0.0010s ]
SQL: SHOW COLUMNS FROM `wfx_vip_tx` [ RunTime:0.0050s ]
SQL: SELECT SUM(txprice) AS tp_sum FROM `wfx_vip_tx` WHERE `status` = 2 LIMIT 1   [ RunTime:0.0010s ]
INFO: [ view_parse ] --START--
INFO: [ template_filter ] --START--
INFO: Run Behavior\ContentReplaceBehavior [ RunTime:0.002000s ]
INFO: [ template_filter ] --END-- [ RunTime:-0.330019s ]
INFO: Run Behavior\ParseTemplateBehavior [ RunTime:0.144008s ]
INFO: [ view_parse ] --END-- [ RunTime:-0.222013s ]
INFO: [ view_filter ] --START--
INFO: Run Behavior\WriteHtmlCacheBehavior [ RunTime:0.000000s ]
INFO: [ view_filter ] --END-- [ RunTime:-0.365021s ]
INFO: [ app_end ] --START--
INFO: Run Behavior\ShowPageTraceBehavior [ RunTime:0.003000s ]
INFO: [ app_end ] --END-- [ RunTime:0.003000s ]

[ 2016-04-01T16:43:44+08:00 ] 127.0.0.1 /Admin/Index/index
INFO: [ app_init ] --START--
INFO: Run Behavior\BuildLiteBehavior [ RunTime:0.000000s ]
INFO: [ app_init ] --END-- [ RunTime:0.003000s ]
INFO: [ app_begin ] --START--
INFO: Run Behavior\ReadHtmlCacheBehavior [ RunTime:0.003000s ]
INFO: [ app_begin ] --END-- [ RunTime:0.005000s ]
SQL: SHOW COLUMNS FROM `wfx_set` [ RunTime:0.0060s ]
SQL: SELECT * FROM `wfx_set` LIMIT 1   [ RunTime:0.0010s ]
SQL: SHOW COLUMNS FROM `wfx_cms_set` [ RunTime:0.0060s ]
SQL: SELECT * FROM `wfx_cms_set` LIMIT 1   [ RunTime:0.0010s ]
SQL: SHOW COLUMNS FROM `wfx_shop_set` [ RunTime:0.0060s ]
SQL: SELECT * FROM `wfx_shop_set` LIMIT 1   [ RunTime:0.0010s ]
SQL: SHOW COLUMNS FROM `wfx_user_oath` [ RunTime:0.0050s ]
SQL: SELECT * FROM `wfx_user_oath`  [ RunTime:0.0010s ]
INFO: [ view_parse ] --START--
INFO: [ template_filter ] --START--
INFO: Run Behavior\ContentReplaceBehavior [ RunTime:0.003000s ]
INFO: [ template_filter ] --END-- [ RunTime:0.003000s ]
INFO: Run Behavior\ParseTemplateBehavior [ RunTime:0.272016s ]
INFO: [ view_parse ] --END-- [ RunTime:0.274016s ]
INFO: [ view_filter ] --START--
INFO: Run Behavior\WriteHtmlCacheBehavior [ RunTime:0.002000s ]
INFO: [ view_filter ] --END-- [ RunTime:0.004000s ]
INFO: [ app_end ] --START--
INFO: Run Behavior\ShowPageTraceBehavior [ RunTime:0.005000s ]
INFO: [ app_end ] --END-- [ RunTime:0.006000s ]

[ 2016-04-01T16:43:46+08:00 ] 127.0.0.1 /Admin/Index/main
INFO: [ app_init ] --START--
INFO: Run Behavior\BuildLiteBehavior [ RunTime:0.000000s ]
INFO: [ app_init ] --END-- [ RunTime:0.002001s ]
INFO: [ app_begin ] --START--
INFO: Run Behavior\ReadHtmlCacheBehavior [ RunTime:0.002000s ]
INFO: [ app_begin ] --END-- [ RunTime:0.003000s ]
SQL: SHOW COLUMNS FROM `wfx_set` [ RunTime:0.0060s ]
SQL: SELECT * FROM `wfx_set` LIMIT 1   [ RunTime:0.0010s ]
SQL: SHOW COLUMNS FROM `wfx_cms_set` [ RunTime:0.0040s ]
SQL: SELECT * FROM `wfx_cms_set` LIMIT 1   [ RunTime:0.0010s ]
SQL: SHOW COLUMNS FROM `wfx_shop_set` [ RunTime:0.0050s ]
SQL: SELECT * FROM `wfx_shop_set` LIMIT 1   [ RunTime:0.0010s ]
INFO: [ view_parse ] --START--
INFO: [ template_filter ] --START--
INFO: Run Behavior\ContentReplaceBehavior [ RunTime:0.000000s ]
INFO: [ template_filter ] --END-- [ RunTime:0.002000s ]
INFO: Run Behavior\ParseTemplateBehavior [ RunTime:0.045002s ]
INFO: [ view_parse ] --END-- [ RunTime:0.046002s ]
INFO: [ view_filter ] --START--
INFO: Run Behavior\WriteHtmlCacheBehavior [ RunTime:0.002001s ]
INFO: [ view_filter ] --END-- [ RunTime:0.002001s ]
SQL: SHOW COLUMNS FROM `wfx_vip` [ RunTime:0.0060s ]
SQL: SELECT COUNT(*) AS tp_count FROM `wfx_vip` LIMIT 1   [ RunTime:0.0010s ]
SQL: SELECT COUNT(*) AS tp_count FROM `wfx_vip` WHERE ( subscribe=1 ) LIMIT 1   [ RunTime:0.0010s ]
SQL: SELECT COUNT(*) AS tp_count FROM `wfx_vip` WHERE `ctime` BETWEEN 1459440000 AND 1459526399 LIMIT 1   [ RunTime:0.0010s ]
SQL: SELECT COUNT(*) AS tp_count FROM `wfx_vip` WHERE `ctime` BETWEEN 1459353600 AND 1459439999 LIMIT 1   [ RunTime:0.0010s ]
SQL: SHOW COLUMNS FROM `wfx_shop_order` [ RunTime:0.0030s ]
SQL: SELECT COUNT(*) AS tp_count FROM `wfx_shop_order` LIMIT 1   [ RunTime:0.0010s ]
SQL: SELECT COUNT(*) AS tp_count FROM `wfx_shop_order` WHERE ( status=0 ) LIMIT 1   [ RunTime:0.0010s ]
SQL: SELECT COUNT(*) AS tp_count FROM `wfx_shop_order` WHERE ( status=1 ) LIMIT 1   [ RunTime:0.0010s ]
SQL: SELECT COUNT(*) AS tp_count FROM `wfx_shop_order` WHERE ( status=2 ) LIMIT 1   [ RunTime:0.0020s ]
SQL: SELECT COUNT(*) AS tp_count FROM `wfx_shop_order` WHERE ( status=3 ) LIMIT 1   [ RunTime:0.0010s ]
SQL: SELECT COUNT(*) AS tp_count FROM `wfx_shop_order` WHERE ( status=4 ) LIMIT 1   [ RunTime:0.0010s ]
SQL: SELECT COUNT(*) AS tp_count FROM `wfx_shop_order` WHERE ( status=5 ) LIMIT 1   [ RunTime:0.0010s ]
SQL: SELECT COUNT(*) AS tp_count FROM `wfx_shop_order` WHERE ( status=6 ) LIMIT 1   [ RunTime:0.0010s ]
SQL: SELECT COUNT(*) AS tp_count FROM `wfx_shop_order` WHERE `ctime` BETWEEN 1459440000 AND 1459526399 LIMIT 1   [ RunTime:0.0010s ]
SQL: SELECT COUNT(*) AS tp_count FROM `wfx_shop_order` WHERE `ctime` BETWEEN 1459353600 AND 1459439999 LIMIT 1   [ RunTime:0.0010s ]
SQL: SHOW COLUMNS FROM `wfx_fx_syslog` [ RunTime:0.0050s ]
SQL: SELECT SUM(fxyj) AS tp_sum FROM `wfx_fx_syslog` LIMIT 1   [ RunTime:0.0010s ]
SQL: SELECT SUM(fxyj) AS tp_sum FROM `wfx_fx_syslog` WHERE `ctime` BETWEEN 1459440000 AND 1459526399 LIMIT 1   [ RunTime:0.0010s ]
SQL: SELECT SUM(fxyj) AS tp_sum FROM `wfx_fx_syslog` WHERE `ctime` BETWEEN 1459353600 AND 1459439999 LIMIT 1   [ RunTime:0.0010s ]
NOTIC: [2] Division by zero D:\wamp\www\wfx\Application\Admin\Controller\IndexController.class.php 第 138 行.
SQL: SELECT COUNT(*) AS tp_count FROM `wfx_vip` WHERE `isfx` = 0 AND `isfxgd` = 0 LIMIT 1   [ RunTime:0.0010s ]
SQL: SELECT COUNT(*) AS tp_count FROM `wfx_vip` WHERE `isfx` = 1 AND `isfxgd` = 0 LIMIT 1   [ RunTime:0.0010s ]
SQL: SELECT COUNT(*) AS tp_count FROM `wfx_vip` WHERE ( isfxgd=1 ) LIMIT 1   [ RunTime:0.0010s ]
SQL: SHOW COLUMNS FROM `wfx_vip_log_sub` [ RunTime:0.0050s ]
SQL: SELECT * FROM `wfx_vip_log_sub` ORDER BY ctime desc LIMIT 5   [ RunTime:0.0010s ]
SQL: SELECT * FROM `wfx_vip` WHERE ( id=12 ) LIMIT 1   [ RunTime:0.0020s ]
SQL: SELECT * FROM `wfx_vip` WHERE ( id=11 ) LIMIT 1   [ RunTime:0.0010s ]
SQL: SELECT * FROM `wfx_vip` WHERE ( id=10 ) LIMIT 1   [ RunTime:0.0020s ]
SQL: SELECT * FROM `wfx_vip` WHERE ( id=9 ) LIMIT 1   [ RunTime:0.0010s ]
SQL: SELECT * FROM `wfx_vip` WHERE ( id=8 ) LIMIT 1   [ RunTime:0.0010s ]
SQL: SELECT * FROM `wfx_fx_syslog` ORDER BY ctime desc LIMIT 5   [ RunTime:0.0010s ]
SQL: SHOW COLUMNS FROM `wfx_fx_log_tj` [ RunTime:0.0060s ]
SQL: SELECT * FROM `wfx_fx_log_tj` ORDER BY ctime desc LIMIT 5   [ RunTime:0.0020s ]
SQL: SELECT * FROM `wfx_shop_order` WHERE `ispay` = 1 AND `status` = 2 ORDER BY ctime desc LIMIT 5   [ RunTime:0.0020s ]
SQL: SELECT * FROM `wfx_vip` WHERE ( id=1 ) LIMIT 1   [ RunTime:0.0010s ]
SQL: SELECT * FROM `wfx_vip` WHERE ( id=1 ) LIMIT 1   [ RunTime:0.0010s ]
SQL: SELECT * FROM `wfx_vip` WHERE ( id=1 ) LIMIT 1   [ RunTime:0.0010s ]
SQL: SELECT * FROM `wfx_vip` WHERE ( id=1 ) LIMIT 1   [ RunTime:0.0010s ]
SQL: SELECT * FROM `wfx_vip` WHERE ( id=1 ) LIMIT 1   [ RunTime:0.0010s ]
SQL: SELECT SUM(totalprice) AS tp_sum FROM `wfx_shop_order` WHERE `ispay` = 1 LIMIT 1   [ RunTime:0.0010s ]
SQL: SELECT SUM(totalprice) AS tp_sum FROM `wfx_shop_order` WHERE `status` = 5 LIMIT 1   [ RunTime:0.0010s ]
SQL: SELECT SUM(totalnum) AS tp_sum FROM `wfx_shop_order` WHERE `ispay` = 1 LIMIT 1   [ RunTime:0.0010s ]
SQL: SHOW COLUMNS FROM `wfx_vip_tx` [ RunTime:0.0040s ]
SQL: SELECT SUM(txprice) AS tp_sum FROM `wfx_vip_tx` WHERE `status` = 2 LIMIT 1   [ RunTime:0.0010s ]
INFO: [ view_parse ] --START--
INFO: [ template_filter ] --START--
INFO: Run Behavior\ContentReplaceBehavior [ RunTime:0.002000s ]
INFO: [ template_filter ] --END-- [ RunTime:-0.312018s ]
INFO: Run Behavior\ParseTemplateBehavior [ RunTime:0.149009s ]
INFO: [ view_parse ] --END-- [ RunTime:-0.194011s ]
INFO: [ view_filter ] --START--
INFO: Run Behavior\WriteHtmlCacheBehavior [ RunTime:0.001000s ]
INFO: [ view_filter ] --END-- [ RunTime:-0.341019s ]
INFO: [ app_end ] --START--
INFO: Run Behavior\ShowPageTraceBehavior [ RunTime:0.004000s ]
INFO: [ app_end ] --END-- [ RunTime:0.005000s ]

[ 2016-04-01T16:43:52+08:00 ] 127.0.0.1 /Admin/Shop/goods
INFO: [ app_init ] --START--
INFO: Run Behavior\BuildLiteBehavior [ RunTime:0.000000s ]
INFO: [ app_init ] --END-- [ RunTime:0.003000s ]
INFO: [ app_begin ] --START--
INFO: Run Behavior\ReadHtmlCacheBehavior [ RunTime:0.003000s ]
INFO: [ app_begin ] --END-- [ RunTime:0.004000s ]
SQL: SHOW COLUMNS FROM `wfx_set` [ RunTime:0.0060s ]
SQL: SELECT * FROM `wfx_set` LIMIT 1   [ RunTime:0.0010s ]
SQL: SHOW COLUMNS FROM `wfx_cms_set` [ RunTime:0.0050s ]
SQL: SELECT * FROM `wfx_cms_set` LIMIT 1   [ RunTime:0.0010s ]
SQL: SHOW COLUMNS FROM `wfx_shop_set` [ RunTime:0.0060s ]
SQL: SELECT * FROM `wfx_shop_set` LIMIT 1   [ RunTime:0.0010s ]
SQL: SELECT * FROM `wfx_shop_set` LIMIT 1   [ RunTime:0.0010s ]
SQL: SHOW COLUMNS FROM `wfx_vip_set` [ RunTime:0.0060s ]
SQL: SELECT * FROM `wfx_vip_set` LIMIT 1   [ RunTime:0.0010s ]
INFO: [ view_parse ] --START--
INFO: [ template_filter ] --START--
INFO: Run Behavior\ContentReplaceBehavior [ RunTime:0.001000s ]
INFO: [ template_filter ] --END-- [ RunTime:0.002000s ]
INFO: Run Behavior\ParseTemplateBehavior [ RunTime:0.052003s ]
INFO: [ view_parse ] --END-- [ RunTime:0.053003s ]
INFO: [ view_filter ] --START--
INFO: Run Behavior\WriteHtmlCacheBehavior [ RunTime:0.003000s ]
INFO: [ view_filter ] --END-- [ RunTime:0.003000s ]
SQL: SHOW COLUMNS FROM `wfx_shop_goods` [ RunTime:0.0030s ]
NOTIC: [8] Undefined index: p D:\wamp\www\wfx\Application\Admin\Controller\ShopController.class.php 第 97 行.
NOTIC: [8] Undefined variable: map D:\wamp\www\wfx\Application\Admin\Controller\ShopController.class.php 第 104 行.
SQL: SELECT * FROM `wfx_shop_goods` LIMIT 0,20   [ RunTime:0.0010s ]
NOTIC: [8] Undefined variable: map D:\wamp\www\wfx\Application\Admin\Controller\ShopController.class.php 第 105 行.
SQL: SELECT COUNT(*) AS tp_count FROM `wfx_shop_goods` LIMIT 1   [ RunTime:0.0000s ]
NOTIC: [2] Missing argument 6 for Admin\Controller\BaseController::getPage(), called in D:\wamp\www\wfx\Application\Admin\Controller\ShopController.class.php on line 106 and defined D:\wamp\www\wfx\Application\Admin\Controller\BaseController.class.php 第 91 行.
NOTIC: [8] Undefined variable: map D:\wamp\www\wfx\Application\Admin\Controller\BaseController.class.php 第 103 行.
INFO: [ view_parse ] --START--
INFO: [ template_filter ] --START--
INFO: Run Behavior\ContentReplaceBehavior [ RunTime:0.001000s ]
INFO: [ template_filter ] --END-- [ RunTime:-0.078005s ]
INFO: Run Behavior\ParseTemplateBehavior [ RunTime:0.103006s ]
INFO: [ view_parse ] --END-- [ RunTime:-0.028002s ]
INFO: [ view_filter ] --START--
INFO: Run Behavior\WriteHtmlCacheBehavior [ RunTime:0.001000s ]
INFO: [ view_filter ] --END-- [ RunTime:-0.130008s ]
INFO: [ app_end ] --START--
INFO: Run Behavior\ShowPageTraceBehavior [ RunTime:0.003000s ]
INFO: [ app_end ] --END-- [ RunTime:0.004000s ]

[ 2016-04-01T16:43:54+08:00 ] 127.0.0.1 /Admin/Shop/goodsSet
INFO: [ app_init ] --START--
INFO: Run Behavior\BuildLiteBehavior [ RunTime:0.000000s ]
INFO: [ app_init ] --END-- [ RunTime:0.005000s ]
INFO: [ app_begin ] --START--
INFO: Run Behavior\ReadHtmlCacheBehavior [ RunTime:0.003000s ]
INFO: [ app_begin ] --END-- [ RunTime:0.004000s ]
SQL: SHOW COLUMNS FROM `wfx_set` [ RunTime:0.0050s ]
SQL: SELECT * FROM `wfx_set` LIMIT 1   [ RunTime:0.0010s ]
SQL: SHOW COLUMNS FROM `wfx_cms_set` [ RunTime:0.0050s ]
SQL: SELECT * FROM `wfx_cms_set` LIMIT 1   [ RunTime:0.0010s ]
SQL: SHOW COLUMNS FROM `wfx_shop_set` [ RunTime:0.0060s ]
SQL: SELECT * FROM `wfx_shop_set` LIMIT 1   [ RunTime:0.0010s ]
SQL: SELECT * FROM `wfx_shop_set` LIMIT 1   [ RunTime:0.0010s ]
SQL: SHOW COLUMNS FROM `wfx_vip_set` [ RunTime:0.0050s ]
SQL: SELECT * FROM `wfx_vip_set` LIMIT 1   [ RunTime:0.0010s ]
SQL: SHOW COLUMNS FROM `wfx_shop_goods` [ RunTime:0.0030s ]
INFO: [ view_parse ] --START--
INFO: [ template_filter ] --START--
INFO: Run Behavior\ContentReplaceBehavior [ RunTime:0.000000s ]
INFO: [ template_filter ] --END-- [ RunTime:0.002000s ]
INFO: Run Behavior\ParseTemplateBehavior [ RunTime:0.048003s ]
INFO: [ view_parse ] --END-- [ RunTime:0.048003s ]
INFO: [ view_filter ] --START--
INFO: Run Behavior\WriteHtmlCacheBehavior [ RunTime:0.002000s ]
INFO: [ view_filter ] --END-- [ RunTime:0.002000s ]
SQL: SHOW COLUMNS FROM `wfx_shop_label` [ RunTime:0.0040s ]
SQL: SELECT * FROM `wfx_shop_label`  [ RunTime:0.0010s ]
SQL: SHOW COLUMNS FROM `wfx_shop_cate` [ RunTime:0.0030s ]
NOTIC: [2] Missing argument 4 for appTree(), called in D:\wamp\www\wfx\Application\Admin\Controller\ShopController.class.php on line 164 and defined D:\wamp\www\wfx\Application\Common\Common\function.php 第 279 行.
NOTIC: [8] Undefined variable: map D:\wamp\www\wfx\Application\Common\Common\function.php 第 281 行.
SQL: SELECT `id`,`pid`,`name`,`sorts`,concat(path,'-',id) as bpath FROM `wfx_shop_cate` ORDER BY sorts desc  [ RunTime:0.0010s ]
INFO: [ view_parse ] --START--
INFO: [ template_filter ] --START--
INFO: Run Behavior\ContentReplaceBehavior [ RunTime:0.001000s ]
INFO: [ template_filter ] --END-- [ RunTime:-0.133008s ]
NOTIC: [8] Undefined variable: cache D:\wamp\www\wfx\Application\Runtime\Cache\Admin\2f73b4e2349942aaa817bec043f52f9e.php 第 24 行.
NOTIC: [8] Undefined variable: cache D:\wamp\www\wfx\Application\Runtime\Cache\Admin\2f73b4e2349942aaa817bec043f52f9e.php 第 35 行.
NOTIC: [8] Undefined index: _child D:\wamp\www\wfx\Application\Runtime\Cache\Admin\2f73b4e2349942aaa817bec043f52f9e.php 第 36 行.
NOTIC: [8] Undefined variable: cache D:\wamp\www\wfx\Application\Runtime\Cache\Admin\2f73b4e2349942aaa817bec043f52f9e.php 第 35 行.
NOTIC: [8] Undefined index: _child D:\wamp\www\wfx\Application\Runtime\Cache\Admin\2f73b4e2349942aaa817bec043f52f9e.php 第 36 行.
NOTIC: [8] Undefined variable: cache D:\wamp\www\wfx\Application\Runtime\Cache\Admin\2f73b4e2349942aaa817bec043f52f9e.php 第 35 行.
NOTIC: [8] Undefined index: _child D:\wamp\www\wfx\Application\Runtime\Cache\Admin\2f73b4e2349942aaa817bec043f52f9e.php 第 36 行.
NOTIC: [8] Undefined variable: cache D:\wamp\www\wfx\Application\Runtime\Cache\Admin\2f73b4e2349942aaa817bec043f52f9e.php 第 35 行.
NOTIC: [8] Undefined index: _child D:\wamp\www\wfx\Application\Runtime\Cache\Admin\2f73b4e2349942aaa817bec043f52f9e.php 第 36 行.
NOTIC: [8] Undefined variable: cache D:\wamp\www\wfx\Application\Runtime\Cache\Admin\2f73b4e2349942aaa817bec043f52f9e.php 第 35 行.
NOTIC: [8] Undefined index: _child D:\wamp\www\wfx\Application\Runtime\Cache\Admin\2f73b4e2349942aaa817bec043f52f9e.php 第 36 行.
NOTIC: [8] Undefined variable: cache D:\wamp\www\wfx\Application\Runtime\Cache\Admin\2f73b4e2349942aaa817bec043f52f9e.php 第 35 行.
NOTIC: [8] Undefined index: _child D:\wamp\www\wfx\Application\Runtime\Cache\Admin\2f73b4e2349942aaa817bec043f52f9e.php 第 36 行.
NOTIC: [8] Undefined variable: cache D:\wamp\www\wfx\Application\Runtime\Cache\Admin\2f73b4e2349942aaa817bec043f52f9e.php 第 35 行.
NOTIC: [8] Undefined index: _child D:\wamp\www\wfx\Application\Runtime\Cache\Admin\2f73b4e2349942aaa817bec043f52f9e.php 第 36 行.
NOTIC: [8] Undefined variable: cache D:\wamp\www\wfx\Application\Runtime\Cache\Admin\2f73b4e2349942aaa817bec043f52f9e.php 第 35 行.
NOTIC: [8] Undefined index: _child D:\wamp\www\wfx\Application\Runtime\Cache\Admin\2f73b4e2349942aaa817bec043f52f9e.php 第 36 行.
NOTIC: [8] Undefined variable: cache D:\wamp\www\wfx\Application\Runtime\Cache\Admin\2f73b4e2349942aaa817bec043f52f9e.php 第 35 行.
NOTIC: [8] Undefined index: _child D:\wamp\www\wfx\Application\Runtime\Cache\Admin\2f73b4e2349942aaa817bec043f52f9e.php 第 36 行.
NOTIC: [8] Undefined variable: cache D:\wamp\www\wfx\Application\Runtime\Cache\Admin\2f73b4e2349942aaa817bec043f52f9e.php 第 35 行.
NOTIC: [8] Undefined index: _child D:\wamp\www\wfx\Application\Runtime\Cache\Admin\2f73b4e2349942aaa817bec043f52f9e.php 第 36 行.
NOTIC: [8] Undefined variable: cache D:\wamp\www\wfx\Application\Runtime\Cache\Admin\2f73b4e2349942aaa817bec043f52f9e.php 第 46 行.
NOTIC: [8] Undefined variable: cache D:\wamp\www\wfx\Application\Runtime\Cache\Admin\2f73b4e2349942aaa817bec043f52f9e.php 第 53 行.
NOTIC: [8] Undefined variable: cache D:\wamp\www\wfx\Application\Runtime\Cache\Admin\2f73b4e2349942aaa817bec043f52f9e.php 第 64 行.
NOTIC: [8] Undefined variable: cache D:\wamp\www\wfx\Application\Runtime\Cache\Admin\2f73b4e2349942aaa817bec043f52f9e.php 第 75 行.
NOTIC: [8] Undefined variable: cache D:\wamp\www\wfx\Application\Runtime\Cache\Admin\2f73b4e2349942aaa817bec043f52f9e.php 第 86 行.
NOTIC: [8] Undefined variable: cache D:\wamp\www\wfx\Application\Runtime\Cache\Admin\2f73b4e2349942aaa817bec043f52f9e.php 第 96 行.
NOTIC: [8] Undefined variable: cache D:\wamp\www\wfx\Application\Runtime\Cache\Admin\2f73b4e2349942aaa817bec043f52f9e.php 第 102 行.
NOTIC: [8] Undefined variable: cache D:\wamp\www\wfx\Application\Runtime\Cache\Admin\2f73b4e2349942aaa817bec043f52f9e.php 第 108 行.
NOTIC: [8] Undefined variable: cache D:\wamp\www\wfx\Application\Runtime\Cache\Admin\2f73b4e2349942aaa817bec043f52f9e.php 第 118 行.
NOTIC: [8] Undefined variable: cache D:\wamp\www\wfx\Application\Runtime\Cache\Admin\2f73b4e2349942aaa817bec043f52f9e.php 第 126 行.
NOTIC: [8] Undefined variable: cache D:\wamp\www\wfx\Application\Runtime\Cache\Admin\2f73b4e2349942aaa817bec043f52f9e.php 第 133 行.
NOTIC: [8] Undefined variable: cache D:\wamp\www\wfx\Application\Runtime\Cache\Admin\2f73b4e2349942aaa817bec043f52f9e.php 第 134 行.
NOTIC: [8] Undefined variable: cache D:\wamp\www\wfx\Application\Runtime\Cache\Admin\2f73b4e2349942aaa817bec043f52f9e.php 第 143 行.
NOTIC: [8] Undefined variable: cache D:\wamp\www\wfx\Application\Runtime\Cache\Admin\2f73b4e2349942aaa817bec043f52f9e.php 第 144 行.
NOTIC: [8] Undefined variable: cache D:\wamp\www\wfx\Application\Runtime\Cache\Admin\2f73b4e2349942aaa817bec043f52f9e.php 第 153 行.
NOTIC: [8] Undefined variable: cache D:\wamp\www\wfx\Application\Runtime\Cache\Admin\2f73b4e2349942aaa817bec043f52f9e.php 第 154 行.
NOTIC: [8] Undefined variable: cache D:\wamp\www\wfx\Application\Runtime\Cache\Admin\2f73b4e2349942aaa817bec043f52f9e.php 第 162 行.
NOTIC: [8] Undefined variable: cache D:\wamp\www\wfx\Application\Runtime\Cache\Admin\2f73b4e2349942aaa817bec043f52f9e.php 第 169 行.
NOTIC: [8] Undefined variable: cache D:\wamp\www\wfx\Application\Runtime\Cache\Admin\2f73b4e2349942aaa817bec043f52f9e.php 第 169 行.
NOTIC: [8] Undefined variable: cache D:\wamp\www\wfx\Application\Runtime\Cache\Admin\2f73b4e2349942aaa817bec043f52f9e.php 第 173 行.
NOTIC: [8] Undefined variable: cache D:\wamp\www\wfx\Application\Runtime\Cache\Admin\2f73b4e2349942aaa817bec043f52f9e.php 第 178 行.
NOTIC: [8] Undefined variable: cache D:\wamp\www\wfx\Application\Runtime\Cache\Admin\2f73b4e2349942aaa817bec043f52f9e.php 第 184 行.
NOTIC: [8] Undefined variable: cache D:\wamp\www\wfx\Application\Runtime\Cache\Admin\2f73b4e2349942aaa817bec043f52f9e.php 第 190 行.
NOTIC: [8] Undefined variable: cache D:\wamp\www\wfx\Application\Runtime\Cache\Admin\2f73b4e2349942aaa817bec043f52f9e.php 第 199 行.
INFO: Run Behavior\ParseTemplateBehavior [ RunTime:0.152009s ]
INFO: [ view_parse ] --END-- [ RunTime:-0.024001s ]
INFO: [ view_filter ] --START--
INFO: Run Behavior\WriteHtmlCacheBehavior [ RunTime:0.001000s ]
INFO: [ view_filter ] --END-- [ RunTime:-0.175010s ]
INFO: [ app_end ] --START--
INFO: Run Behavior\ShowPageTraceBehavior [ RunTime:0.004000s ]
INFO: [ app_end ] --END-- [ RunTime:0.005000s ]

